<?xml version="1.0" encoding="UTF-8"?>
<testsuite name="com.whatsmine.realtime.Phase16RealtimeParityIntegrationTest" tests="7" skipped="0" failures="0" errors="0" timestamp="2026-09-04T13:48:43" hostname="DESKTOP-8B9F66M" time="0.148">
  <properties/>
  <testcase name="testRealtimeBroadcasterPublishesToRegisteredSubscribers()" classname="com.whatsmine.realtime.Phase16RealtimeParityIntegrationTest" time="0.017"/>
  <testcase name="testBroadcastingAuthWorkspaceChannelDeniedForOtherWorkspace()" classname="com.whatsmine.realtime.Phase16RealtimeParityIntegrationTest" time="0.023"/>
  <testcase name="testBroadcastingAuthWorkspaceChannelSuccess()" classname="com.whatsmine.realtime.Phase16RealtimeParityIntegrationTest" time="0.026"/>
  <testcase name="testHmacSha256SignatureValidation()" classname="com.whatsmine.realtime.Phase16RealtimeParityIntegrationTest" time="0.017"/>
  <testcase name="testBroadcastingAuthPresenceChannelReturnsChannelData()" classname="com.whatsmine.realtime.Phase16RealtimeParityIntegrationTest" time="0.02"/>
  <testcase name="testBroadcastingAuthUserChannelSuccess()" classname="com.whatsmine.realtime.Phase16RealtimeParityIntegrationTest" time="0.021"/>
  <testcase name="testBroadcastingAuthUserChannelDeniedForOtherUser()" classname="com.whatsmine.realtime.Phase16RealtimeParityIntegrationTest" time="0.019"/>
  <system-out><![CDATA[2026-09-04 19:18:43.852  INFO 21412 --- [    Test worker] t.c.s.AnnotationConfigContextLoaderUtils : Could not detect default configuration classes for test class [com.whatsmine.realtime.Phase16RealtimeParityIntegrationTest]: Phase16RealtimeParityIntegrationTest does not declare any static, non-private, non-final, nested classes annotated with @Configuration.
2026-09-04 19:18:43.867  INFO 21412 --- [    Test worker] .b.t.c.SpringBootTestContextBootstrapper : Found @SpringBootConfiguration com.whatsmine.WhatsMineApplication for test class com.whatsmine.realtime.Phase16RealtimeParityIntegrationTest
2026-09-04 19:18:43.870 DEBUG 21412 --- [    Test worker] org.hibernate.SQL                        : select c1_0."id",c1_0."assigned_to",c1_0."assigned_user_id",c1_0."channel_account_id",c1_0."contact_id",c1_0."created_at",c1_0."external_thread_id",c1_0."first_response_at",c1_0."handover_at",c1_0."last_inbound_at",c1_0."last_message_at",c1_0."resolved_at",c1_0."status",c1_0."unread_count",c1_0."updated_at",c1_0."uuid",c1_0."workspace_id" from "conversations" c1_0
Hibernate: select c1_0."id",c1_0."assigned_to",c1_0."assigned_user_id",c1_0."channel_account_id",c1_0."contact_id",c1_0."created_at",c1_0."external_thread_id",c1_0."first_response_at",c1_0."handover_at",c1_0."last_inbound_at",c1_0."last_message_at",c1_0."resolved_at",c1_0."status",c1_0."unread_count",c1_0."updated_at",c1_0."uuid",c1_0."workspace_id" from "conversations" c1_0
2026-09-04 19:18:43.870 DEBUG 21412 --- [    Test worker] org.hibernate.SQL                        : select c1_0."id",c1_0."avatar",c1_0."country",c1_0."created_at",c1_0."custom_fields",c1_0."deleted_at",c1_0."email",c1_0."first_name",c1_0."language",c1_0."last_name",c1_0."last_seen_at",c1_0."lead_id",c1_0."opt_in_email",c1_0."opt_in_sms",c1_0."opt_in_whatsapp",c1_0."phone_e164",c1_0."source",c1_0."updated_at",c1_0."uuid",c1_0."workspace_id" from "contacts" c1_0 where c1_0."id"=?
Hibernate: select c1_0."id",c1_0."avatar",c1_0."country",c1_0."created_at",c1_0."custom_fields",c1_0."deleted_at",c1_0."email",c1_0."first_name",c1_0."language",c1_0."last_name",c1_0."last_seen_at",c1_0."lead_id",c1_0."opt_in_email",c1_0."opt_in_sms",c1_0."opt_in_whatsapp",c1_0."phone_e164",c1_0."source",c1_0."updated_at",c1_0."uuid",c1_0."workspace_id" from "contacts" c1_0 where c1_0."id"=?
2026-09-04 19:18:43.870 DEBUG 21412 --- [    Test worker] org.hibernate.SQL                        : delete from "inbox_label_conversation" where "conversation_id"=?
Hibernate: delete from "inbox_label_conversation" where "conversation_id"=?
2026-09-04 19:18:43.870 DEBUG 21412 --- [    Test worker] org.hibernate.SQL                        : delete from "conversations" where "id"=?
Hibernate: delete from "conversations" where "id"=?
2026-09-04 19:18:43.870 DEBUG 21412 --- [    Test worker] org.hibernate.SQL                        : select u1_0."id",u1_0."avatar",u1_0."client_id",u1_0."client_role",u1_0."created_at",u1_0."display_currency",u1_0."email",u1_0."email_verified_at",u1_0."locale",u1_0."name",u1_0."password",u1_0."remember_token",u1_0."role",u1_0."status",u1_0."theme",u1_0."timezone",u1_0."two_factor_confirmed_at",u1_0."two_factor_recovery_codes",u1_0."two_factor_secret",u1_0."updated_at",u1_0."workspace_id" from "users" u1_0
Hibernate: select u1_0."id",u1_0."avatar",u1_0."client_id",u1_0."client_role",u1_0."created_at",u1_0."display_currency",u1_0."email",u1_0."email_verified_at",u1_0."locale",u1_0."name",u1_0."password",u1_0."remember_token",u1_0."role",u1_0."status",u1_0."theme",u1_0."timezone",u1_0."two_factor_confirmed_at",u1_0."two_factor_recovery_codes",u1_0."two_factor_secret",u1_0."updated_at",u1_0."workspace_id" from "users" u1_0
2026-09-04 19:18:43.875 DEBUG 21412 --- [    Test worker] org.hibernate.SQL                        : delete from "users" where "id"=?
Hibernate: delete from "users" where "id"=?
2026-09-04 19:18:43.875 DEBUG 21412 --- [    Test worker] org.hibernate.SQL                        : delete from "users" where "id"=?
Hibernate: delete from "users" where "id"=?
2026-09-04 19:18:43.877 DEBUG 21412 --- [    Test worker] org.hibernate.SQL                        : select w1_0."id",w1_0."client_id",w1_0."created_at",w1_0."currency_code",w1_0."default_locale",w1_0."name",w1_0."owner_id",w1_0."updated_at" from "workspaces" w1_0
Hibernate: select w1_0."id",w1_0."client_id",w1_0."created_at",w1_0."currency_code",w1_0."default_locale",w1_0."name",w1_0."owner_id",w1_0."updated_at" from "workspaces" w1_0
2026-09-04 19:18:43.878 DEBUG 21412 --- [    Test worker] org.hibernate.SQL                        : delete from "workspaces" where "id"=?
Hibernate: delete from "workspaces" where "id"=?
2026-09-04 19:18:43.879 DEBUG 21412 --- [    Test worker] org.hibernate.SQL                        : delete from "workspaces" where "id"=?
Hibernate: delete from "workspaces" where "id"=?
2026-09-04 19:18:43.880 DEBUG 21412 --- [    Test worker] org.hibernate.SQL                        : insert into "workspaces" ("client_id","created_at","currency_code","default_locale","name","owner_id","updated_at","id") values (?,?,?,?,?,?,?,default)
Hibernate: insert into "workspaces" ("client_id","created_at","currency_code","default_locale","name","owner_id","updated_at","id") values (?,?,?,?,?,?,?,default)
2026-09-04 19:18:43.880 DEBUG 21412 --- [    Test worker] org.hibernate.SQL                        : insert into "users" ("avatar","client_id","client_role","created_at","display_currency","email","email_verified_at","locale","name","password","remember_token","role","status","theme","timezone","two_factor_confirmed_at","two_factor_recovery_codes","two_factor_secret","updated_at","workspace_id","id") values (?,?,?,?,?,?,?,?,?,?,?,?,?,?,?,?,?,?,?,?,default)
Hibernate: insert into "users" ("avatar","client_id","client_role","created_at","display_currency","email","email_verified_at","locale","name","password","remember_token","role","status","theme","timezone","two_factor_confirmed_at","two_factor_recovery_codes","two_factor_secret","updated_at","workspace_id","id") values (?,?,?,?,?,?,?,?,?,?,?,?,?,?,?,?,?,?,?,?,default)
2026-09-04 19:18:43.880 DEBUG 21412 --- [    Test worker] org.hibernate.SQL                        : insert into "workspaces" ("client_id","created_at","currency_code","default_locale","name","owner_id","updated_at","id") values (?,?,?,?,?,?,?,default)
Hibernate: insert into "workspaces" ("client_id","created_at","currency_code","default_locale","name","owner_id","updated_at","id") values (?,?,?,?,?,?,?,default)
2026-09-04 19:18:43.880 DEBUG 21412 --- [    Test worker] org.hibernate.SQL                        : insert into "users" ("avatar","client_id","client_role","created_at","display_currency","email","email_verified_at","locale","name","password","remember_token","role","status","theme","timezone","two_factor_confirmed_at","two_factor_recovery_codes","two_factor_secret","updated_at","workspace_id","id") values (?,?,?,?,?,?,?,?,?,?,?,?,?,?,?,?,?,?,?,?,default)
Hibernate: insert into "users" ("avatar","client_id","client_role","created_at","display_currency","email","email_verified_at","locale","name","password","remember_token","role","status","theme","timezone","two_factor_confirmed_at","two_factor_recovery_codes","two_factor_secret","updated_at","workspace_id","id") values (?,?,?,?,?,?,?,?,?,?,?,?,?,?,?,?,?,?,?,?,default)
2026-09-04 19:18:43.880 DEBUG 21412 --- [    Test worker] org.hibernate.SQL                        : insert into "contacts" ("avatar","country","created_at","custom_fields","deleted_at","email","first_name","language","last_name","last_seen_at","lead_id","opt_in_email","opt_in_sms","opt_in_whatsapp","phone_e164","source","updated_at","uuid","workspace_id","id") values (?,?,?,?,?,?,?,?,?,?,?,?,?,?,?,?,?,?,?,default)
Hibernate: insert into "contacts" ("avatar","country","created_at","custom_fields","deleted_at","email","first_name","language","last_name","last_seen_at","lead_id","opt_in_email","opt_in_sms","opt_in_whatsapp","phone_e164","source","updated_at","uuid","workspace_id","id") values (?,?,?,?,?,?,?,?,?,?,?,?,?,?,?,?,?,?,?,default)
2026-09-04 19:18:43.880 DEBUG 21412 --- [    Test worker] org.hibernate.SQL                        : insert into "conversations" ("assigned_to","assigned_user_id","channel_account_id","contact_id","created_at","external_thread_id","first_response_at","handover_at","last_inbound_at","last_message_at","resolved_at","status","unread_count","updated_at","uuid","workspace_id","id") values (?,?,?,?,?,?,?,?,?,?,?,?,?,?,?,?,default)
Hibernate: insert into "conversations" ("assigned_to","assigned_user_id","channel_account_id","contact_id","created_at","external_thread_id","first_response_at","handover_at","last_inbound_at","last_message_at","resolved_at","status","unread_count","updated_at","uuid","workspace_id","id") values (?,?,?,?,?,?,?,?,?,?,?,?,?,?,?,?,default)
2026-09-04 19:18:43.880 DEBUG 21412 --- [    Test worker] c.w.realtime.RealtimeBroadcaster         : No subscribers registered for channel private-workspace.127, event .MessageReceived
2026-09-04 19:18:43.887 DEBUG 21412 --- [    Test worker] org.hibernate.SQL                        : select c1_0."id",c1_0."assigned_to",c1_0."assigned_user_id",c1_0."channel_account_id",c1_0."contact_id",c1_0."created_at",c1_0."external_thread_id",c1_0."first_response_at",c1_0."handover_at",c1_0."last_inbound_at",c1_0."last_message_at",c1_0."resolved_at",c1_0."status",c1_0."unread_count",c1_0."updated_at",c1_0."uuid",c1_0."workspace_id" from "conversations" c1_0
Hibernate: select c1_0."id",c1_0."assigned_to",c1_0."assigned_user_id",c1_0."channel_account_id",c1_0."contact_id",c1_0."created_at",c1_0."external_thread_id",c1_0."first_response_at",c1_0."handover_at",c1_0."last_inbound_at",c1_0."last_message_at",c1_0."resolved_at",c1_0."status",c1_0."unread_count",c1_0."updated_at",c1_0."uuid",c1_0."workspace_id" from "conversations" c1_0
2026-09-04 19:18:43.890 DEBUG 21412 --- [    Test worker] org.hibernate.SQL                        : select c1_0."id",c1_0."avatar",c1_0."country",c1_0."created_at",c1_0."custom_fields",c1_0."deleted_at",c1_0."email",c1_0."first_name",c1_0."language",c1_0."last_name",c1_0."last_seen_at",c1_0."lead_id",c1_0."opt_in_email",c1_0."opt_in_sms",c1_0."opt_in_whatsapp",c1_0."phone_e164",c1_0."source",c1_0."updated_at",c1_0."uuid",c1_0."workspace_id" from "contacts" c1_0 where c1_0."id"=?
Hibernate: select c1_0."id",c1_0."avatar",c1_0."country",c1_0."created_at",c1_0."custom_fields",c1_0."deleted_at",c1_0."email",c1_0."first_name",c1_0."language",c1_0."last_name",c1_0."last_seen_at",c1_0."lead_id",c1_0."opt_in_email",c1_0."opt_in_sms",c1_0."opt_in_whatsapp",c1_0."phone_e164",c1_0."source",c1_0."updated_at",c1_0."uuid",c1_0."workspace_id" from "contacts" c1_0 where c1_0."id"=?
2026-09-04 19:18:43.890 DEBUG 21412 --- [    Test worker] org.hibernate.SQL                        : delete from "inbox_label_conversation" where "conversation_id"=?
Hibernate: delete from "inbox_label_conversation" where "conversation_id"=?
2026-09-04 19:18:43.890 DEBUG 21412 --- [    Test worker] org.hibernate.SQL                        : delete from "conversations" where "id"=?
Hibernate: delete from "conversations" where "id"=?
2026-09-04 19:18:43.890 DEBUG 21412 --- [    Test worker] org.hibernate.SQL                        : select u1_0."id",u1_0."avatar",u1_0."client_id",u1_0."client_role",u1_0."created_at",u1_0."display_currency",u1_0."email",u1_0."email_verified_at",u1_0."locale",u1_0."name",u1_0."password",u1_0."remember_token",u1_0."role",u1_0."status",u1_0."theme",u1_0."timezone",u1_0."two_factor_confirmed_at",u1_0."two_factor_recovery_codes",u1_0."two_factor_secret",u1_0."updated_at",u1_0."workspace_id" from "users" u1_0
Hibernate: select u1_0."id",u1_0."avatar",u1_0."client_id",u1_0."client_role",u1_0."created_at",u1_0."display_currency",u1_0."email",u1_0."email_verified_at",u1_0."locale",u1_0."name",u1_0."password",u1_0."remember_token",u1_0."role",u1_0."status",u1_0."theme",u1_0."timezone",u1_0."two_factor_confirmed_at",u1_0."two_factor_recovery_codes",u1_0."two_factor_secret",u1_0."updated_at",u1_0."workspace_id" from "users" u1_0
2026-09-04 19:18:43.890 DEBUG 21412 --- [    Test worker] org.hibernate.SQL                        : delete from "users" where "id"=?
Hibernate: delete from "users" where "id"=?
2026-09-04 19:18:43.890 DEBUG 21412 --- [    Test worker] org.hibernate.SQL                        : delete from "users" where "id"=?
Hibernate: delete from "users" where "id"=?
2026-09-04 19:18:43.890 DEBUG 21412 --- [    Test worker] org.hibernate.SQL                        : select w1_0."id",w1_0."client_id",w1_0."created_at",w1_0."currency_code",w1_0."default_locale",w1_0."name",w1_0."owner_id",w1_0."updated_at" from "workspaces" w1_0
Hibernate: select w1_0."id",w1_0."client_id",w1_0."created_at",w1_0."currency_code",w1_0."default_locale",w1_0."name",w1_0."owner_id",w1_0."updated_at" from "workspaces" w1_0
2026-09-04 19:18:43.895 DEBUG 21412 --- [    Test worker] org.hibernate.SQL                        : delete from "workspaces" where "id"=?
Hibernate: delete from "workspaces" where "id"=?
2026-09-04 19:18:43.896 DEBUG 21412 --- [    Test worker] org.hibernate.SQL                        : delete from "workspaces" where "id"=?
Hibernate: delete from "workspaces" where "id"=?
2026-09-04 19:18:43.896 DEBUG 21412 --- [    Test worker] org.hibernate.SQL                        : insert into "workspaces" ("client_id","created_at","currency_code","default_locale","name","owner_id","updated_at","id") values (?,?,?,?,?,?,?,default)
Hibernate: insert into "workspaces" ("client_id","created_at","currency_code","default_locale","name","owner_id","updated_at","id") values (?,?,?,?,?,?,?,default)
2026-09-04 19:18:43.896 DEBUG 21412 --- [    Test worker] org.hibernate.SQL                        : insert into "users" ("avatar","client_id","client_role","created_at","display_currency","email","email_verified_at","locale","name","password","remember_token","role","status","theme","timezone","two_factor_confirmed_at","two_factor_recovery_codes","two_factor_secret","updated_at","workspace_id","id") values (?,?,?,?,?,?,?,?,?,?,?,?,?,?,?,?,?,?,?,?,default)
Hibernate: insert into "users" ("avatar","client_id","client_role","created_at","display_currency","email","email_verified_at","locale","name","password","remember_token","role","status","theme","timezone","two_factor_confirmed_at","two_factor_recovery_codes","two_factor_secret","updated_at","workspace_id","id") values (?,?,?,?,?,?,?,?,?,?,?,?,?,?,?,?,?,?,?,?,default)
2026-09-04 19:18:43.896 DEBUG 21412 --- [    Test worker] org.hibernate.SQL                        : insert into "workspaces" ("client_id","created_at","currency_code","default_locale","name","owner_id","updated_at","id") values (?,?,?,?,?,?,?,default)
Hibernate: insert into "workspaces" ("client_id","created_at","currency_code","default_locale","name","owner_id","updated_at","id") values (?,?,?,?,?,?,?,default)
2026-09-04 19:18:43.900 DEBUG 21412 --- [    Test worker] org.hibernate.SQL                        : insert into "users" ("avatar","client_id","client_role","created_at","display_currency","email","email_verified_at","locale","name","password","remember_token","role","status","theme","timezone","two_factor_confirmed_at","two_factor_recovery_codes","two_factor_secret","updated_at","workspace_id","id") values (?,?,?,?,?,?,?,?,?,?,?,?,?,?,?,?,?,?,?,?,default)
Hibernate: insert into "users" ("avatar","client_id","client_role","created_at","display_currency","email","email_verified_at","locale","name","password","remember_token","role","status","theme","timezone","two_factor_confirmed_at","two_factor_recovery_codes","two_factor_secret","updated_at","workspace_id","id") values (?,?,?,?,?,?,?,?,?,?,?,?,?,?,?,?,?,?,?,?,default)
2026-09-04 19:18:43.900 DEBUG 21412 --- [    Test worker] org.hibernate.SQL                        : insert into "contacts" ("avatar","country","created_at","custom_fields","deleted_at","email","first_name","language","last_name","last_seen_at","lead_id","opt_in_email","opt_in_sms","opt_in_whatsapp","phone_e164","source","updated_at","uuid","workspace_id","id") values (?,?,?,?,?,?,?,?,?,?,?,?,?,?,?,?,?,?,?,default)
Hibernate: insert into "contacts" ("avatar","country","created_at","custom_fields","deleted_at","email","first_name","language","last_name","last_seen_at","lead_id","opt_in_email","opt_in_sms","opt_in_whatsapp","phone_e164","source","updated_at","uuid","workspace_id","id") values (?,?,?,?,?,?,?,?,?,?,?,?,?,?,?,?,?,?,?,default)
2026-09-04 19:18:43.900 DEBUG 21412 --- [    Test worker] org.hibernate.SQL                        : insert into "conversations" ("assigned_to","assigned_user_id","channel_account_id","contact_id","created_at","external_thread_id","first_response_at","handover_at","last_inbound_at","last_message_at","resolved_at","status","unread_count","updated_at","uuid","workspace_id","id") values (?,?,?,?,?,?,?,?,?,?,?,?,?,?,?,?,default)
Hibernate: insert into "conversations" ("assigned_to","assigned_user_id","channel_account_id","contact_id","created_at","external_thread_id","first_response_at","handover_at","last_inbound_at","last_message_at","resolved_at","status","unread_count","updated_at","uuid","workspace_id","id") values (?,?,?,?,?,?,?,?,?,?,?,?,?,?,?,?,default)
2026-09-04 19:18:43.902 DEBUG 21412 --- [    Test worker] org.hibernate.SQL                        : select wu1_0."id",wu1_0."created_at",wu1_0."role",wu1_0."updated_at",wu1_0."user_id",wu1_0."workspace_id" from "workspace_user" wu1_0 where wu1_0."workspace_id"=? and wu1_0."user_id"=?
Hibernate: select wu1_0."id",wu1_0."created_at",wu1_0."role",wu1_0."updated_at",wu1_0."user_id",wu1_0."workspace_id" from "workspace_user" wu1_0 where wu1_0."workspace_id"=? and wu1_0."user_id"=?
2026-09-04 19:18:43.906 DEBUG 21412 --- [    Test worker] org.hibernate.SQL                        : select wu1_0."id",wu1_0."created_at",wu1_0."role",wu1_0."updated_at",wu1_0."user_id",wu1_0."workspace_id" from "workspace_user" wu1_0 where wu1_0."workspace_id"=? and wu1_0."user_id"=?
Hibernate: select wu1_0."id",wu1_0."created_at",wu1_0."role",wu1_0."updated_at",wu1_0."user_id",wu1_0."workspace_id" from "workspace_user" wu1_0 where wu1_0."workspace_id"=? and wu1_0."user_id"=?
2026-09-04 19:18:43.906  WARN 21412 --- [    Test worker] c.w.c.b.BroadcastingAuthController       : Broadcasting auth denied for user 128 on channel private-workspace.130
2026-09-04 19:18:43.912 DEBUG 21412 --- [    Test worker] org.hibernate.SQL                        : select c1_0."id",c1_0."assigned_to",c1_0."assigned_user_id",c1_0."channel_account_id",c1_0."contact_id",c1_0."created_at",c1_0."external_thread_id",c1_0."first_response_at",c1_0."handover_at",c1_0."last_inbound_at",c1_0."last_message_at",c1_0."resolved_at",c1_0."status",c1_0."unread_count",c1_0."updated_at",c1_0."uuid",c1_0."workspace_id" from "conversations" c1_0
Hibernate: select c1_0."id",c1_0."assigned_to",c1_0."assigned_user_id",c1_0."channel_account_id",c1_0."contact_id",c1_0."created_at",c1_0."external_thread_id",c1_0."first_response_at",c1_0."handover_at",c1_0."last_inbound_at",c1_0."last_message_at",c1_0."resolved_at",c1_0."status",c1_0."unread_count",c1_0."updated_at",c1_0."uuid",c1_0."workspace_id" from "conversations" c1_0
2026-09-04 19:18:43.912 DEBUG 21412 --- [    Test worker] org.hibernate.SQL                        : select c1_0."id",c1_0."avatar",c1_0."country",c1_0."created_at",c1_0."custom_fields",c1_0."deleted_at",c1_0."email",c1_0."first_name",c1_0."language",c1_0."last_name",c1_0."last_seen_at",c1_0."lead_id",c1_0."opt_in_email",c1_0."opt_in_sms",c1_0."opt_in_whatsapp",c1_0."phone_e164",c1_0."source",c1_0."updated_at",c1_0."uuid",c1_0."workspace_id" from "contacts" c1_0 where c1_0."id"=?
Hibernate: select c1_0."id",c1_0."avatar",c1_0."country",c1_0."created_at",c1_0."custom_fields",c1_0."deleted_at",c1_0."email",c1_0."first_name",c1_0."language",c1_0."last_name",c1_0."last_seen_at",c1_0."lead_id",c1_0."opt_in_email",c1_0."opt_in_sms",c1_0."opt_in_whatsapp",c1_0."phone_e164",c1_0."source",c1_0."updated_at",c1_0."uuid",c1_0."workspace_id" from "contacts" c1_0 where c1_0."id"=?
2026-09-04 19:18:43.912 DEBUG 21412 --- [    Test worker] org.hibernate.SQL                        : delete from "inbox_label_conversation" where "conversation_id"=?
Hibernate: delete from "inbox_label_conversation" where "conversation_id"=?
2026-09-04 19:18:43.912 DEBUG 21412 --- [    Test worker] org.hibernate.SQL                        : delete from "conversations" where "id"=?
Hibernate: delete from "conversations" where "id"=?
2026-09-04 19:18:43.916 DEBUG 21412 --- [    Test worker] org.hibernate.SQL                        : select u1_0."id",u1_0."avatar",u1_0."client_id",u1_0."client_role",u1_0."created_at",u1_0."display_currency",u1_0."email",u1_0."email_verified_at",u1_0."locale",u1_0."name",u1_0."password",u1_0."remember_token",u1_0."role",u1_0."status",u1_0."theme",u1_0."timezone",u1_0."two_factor_confirmed_at",u1_0."two_factor_recovery_codes",u1_0."two_factor_secret",u1_0."updated_at",u1_0."workspace_id" from "users" u1_0
Hibernate: select u1_0."id",u1_0."avatar",u1_0."client_id",u1_0."client_role",u1_0."created_at",u1_0."display_currency",u1_0."email",u1_0."email_verified_at",u1_0."locale",u1_0."name",u1_0."password",u1_0."remember_token",u1_0."role",u1_0."status",u1_0."theme",u1_0."timezone",u1_0."two_factor_confirmed_at",u1_0."two_factor_recovery_codes",u1_0."two_factor_secret",u1_0."updated_at",u1_0."workspace_id" from "users" u1_0
2026-09-04 19:18:43.917 DEBUG 21412 --- [    Test worker] org.hibernate.SQL                        : delete from "users" where "id"=?
Hibernate: delete from "users" where "id"=?
2026-09-04 19:18:43.917 DEBUG 21412 --- [    Test worker] org.hibernate.SQL                        : delete from "users" where "id"=?
Hibernate: delete from "users" where "id"=?
2026-09-04 19:18:43.917 DEBUG 21412 --- [    Test worker] org.hibernate.SQL                        : select w1_0."id",w1_0."client_id",w1_0."created_at",w1_0."currency_code",w1_0."default_locale",w1_0."name",w1_0."owner_id",w1_0."updated_at" from "workspaces" w1_0
Hibernate: select w1_0."id",w1_0."client_id",w1_0."created_at",w1_0."currency_code",w1_0."default_locale",w1_0."name",w1_0."owner_id",w1_0."updated_at" from "workspaces" w1_0
2026-09-04 19:18:43.917 DEBUG 21412 --- [    Test worker] org.hibernate.SQL                        : delete from "workspaces" where "id"=?
Hibernate: delete from "workspaces" where "id"=?
2026-09-04 19:18:43.917 DEBUG 21412 --- [    Test worker] org.hibernate.SQL                        : delete from "workspaces" where "id"=?
Hibernate: delete from "workspaces" where "id"=?
2026-09-04 19:18:43.920 DEBUG 21412 --- [    Test worker] org.hibernate.SQL                        : insert into "workspaces" ("client_id","created_at","currency_code","default_locale","name","owner_id","updated_at","id") values (?,?,?,?,?,?,?,default)
Hibernate: insert into "workspaces" ("client_id","created_at","currency_code","default_locale","name","owner_id","updated_at","id") values (?,?,?,?,?,?,?,default)
2026-09-04 19:18:43.920 DEBUG 21412 --- [    Test worker] org.hibernate.SQL                        : insert into "users" ("avatar","client_id","client_role","created_at","display_currency","email","email_verified_at","locale","name","password","remember_token","role","status","theme","timezone","two_factor_confirmed_at","two_factor_recovery_codes","two_factor_secret","updated_at","workspace_id","id") values (?,?,?,?,?,?,?,?,?,?,?,?,?,?,?,?,?,?,?,?,default)
Hibernate: insert into "users" ("avatar","client_id","client_role","created_at","display_currency","email","email_verified_at","locale","name","password","remember_token","role","status","theme","timezone","two_factor_confirmed_at","two_factor_recovery_codes","two_factor_secret","updated_at","workspace_id","id") values (?,?,?,?,?,?,?,?,?,?,?,?,?,?,?,?,?,?,?,?,default)
2026-09-04 19:18:43.920 DEBUG 21412 --- [    Test worker] org.hibernate.SQL                        : insert into "workspaces" ("client_id","created_at","currency_code","default_locale","name","owner_id","updated_at","id") values (?,?,?,?,?,?,?,default)
Hibernate: insert into "workspaces" ("client_id","created_at","currency_code","default_locale","name","owner_id","updated_at","id") values (?,?,?,?,?,?,?,default)
2026-09-04 19:18:43.920 DEBUG 21412 --- [    Test worker] org.hibernate.SQL                        : insert into "users" ("avatar","client_id","client_role","created_at","display_currency","email","email_verified_at","locale","name","password","remember_token","role","status","theme","timezone","two_factor_confirmed_at","two_factor_recovery_codes","two_factor_secret","updated_at","workspace_id","id") values (?,?,?,?,?,?,?,?,?,?,?,?,?,?,?,?,?,?,?,?,default)
Hibernate: insert into "users" ("avatar","client_id","client_role","created_at","display_currency","email","email_verified_at","locale","name","password","remember_token","role","status","theme","timezone","two_factor_confirmed_at","two_factor_recovery_codes","two_factor_secret","updated_at","workspace_id","id") values (?,?,?,?,?,?,?,?,?,?,?,?,?,?,?,?,?,?,?,?,default)
2026-09-04 19:18:43.920 DEBUG 21412 --- [    Test worker] org.hibernate.SQL                        : insert into "contacts" ("avatar","country","created_at","custom_fields","deleted_at","email","first_name","language","last_name","last_seen_at","lead_id","opt_in_email","opt_in_sms","opt_in_whatsapp","phone_e164","source","updated_at","uuid","workspace_id","id") values (?,?,?,?,?,?,?,?,?,?,?,?,?,?,?,?,?,?,?,default)
Hibernate: insert into "contacts" ("avatar","country","created_at","custom_fields","deleted_at","email","first_name","language","last_name","last_seen_at","lead_id","opt_in_email","opt_in_sms","opt_in_whatsapp","phone_e164","source","updated_at","uuid","workspace_id","id") values (?,?,?,?,?,?,?,?,?,?,?,?,?,?,?,?,?,?,?,default)
2026-09-04 19:18:43.920 DEBUG 21412 --- [    Test worker] org.hibernate.SQL                        : insert into "conversations" ("assigned_to","assigned_user_id","channel_account_id","contact_id","created_at","external_thread_id","first_response_at","handover_at","last_inbound_at","last_message_at","resolved_at","status","unread_count","updated_at","uuid","workspace_id","id") values (?,?,?,?,?,?,?,?,?,?,?,?,?,?,?,?,default)
Hibernate: insert into "conversations" ("assigned_to","assigned_user_id","channel_account_id","contact_id","created_at","external_thread_id","first_response_at","handover_at","last_inbound_at","last_message_at","resolved_at","status","unread_count","updated_at","uuid","workspace_id","id") values (?,?,?,?,?,?,?,?,?,?,?,?,?,?,?,?,default)
2026-09-04 19:18:43.920 DEBUG 21412 --- [    Test worker] org.hibernate.SQL                        : select wu1_0."id",wu1_0."created_at",wu1_0."role",wu1_0."updated_at",wu1_0."user_id",wu1_0."workspace_id" from "workspace_user" wu1_0 where wu1_0."workspace_id"=? and wu1_0."user_id"=?
Hibernate: select wu1_0."id",wu1_0."created_at",wu1_0."role",wu1_0."updated_at",wu1_0."user_id",wu1_0."workspace_id" from "workspace_user" wu1_0 where wu1_0."workspace_id"=? and wu1_0."user_id"=?
2026-09-04 19:18:43.920 DEBUG 21412 --- [    Test worker] org.hibernate.SQL                        : select ss1_0."id",ss1_0."created_at",ss1_0."group",ss1_0."key",ss1_0."type",ss1_0."updated_at",ss1_0."value" from "system_settings" ss1_0 where ss1_0."key"=?
Hibernate: select ss1_0."id",ss1_0."created_at",ss1_0."group",ss1_0."key",ss1_0."type",ss1_0."updated_at",ss1_0."value" from "system_settings" ss1_0 where ss1_0."key"=?
2026-09-04 19:18:43.930 DEBUG 21412 --- [    Test worker] org.hibernate.SQL                        : select ss1_0."id",ss1_0."created_at",ss1_0."group",ss1_0."key",ss1_0."type",ss1_0."updated_at",ss1_0."value" from "system_settings" ss1_0 where ss1_0."key"=?
Hibernate: select ss1_0."id",ss1_0."created_at",ss1_0."group",ss1_0."key",ss1_0."type",ss1_0."updated_at",ss1_0."value" from "system_settings" ss1_0 where ss1_0."key"=?
2026-09-04 19:18:43.939 DEBUG 21412 --- [    Test worker] org.hibernate.SQL                        : select c1_0."id",c1_0."assigned_to",c1_0."assigned_user_id",c1_0."channel_account_id",c1_0."contact_id",c1_0."created_at",c1_0."external_thread_id",c1_0."first_response_at",c1_0."handover_at",c1_0."last_inbound_at",c1_0."last_message_at",c1_0."resolved_at",c1_0."status",c1_0."unread_count",c1_0."updated_at",c1_0."uuid",c1_0."workspace_id" from "conversations" c1_0
Hibernate: select c1_0."id",c1_0."assigned_to",c1_0."assigned_user_id",c1_0."channel_account_id",c1_0."contact_id",c1_0."created_at",c1_0."external_thread_id",c1_0."first_response_at",c1_0."handover_at",c1_0."last_inbound_at",c1_0."last_message_at",c1_0."resolved_at",c1_0."status",c1_0."unread_count",c1_0."updated_at",c1_0."uuid",c1_0."workspace_id" from "conversations" c1_0
2026-09-04 19:18:43.940 DEBUG 21412 --- [    Test worker] org.hibernate.SQL                        : select c1_0."id",c1_0."avatar",c1_0."country",c1_0."created_at",c1_0."custom_fields",c1_0."deleted_at",c1_0."email",c1_0."first_name",c1_0."language",c1_0."last_name",c1_0."last_seen_at",c1_0."lead_id",c1_0."opt_in_email",c1_0."opt_in_sms",c1_0."opt_in_whatsapp",c1_0."phone_e164",c1_0."source",c1_0."updated_at",c1_0."uuid",c1_0."workspace_id" from "contacts" c1_0 where c1_0."id"=?
Hibernate: select c1_0."id",c1_0."avatar",c1_0."country",c1_0."created_at",c1_0."custom_fields",c1_0."deleted_at",c1_0."email",c1_0."first_name",c1_0."language",c1_0."last_name",c1_0."last_seen_at",c1_0."lead_id",c1_0."opt_in_email",c1_0."opt_in_sms",c1_0."opt_in_whatsapp",c1_0."phone_e164",c1_0."source",c1_0."updated_at",c1_0."uuid",c1_0."workspace_id" from "contacts" c1_0 where c1_0."id"=?
2026-09-04 19:18:43.940 DEBUG 21412 --- [    Test worker] org.hibernate.SQL                        : delete from "inbox_label_conversation" where "conversation_id"=?
Hibernate: delete from "inbox_label_conversation" where "conversation_id"=?
2026-09-04 19:18:43.940 DEBUG 21412 --- [    Test worker] org.hibernate.SQL                        : delete from "conversations" where "id"=?
Hibernate: delete from "conversations" where "id"=?
2026-09-04 19:18:43.942 DEBUG 21412 --- [    Test worker] org.hibernate.SQL                        : select u1_0."id",u1_0."avatar",u1_0."client_id",u1_0."client_role",u1_0."created_at",u1_0."display_currency",u1_0."email",u1_0."email_verified_at",u1_0."locale",u1_0."name",u1_0."password",u1_0."remember_token",u1_0."role",u1_0."status",u1_0."theme",u1_0."timezone",u1_0."two_factor_confirmed_at",u1_0."two_factor_recovery_codes",u1_0."two_factor_secret",u1_0."updated_at",u1_0."workspace_id" from "users" u1_0
Hibernate: select u1_0."id",u1_0."avatar",u1_0."client_id",u1_0."client_role",u1_0."created_at",u1_0."display_currency",u1_0."email",u1_0."email_verified_at",u1_0."locale",u1_0."name",u1_0."password",u1_0."remember_token",u1_0."role",u1_0."status",u1_0."theme",u1_0."timezone",u1_0."two_factor_confirmed_at",u1_0."two_factor_recovery_codes",u1_0."two_factor_secret",u1_0."updated_at",u1_0."workspace_id" from "users" u1_0
2026-09-04 19:18:43.942 DEBUG 21412 --- [    Test worker] org.hibernate.SQL                        : delete from "users" where "id"=?
Hibernate: delete from "users" where "id"=?
2026-09-04 19:18:43.942 DEBUG 21412 --- [    Test worker] org.hibernate.SQL                        : delete from "users" where "id"=?
Hibernate: delete from "users" where "id"=?
2026-09-04 19:18:43.942 DEBUG 21412 --- [    Test worker] org.hibernate.SQL                        : select w1_0."id",w1_0."client_id",w1_0."created_at",w1_0."currency_code",w1_0."default_locale",w1_0."name",w1_0."owner_id",w1_0."updated_at" from "workspaces" w1_0
Hibernate: select w1_0."id",w1_0."client_id",w1_0."created_at",w1_0."currency_code",w1_0."default_locale",w1_0."name",w1_0."owner_id",w1_0."updated_at" from "workspaces" w1_0
2026-09-04 19:18:43.944 DEBUG 21412 --- [    Test worker] org.hibernate.SQL                        : delete from "workspaces" where "id"=?
Hibernate: delete from "workspaces" where "id"=?
2026-09-04 19:18:43.944 DEBUG 21412 --- [    Test worker] org.hibernate.SQL                        : delete from "workspaces" where "id"=?
Hibernate: delete from "workspaces" where "id"=?
2026-09-04 19:18:43.946 DEBUG 21412 --- [    Test worker] org.hibernate.SQL                        : insert into "workspaces" ("client_id","created_at","currency_code","default_locale","name","owner_id","updated_at","id") values (?,?,?,?,?,?,?,default)
Hibernate: insert into "workspaces" ("client_id","created_at","currency_code","default_locale","name","owner_id","updated_at","id") values (?,?,?,?,?,?,?,default)
2026-09-04 19:18:43.946 DEBUG 21412 --- [    Test worker] org.hibernate.SQL                        : insert into "users" ("avatar","client_id","client_role","created_at","display_currency","email","email_verified_at","locale","name","password","remember_token","role","status","theme","timezone","two_factor_confirmed_at","two_factor_recovery_codes","two_factor_secret","updated_at","workspace_id","id") values (?,?,?,?,?,?,?,?,?,?,?,?,?,?,?,?,?,?,?,?,default)
Hibernate: insert into "users" ("avatar","client_id","client_role","created_at","display_currency","email","email_verified_at","locale","name","password","remember_token","role","status","theme","timezone","two_factor_confirmed_at","two_factor_recovery_codes","two_factor_secret","updated_at","workspace_id","id") values (?,?,?,?,?,?,?,?,?,?,?,?,?,?,?,?,?,?,?,?,default)
2026-09-04 19:18:43.946 DEBUG 21412 --- [    Test worker] org.hibernate.SQL                        : insert into "workspaces" ("client_id","created_at","currency_code","default_locale","name","owner_id","updated_at","id") values (?,?,?,?,?,?,?,default)
Hibernate: insert into "workspaces" ("client_id","created_at","currency_code","default_locale","name","owner_id","updated_at","id") values (?,?,?,?,?,?,?,default)
2026-09-04 19:18:43.946 DEBUG 21412 --- [    Test worker] org.hibernate.SQL                        : insert into "users" ("avatar","client_id","client_role","created_at","display_currency","email","email_verified_at","locale","name","password","remember_token","role","status","theme","timezone","two_factor_confirmed_at","two_factor_recovery_codes","two_factor_secret","updated_at","workspace_id","id") values (?,?,?,?,?,?,?,?,?,?,?,?,?,?,?,?,?,?,?,?,default)
Hibernate: insert into "users" ("avatar","client_id","client_role","created_at","display_currency","email","email_verified_at","locale","name","password","remember_token","role","status","theme","timezone","two_factor_confirmed_at","two_factor_recovery_codes","two_factor_secret","updated_at","workspace_id","id") values (?,?,?,?,?,?,?,?,?,?,?,?,?,?,?,?,?,?,?,?,default)
2026-09-04 19:18:43.946 DEBUG 21412 --- [    Test worker] org.hibernate.SQL                        : insert into "contacts" ("avatar","country","created_at","custom_fields","deleted_at","email","first_name","language","last_name","last_seen_at","lead_id","opt_in_email","opt_in_sms","opt_in_whatsapp","phone_e164","source","updated_at","uuid","workspace_id","id") values (?,?,?,?,?,?,?,?,?,?,?,?,?,?,?,?,?,?,?,default)
Hibernate: insert into "contacts" ("avatar","country","created_at","custom_fields","deleted_at","email","first_name","language","last_name","last_seen_at","lead_id","opt_in_email","opt_in_sms","opt_in_whatsapp","phone_e164","source","updated_at","uuid","workspace_id","id") values (?,?,?,?,?,?,?,?,?,?,?,?,?,?,?,?,?,?,?,default)
2026-09-04 19:18:43.950 DEBUG 21412 --- [    Test worker] org.hibernate.SQL                        : insert into "conversations" ("assigned_to","assigned_user_id","channel_account_id","contact_id","created_at","external_thread_id","first_response_at","handover_at","last_inbound_at","last_message_at","resolved_at","status","unread_count","updated_at","uuid","workspace_id","id") values (?,?,?,?,?,?,?,?,?,?,?,?,?,?,?,?,default)
Hibernate: insert into "conversations" ("assigned_to","assigned_user_id","channel_account_id","contact_id","created_at","external_thread_id","first_response_at","handover_at","last_inbound_at","last_message_at","resolved_at","status","unread_count","updated_at","uuid","workspace_id","id") values (?,?,?,?,?,?,?,?,?,?,?,?,?,?,?,?,default)
2026-09-04 19:18:43.955 DEBUG 21412 --- [    Test worker] org.hibernate.SQL                        : select c1_0."id",c1_0."assigned_to",c1_0."assigned_user_id",c1_0."channel_account_id",c1_0."contact_id",c1_0."created_at",c1_0."external_thread_id",c1_0."first_response_at",c1_0."handover_at",c1_0."last_inbound_at",c1_0."last_message_at",c1_0."resolved_at",c1_0."status",c1_0."unread_count",c1_0."updated_at",c1_0."uuid",c1_0."workspace_id" from "conversations" c1_0
Hibernate: select c1_0."id",c1_0."assigned_to",c1_0."assigned_user_id",c1_0."channel_account_id",c1_0."contact_id",c1_0."created_at",c1_0."external_thread_id",c1_0."first_response_at",c1_0."handover_at",c1_0."last_inbound_at",c1_0."last_message_at",c1_0."resolved_at",c1_0."status",c1_0."unread_count",c1_0."updated_at",c1_0."uuid",c1_0."workspace_id" from "conversations" c1_0
2026-09-04 19:18:43.957 DEBUG 21412 --- [    Test worker] org.hibernate.SQL                        : select c1_0."id",c1_0."avatar",c1_0."country",c1_0."created_at",c1_0."custom_fields",c1_0."deleted_at",c1_0."email",c1_0."first_name",c1_0."language",c1_0."last_name",c1_0."last_seen_at",c1_0."lead_id",c1_0."opt_in_email",c1_0."opt_in_sms",c1_0."opt_in_whatsapp",c1_0."phone_e164",c1_0."source",c1_0."updated_at",c1_0."uuid",c1_0."workspace_id" from "contacts" c1_0 where c1_0."id"=?
Hibernate: select c1_0."id",c1_0."avatar",c1_0."country",c1_0."created_at",c1_0."custom_fields",c1_0."deleted_at",c1_0."email",c1_0."first_name",c1_0."language",c1_0."last_name",c1_0."last_seen_at",c1_0."lead_id",c1_0."opt_in_email",c1_0."opt_in_sms",c1_0."opt_in_whatsapp",c1_0."phone_e164",c1_0."source",c1_0."updated_at",c1_0."uuid",c1_0."workspace_id" from "contacts" c1_0 where c1_0."id"=?
2026-09-04 19:18:43.957 DEBUG 21412 --- [    Test worker] org.hibernate.SQL                        : delete from "inbox_label_conversation" where "conversation_id"=?
Hibernate: delete from "inbox_label_conversation" where "conversation_id"=?
2026-09-04 19:18:43.957 DEBUG 21412 --- [    Test worker] org.hibernate.SQL                        : delete from "conversations" where "id"=?
Hibernate: delete from "conversations" where "id"=?
2026-09-04 19:18:43.957 DEBUG 21412 --- [    Test worker] org.hibernate.SQL                        : select u1_0."id",u1_0."avatar",u1_0."client_id",u1_0."client_role",u1_0."created_at",u1_0."display_currency",u1_0."email",u1_0."email_verified_at",u1_0."locale",u1_0."name",u1_0."password",u1_0."remember_token",u1_0."role",u1_0."status",u1_0."theme",u1_0."timezone",u1_0."two_factor_confirmed_at",u1_0."two_factor_recovery_codes",u1_0."two_factor_secret",u1_0."updated_at",u1_0."workspace_id" from "users" u1_0
Hibernate: select u1_0."id",u1_0."avatar",u1_0."client_id",u1_0."client_role",u1_0."created_at",u1_0."display_currency",u1_0."email",u1_0."email_verified_at",u1_0."locale",u1_0."name",u1_0."password",u1_0."remember_token",u1_0."role",u1_0."status",u1_0."theme",u1_0."timezone",u1_0."two_factor_confirmed_at",u1_0."two_factor_recovery_codes",u1_0."two_factor_secret",u1_0."updated_at",u1_0."workspace_id" from "users" u1_0
2026-09-04 19:18:43.957 DEBUG 21412 --- [    Test worker] org.hibernate.SQL                        : delete from "users" where "id"=?
Hibernate: delete from "users" where "id"=?
2026-09-04 19:18:43.957 DEBUG 21412 --- [    Test worker] org.hibernate.SQL                        : delete from "users" where "id"=?
Hibernate: delete from "users" where "id"=?
2026-09-04 19:18:43.960 DEBUG 21412 --- [    Test worker] org.hibernate.SQL                        : select w1_0."id",w1_0."client_id",w1_0."created_at",w1_0."currency_code",w1_0."default_locale",w1_0."name",w1_0."owner_id",w1_0."updated_at" from "workspaces" w1_0
Hibernate: select w1_0."id",w1_0."client_id",w1_0."created_at",w1_0."currency_code",w1_0."default_locale",w1_0."name",w1_0."owner_id",w1_0."updated_at" from "workspaces" w1_0
2026-09-04 19:18:43.961 DEBUG 21412 --- [    Test worker] org.hibernate.SQL                        : delete from "workspaces" where "id"=?
Hibernate: delete from "workspaces" where "id"=?
2026-09-04 19:18:43.961 DEBUG 21412 --- [    Test worker] org.hibernate.SQL                        : delete from "workspaces" where "id"=?
Hibernate: delete from "workspaces" where "id"=?
2026-09-04 19:18:43.962 DEBUG 21412 --- [    Test worker] org.hibernate.SQL                        : insert into "workspaces" ("client_id","created_at","currency_code","default_locale","name","owner_id","updated_at","id") values (?,?,?,?,?,?,?,default)
Hibernate: insert into "workspaces" ("client_id","created_at","currency_code","default_locale","name","owner_id","updated_at","id") values (?,?,?,?,?,?,?,default)
2026-09-04 19:18:43.962 DEBUG 21412 --- [    Test worker] org.hibernate.SQL                        : insert into "users" ("avatar","client_id","client_role","created_at","display_currency","email","email_verified_at","locale","name","password","remember_token","role","status","theme","timezone","two_factor_confirmed_at","two_factor_recovery_codes","two_factor_secret","updated_at","workspace_id","id") values (?,?,?,?,?,?,?,?,?,?,?,?,?,?,?,?,?,?,?,?,default)
Hibernate: insert into "users" ("avatar","client_id","client_role","created_at","display_currency","email","email_verified_at","locale","name","password","remember_token","role","status","theme","timezone","two_factor_confirmed_at","two_factor_recovery_codes","two_factor_secret","updated_at","workspace_id","id") values (?,?,?,?,?,?,?,?,?,?,?,?,?,?,?,?,?,?,?,?,default)
2026-09-04 19:18:43.962 DEBUG 21412 --- [    Test worker] org.hibernate.SQL                        : insert into "workspaces" ("client_id","created_at","currency_code","default_locale","name","owner_id","updated_at","id") values (?,?,?,?,?,?,?,default)
Hibernate: insert into "workspaces" ("client_id","created_at","currency_code","default_locale","name","owner_id","updated_at","id") values (?,?,?,?,?,?,?,default)
2026-09-04 19:18:43.962 DEBUG 21412 --- [    Test worker] org.hibernate.SQL                        : insert into "users" ("avatar","client_id","client_role","created_at","display_currency","email","email_verified_at","locale","name","password","remember_token","role","status","theme","timezone","two_factor_confirmed_at","two_factor_recovery_codes","two_factor_secret","updated_at","workspace_id","id") values (?,?,?,?,?,?,?,?,?,?,?,?,?,?,?,?,?,?,?,?,default)
Hibernate: insert into "users" ("avatar","client_id","client_role","created_at","display_currency","email","email_verified_at","locale","name","password","remember_token","role","status","theme","timezone","two_factor_confirmed_at","two_factor_recovery_codes","two_factor_secret","updated_at","workspace_id","id") values (?,?,?,?,?,?,?,?,?,?,?,?,?,?,?,?,?,?,?,?,default)
2026-09-04 19:18:43.962 DEBUG 21412 --- [    Test worker] org.hibernate.SQL                        : insert into "contacts" ("avatar","country","created_at","custom_fields","deleted_at","email","first_name","language","last_name","last_seen_at","lead_id","opt_in_email","opt_in_sms","opt_in_whatsapp","phone_e164","source","updated_at","uuid","workspace_id","id") values (?,?,?,?,?,?,?,?,?,?,?,?,?,?,?,?,?,?,?,default)
Hibernate: insert into "contacts" ("avatar","country","created_at","custom_fields","deleted_at","email","first_name","language","last_name","last_seen_at","lead_id","opt_in_email","opt_in_sms","opt_in_whatsapp","phone_e164","source","updated_at","uuid","workspace_id","id") values (?,?,?,?,?,?,?,?,?,?,?,?,?,?,?,?,?,?,?,default)
2026-09-04 19:18:43.965 DEBUG 21412 --- [    Test worker] org.hibernate.SQL                        : insert into "conversations" ("assigned_to","assigned_user_id","channel_account_id","contact_id","created_at","external_thread_id","first_response_at","handover_at","last_inbound_at","last_message_at","resolved_at","status","unread_count","updated_at","uuid","workspace_id","id") values (?,?,?,?,?,?,?,?,?,?,?,?,?,?,?,?,default)
Hibernate: insert into "conversations" ("assigned_to","assigned_user_id","channel_account_id","contact_id","created_at","external_thread_id","first_response_at","handover_at","last_inbound_at","last_message_at","resolved_at","status","unread_count","updated_at","uuid","workspace_id","id") values (?,?,?,?,?,?,?,?,?,?,?,?,?,?,?,?,default)
2026-09-04 19:18:43.967 DEBUG 21412 --- [    Test worker] org.hibernate.SQL                        : select wu1_0."id",wu1_0."created_at",wu1_0."role",wu1_0."updated_at",wu1_0."user_id",wu1_0."workspace_id" from "workspace_user" wu1_0 where wu1_0."workspace_id"=? and wu1_0."user_id"=?
Hibernate: select wu1_0."id",wu1_0."created_at",wu1_0."role",wu1_0."updated_at",wu1_0."user_id",wu1_0."workspace_id" from "workspace_user" wu1_0 where wu1_0."workspace_id"=? and wu1_0."user_id"=?
2026-09-04 19:18:43.967 DEBUG 21412 --- [    Test worker] org.hibernate.SQL                        : select c1_0."id",c1_0."assigned_to",au1_0."id",au1_0."avatar",au1_0."client_id",au1_0."client_role",au1_0."created_at",au1_0."display_currency",au1_0."email",au1_0."email_verified_at",au1_0."locale",au1_0."name",au1_0."password",au1_0."remember_token",au1_0."role",au1_0."status",au1_0."theme",au1_0."timezone",au1_0."two_factor_confirmed_at",au1_0."two_factor_recovery_codes",au1_0."two_factor_secret",au1_0."updated_at",au1_0."workspace_id",c1_0."assigned_user_id",ca1_0."id",ca1_0."business_account_id",ca1_0."channel",ca1_0."created_at",ca1_0."credentials",ca1_0."display_name",ca1_0."meta_json",ca1_0."phone_number_id",ca1_0."provider",ca1_0."status",ca1_0."updated_at",ca1_0."workspace_id",c1_0."channel_account_id",c2_0."id",c2_0."avatar",c2_0."country",c2_0."created_at",c2_0."custom_fields",c2_0."deleted_at",c2_0."email",c2_0."first_name",c2_0."language",c2_0."last_name",c2_0."last_seen_at",c2_0."lead_id",c2_0."opt_in_email",c2_0."opt_in_sms",c2_0."opt_in_whatsapp",c2_0."phone_e164",c2_0."source",c2_0."updated_at",c2_0."uuid",c2_0."workspace_id",c1_0."contact_id",c1_0."created_at",c1_0."external_thread_id",c1_0."first_response_at",c1_0."handover_at",c1_0."last_inbound_at",c1_0."last_message_at",c1_0."resolved_at",c1_0."status",c1_0."unread_count",c1_0."updated_at",c1_0."uuid",c1_0."workspace_id" from "conversations" c1_0 left join "users" au1_0 on au1_0."id"=c1_0."assigned_user_id" left join "channel_accounts" ca1_0 on ca1_0."id"=c1_0."channel_account_id" left join "contacts" c2_0 on c2_0."id"=c1_0."contact_id" where c1_0."id"=?
Hibernate: select c1_0."id",c1_0."assigned_to",au1_0."id",au1_0."avatar",au1_0."client_id",au1_0."client_role",au1_0."created_at",au1_0."display_currency",au1_0."email",au1_0."email_verified_at",au1_0."locale",au1_0."name",au1_0."password",au1_0."remember_token",au1_0."role",au1_0."status",au1_0."theme",au1_0."timezone",au1_0."two_factor_confirmed_at",au1_0."two_factor_recovery_codes",au1_0."two_factor_secret",au1_0."updated_at",au1_0."workspace_id",c1_0."assigned_user_id",ca1_0."id",ca1_0."business_account_id",ca1_0."channel",ca1_0."created_at",ca1_0."credentials",ca1_0."display_name",ca1_0."meta_json",ca1_0."phone_number_id",ca1_0."provider",ca1_0."status",ca1_0."updated_at",ca1_0."workspace_id",c1_0."channel_account_id",c2_0."id",c2_0."avatar",c2_0."country",c2_0."created_at",c2_0."custom_fields",c2_0."deleted_at",c2_0."email",c2_0."first_name",c2_0."language",c2_0."last_name",c2_0."last_seen_at",c2_0."lead_id",c2_0."opt_in_email",c2_0."opt_in_sms",c2_0."opt_in_whatsapp",c2_0."phone_e164",c2_0."source",c2_0."updated_at",c2_0."uuid",c2_0."workspace_id",c1_0."contact_id",c1_0."created_at",c1_0."external_thread_id",c1_0."first_response_at",c1_0."handover_at",c1_0."last_inbound_at",c1_0."last_message_at",c1_0."resolved_at",c1_0."status",c1_0."unread_count",c1_0."updated_at",c1_0."uuid",c1_0."workspace_id" from "conversations" c1_0 left join "users" au1_0 on au1_0."id"=c1_0."assigned_user_id" left join "channel_accounts" ca1_0 on ca1_0."id"=c1_0."channel_account_id" left join "contacts" c2_0 on c2_0."id"=c1_0."contact_id" where c1_0."id"=?
2026-09-04 19:18:43.970 DEBUG 21412 --- [    Test worker] org.hibernate.SQL                        : select ss1_0."id",ss1_0."created_at",ss1_0."group",ss1_0."key",ss1_0."type",ss1_0."updated_at",ss1_0."value" from "system_settings" ss1_0 where ss1_0."key"=?
Hibernate: select ss1_0."id",ss1_0."created_at",ss1_0."group",ss1_0."key",ss1_0."type",ss1_0."updated_at",ss1_0."value" from "system_settings" ss1_0 where ss1_0."key"=?
2026-09-04 19:18:43.970 DEBUG 21412 --- [    Test worker] org.hibernate.SQL                        : select ss1_0."id",ss1_0."created_at",ss1_0."group",ss1_0."key",ss1_0."type",ss1_0."updated_at",ss1_0."value" from "system_settings" ss1_0 where ss1_0."key"=?
Hibernate: select ss1_0."id",ss1_0."created_at",ss1_0."group",ss1_0."key",ss1_0."type",ss1_0."updated_at",ss1_0."value" from "system_settings" ss1_0 where ss1_0."key"=?
2026-09-04 19:18:43.978 DEBUG 21412 --- [    Test worker] org.hibernate.SQL                        : select c1_0."id",c1_0."assigned_to",c1_0."assigned_user_id",c1_0."channel_account_id",c1_0."contact_id",c1_0."created_at",c1_0."external_thread_id",c1_0."first_response_at",c1_0."handover_at",c1_0."last_inbound_at",c1_0."last_message_at",c1_0."resolved_at",c1_0."status",c1_0."unread_count",c1_0."updated_at",c1_0."uuid",c1_0."workspace_id" from "conversations" c1_0
Hibernate: select c1_0."id",c1_0."assigned_to",c1_0."assigned_user_id",c1_0."channel_account_id",c1_0."contact_id",c1_0."created_at",c1_0."external_thread_id",c1_0."first_response_at",c1_0."handover_at",c1_0."last_inbound_at",c1_0."last_message_at",c1_0."resolved_at",c1_0."status",c1_0."unread_count",c1_0."updated_at",c1_0."uuid",c1_0."workspace_id" from "conversations" c1_0
2026-09-04 19:18:43.979 DEBUG 21412 --- [   scheduling-1] org.hibernate.SQL                        : select j1_0."id",j1_0."attempts",j1_0."available_at",j1_0."created_at",j1_0."payload",j1_0."queue",j1_0."reserved_at" from "jobs" j1_0 where j1_0."available_at"<=? and (j1_0."reserved_at" is null or j1_0."reserved_at"<=?) order by j1_0."id" fetch first ? rows only
Hibernate: select j1_0."id",j1_0."attempts",j1_0."available_at",j1_0."created_at",j1_0."payload",j1_0."queue",j1_0."reserved_at" from "jobs" j1_0 where j1_0."available_at"<=? and (j1_0."reserved_at" is null or j1_0."reserved_at"<=?) order by j1_0."id" fetch first ? rows only
2026-09-04 19:18:43.979 DEBUG 21412 --- [    Test worker] org.hibernate.SQL                        : select c1_0."id",c1_0."avatar",c1_0."country",c1_0."created_at",c1_0."custom_fields",c1_0."deleted_at",c1_0."email",c1_0."first_name",c1_0."language",c1_0."last_name",c1_0."last_seen_at",c1_0."lead_id",c1_0."opt_in_email",c1_0."opt_in_sms",c1_0."opt_in_whatsapp",c1_0."phone_e164",c1_0."source",c1_0."updated_at",c1_0."uuid",c1_0."workspace_id" from "contacts" c1_0 where c1_0."id"=?
Hibernate: select c1_0."id",c1_0."avatar",c1_0."country",c1_0."created_at",c1_0."custom_fields",c1_0."deleted_at",c1_0."email",c1_0."first_name",c1_0."language",c1_0."last_name",c1_0."last_seen_at",c1_0."lead_id",c1_0."opt_in_email",c1_0."opt_in_sms",c1_0."opt_in_whatsapp",c1_0."phone_e164",c1_0."source",c1_0."updated_at",c1_0."uuid",c1_0."workspace_id" from "contacts" c1_0 where c1_0."id"=?
2026-09-04 19:18:43.980 DEBUG 21412 --- [    Test worker] org.hibernate.SQL                        : delete from "inbox_label_conversation" where "conversation_id"=?
Hibernate: delete from "inbox_label_conversation" where "conversation_id"=?
2026-09-04 19:18:43.980 DEBUG 21412 --- [    Test worker] org.hibernate.SQL                        : delete from "conversations" where "id"=?
Hibernate: delete from "conversations" where "id"=?
2026-09-04 19:18:43.980 DEBUG 21412 --- [    Test worker] org.hibernate.SQL                        : select u1_0."id",u1_0."avatar",u1_0."client_id",u1_0."client_role",u1_0."created_at",u1_0."display_currency",u1_0."email",u1_0."email_verified_at",u1_0."locale",u1_0."name",u1_0."password",u1_0."remember_token",u1_0."role",u1_0."status",u1_0."theme",u1_0."timezone",u1_0."two_factor_confirmed_at",u1_0."two_factor_recovery_codes",u1_0."two_factor_secret",u1_0."updated_at",u1_0."workspace_id" from "users" u1_0
Hibernate: select u1_0."id",u1_0."avatar",u1_0."client_id",u1_0."client_role",u1_0."created_at",u1_0."display_currency",u1_0."email",u1_0."email_verified_at",u1_0."locale",u1_0."name",u1_0."password",u1_0."remember_token",u1_0."role",u1_0."status",u1_0."theme",u1_0."timezone",u1_0."two_factor_confirmed_at",u1_0."two_factor_recovery_codes",u1_0."two_factor_secret",u1_0."updated_at",u1_0."workspace_id" from "users" u1_0
2026-09-04 19:18:43.980 DEBUG 21412 --- [    Test worker] org.hibernate.SQL                        : delete from "users" where "id"=?
Hibernate: delete from "users" where "id"=?
2026-09-04 19:18:43.980 DEBUG 21412 --- [    Test worker] org.hibernate.SQL                        : delete from "users" where "id"=?
Hibernate: delete from "users" where "id"=?
2026-09-04 19:18:43.980 DEBUG 21412 --- [    Test worker] org.hibernate.SQL                        : select w1_0."id",w1_0."client_id",w1_0."created_at",w1_0."currency_code",w1_0."default_locale",w1_0."name",w1_0."owner_id",w1_0."updated_at" from "workspaces" w1_0
Hibernate: select w1_0."id",w1_0."client_id",w1_0."created_at",w1_0."currency_code",w1_0."default_locale",w1_0."name",w1_0."owner_id",w1_0."updated_at" from "workspaces" w1_0
2026-09-04 19:18:43.980 DEBUG 21412 --- [    Test worker] org.hibernate.SQL                        : delete from "workspaces" where "id"=?
Hibernate: delete from "workspaces" where "id"=?
2026-09-04 19:18:43.980 DEBUG 21412 --- [    Test worker] org.hibernate.SQL                        : delete from "workspaces" where "id"=?
Hibernate: delete from "workspaces" where "id"=?
2026-09-04 19:18:43.980 DEBUG 21412 --- [    Test worker] org.hibernate.SQL                        : insert into "workspaces" ("client_id","created_at","currency_code","default_locale","name","owner_id","updated_at","id") values (?,?,?,?,?,?,?,default)
Hibernate: insert into "workspaces" ("client_id","created_at","currency_code","default_locale","name","owner_id","updated_at","id") values (?,?,?,?,?,?,?,default)
2026-09-04 19:18:43.980 DEBUG 21412 --- [    Test worker] org.hibernate.SQL                        : insert into "users" ("avatar","client_id","client_role","created_at","display_currency","email","email_verified_at","locale","name","password","remember_token","role","status","theme","timezone","two_factor_confirmed_at","two_factor_recovery_codes","two_factor_secret","updated_at","workspace_id","id") values (?,?,?,?,?,?,?,?,?,?,?,?,?,?,?,?,?,?,?,?,default)
Hibernate: insert into "users" ("avatar","client_id","client_role","created_at","display_currency","email","email_verified_at","locale","name","password","remember_token","role","status","theme","timezone","two_factor_confirmed_at","two_factor_recovery_codes","two_factor_secret","updated_at","workspace_id","id") values (?,?,?,?,?,?,?,?,?,?,?,?,?,?,?,?,?,?,?,?,default)
2026-09-04 19:18:43.980 DEBUG 21412 --- [    Test worker] org.hibernate.SQL                        : insert into "workspaces" ("client_id","created_at","currency_code","default_locale","name","owner_id","updated_at","id") values (?,?,?,?,?,?,?,default)
Hibernate: insert into "workspaces" ("client_id","created_at","currency_code","default_locale","name","owner_id","updated_at","id") values (?,?,?,?,?,?,?,default)
2026-09-04 19:18:43.980 DEBUG 21412 --- [    Test worker] org.hibernate.SQL                        : insert into "users" ("avatar","client_id","client_role","created_at","display_currency","email","email_verified_at","locale","name","password","remember_token","role","status","theme","timezone","two_factor_confirmed_at","two_factor_recovery_codes","two_factor_secret","updated_at","workspace_id","id") values (?,?,?,?,?,?,?,?,?,?,?,?,?,?,?,?,?,?,?,?,default)
Hibernate: insert into "users" ("avatar","client_id","client_role","created_at","display_currency","email","email_verified_at","locale","name","password","remember_token","role","status","theme","timezone","two_factor_confirmed_at","two_factor_recovery_codes","two_factor_secret","updated_at","workspace_id","id") values (?,?,?,?,?,?,?,?,?,?,?,?,?,?,?,?,?,?,?,?,default)
2026-09-04 19:18:43.980 DEBUG 21412 --- [    Test worker] org.hibernate.SQL                        : insert into "contacts" ("avatar","country","created_at","custom_fields","deleted_at","email","first_name","language","last_name","last_seen_at","lead_id","opt_in_email","opt_in_sms","opt_in_whatsapp","phone_e164","source","updated_at","uuid","workspace_id","id") values (?,?,?,?,?,?,?,?,?,?,?,?,?,?,?,?,?,?,?,default)
Hibernate: insert into "contacts" ("avatar","country","created_at","custom_fields","deleted_at","email","first_name","language","last_name","last_seen_at","lead_id","opt_in_email","opt_in_sms","opt_in_whatsapp","phone_e164","source","updated_at","uuid","workspace_id","id") values (?,?,?,?,?,?,?,?,?,?,?,?,?,?,?,?,?,?,?,default)
2026-09-04 19:18:43.980 DEBUG 21412 --- [    Test worker] org.hibernate.SQL                        : insert into "conversations" ("assigned_to","assigned_user_id","channel_account_id","contact_id","created_at","external_thread_id","first_response_at","handover_at","last_inbound_at","last_message_at","resolved_at","status","unread_count","updated_at","uuid","workspace_id","id") values (?,?,?,?,?,?,?,?,?,?,?,?,?,?,?,?,default)
Hibernate: insert into "conversations" ("assigned_to","assigned_user_id","channel_account_id","contact_id","created_at","external_thread_id","first_response_at","handover_at","last_inbound_at","last_message_at","resolved_at","status","unread_count","updated_at","uuid","workspace_id","id") values (?,?,?,?,?,?,?,?,?,?,?,?,?,?,?,?,default)
2026-09-04 19:18:43.990 DEBUG 21412 --- [    Test worker] org.hibernate.SQL                        : select wu1_0."id",wu1_0."created_at",wu1_0."role",wu1_0."updated_at",wu1_0."user_id",wu1_0."workspace_id" from "workspace_user" wu1_0 where wu1_0."workspace_id"=? and wu1_0."user_id"=?
Hibernate: select wu1_0."id",wu1_0."created_at",wu1_0."role",wu1_0."updated_at",wu1_0."user_id",wu1_0."workspace_id" from "workspace_user" wu1_0 where wu1_0."workspace_id"=? and wu1_0."user_id"=?
2026-09-04 19:18:43.990 DEBUG 21412 --- [    Test worker] org.hibernate.SQL                        : select ss1_0."id",ss1_0."created_at",ss1_0."group",ss1_0."key",ss1_0."type",ss1_0."updated_at",ss1_0."value" from "system_settings" ss1_0 where ss1_0."key"=?
Hibernate: select ss1_0."id",ss1_0."created_at",ss1_0."group",ss1_0."key",ss1_0."type",ss1_0."updated_at",ss1_0."value" from "system_settings" ss1_0 where ss1_0."key"=?
2026-09-04 19:18:43.993 DEBUG 21412 --- [    Test worker] org.hibernate.SQL                        : select ss1_0."id",ss1_0."created_at",ss1_0."group",ss1_0."key",ss1_0."type",ss1_0."updated_at",ss1_0."value" from "system_settings" ss1_0 where ss1_0."key"=?
Hibernate: select ss1_0."id",ss1_0."created_at",ss1_0."group",ss1_0."key",ss1_0."type",ss1_0."updated_at",ss1_0."value" from "system_settings" ss1_0 where ss1_0."key"=?
2026-09-04 19:18:44.000 DEBUG 21412 --- [    Test worker] org.hibernate.SQL                        : select c1_0."id",c1_0."assigned_to",c1_0."assigned_user_id",c1_0."channel_account_id",c1_0."contact_id",c1_0."created_at",c1_0."external_thread_id",c1_0."first_response_at",c1_0."handover_at",c1_0."last_inbound_at",c1_0."last_message_at",c1_0."resolved_at",c1_0."status",c1_0."unread_count",c1_0."updated_at",c1_0."uuid",c1_0."workspace_id" from "conversations" c1_0
Hibernate: select c1_0."id",c1_0."assigned_to",c1_0."assigned_user_id",c1_0."channel_account_id",c1_0."contact_id",c1_0."created_at",c1_0."external_thread_id",c1_0."first_response_at",c1_0."handover_at",c1_0."last_inbound_at",c1_0."last_message_at",c1_0."resolved_at",c1_0."status",c1_0."unread_count",c1_0."updated_at",c1_0."uuid",c1_0."workspace_id" from "conversations" c1_0
2026-09-04 19:18:44.000 DEBUG 21412 --- [    Test worker] org.hibernate.SQL                        : select c1_0."id",c1_0."avatar",c1_0."country",c1_0."created_at",c1_0."custom_fields",c1_0."deleted_at",c1_0."email",c1_0."first_name",c1_0."language",c1_0."last_name",c1_0."last_seen_at",c1_0."lead_id",c1_0."opt_in_email",c1_0."opt_in_sms",c1_0."opt_in_whatsapp",c1_0."phone_e164",c1_0."source",c1_0."updated_at",c1_0."uuid",c1_0."workspace_id" from "contacts" c1_0 where c1_0."id"=?
Hibernate: select c1_0."id",c1_0."avatar",c1_0."country",c1_0."created_at",c1_0."custom_fields",c1_0."deleted_at",c1_0."email",c1_0."first_name",c1_0."language",c1_0."last_name",c1_0."last_seen_at",c1_0."lead_id",c1_0."opt_in_email",c1_0."opt_in_sms",c1_0."opt_in_whatsapp",c1_0."phone_e164",c1_0."source",c1_0."updated_at",c1_0."uuid",c1_0."workspace_id" from "contacts" c1_0 where c1_0."id"=?
2026-09-04 19:18:44.000 DEBUG 21412 --- [    Test worker] org.hibernate.SQL                        : delete from "inbox_label_conversation" where "conversation_id"=?
Hibernate: delete from "inbox_label_conversation" where "conversation_id"=?
2026-09-04 19:18:44.000 DEBUG 21412 --- [    Test worker] org.hibernate.SQL                        : delete from "conversations" where "id"=?
Hibernate: delete from "conversations" where "id"=?
2026-09-04 19:18:44.000 DEBUG 21412 --- [    Test worker] org.hibernate.SQL                        : select u1_0."id",u1_0."avatar",u1_0."client_id",u1_0."client_role",u1_0."created_at",u1_0."display_currency",u1_0."email",u1_0."email_verified_at",u1_0."locale",u1_0."name",u1_0."password",u1_0."remember_token",u1_0."role",u1_0."status",u1_0."theme",u1_0."timezone",u1_0."two_factor_confirmed_at",u1_0."two_factor_recovery_codes",u1_0."two_factor_secret",u1_0."updated_at",u1_0."workspace_id" from "users" u1_0
Hibernate: select u1_0."id",u1_0."avatar",u1_0."client_id",u1_0."client_role",u1_0."created_at",u1_0."display_currency",u1_0."email",u1_0."email_verified_at",u1_0."locale",u1_0."name",u1_0."password",u1_0."remember_token",u1_0."role",u1_0."status",u1_0."theme",u1_0."timezone",u1_0."two_factor_confirmed_at",u1_0."two_factor_recovery_codes",u1_0."two_factor_secret",u1_0."updated_at",u1_0."workspace_id" from "users" u1_0
2026-09-04 19:18:44.000 DEBUG 21412 --- [    Test worker] org.hibernate.SQL                        : delete from "users" where "id"=?
Hibernate: delete from "users" where "id"=?
2026-09-04 19:18:44.000 DEBUG 21412 --- [    Test worker] org.hibernate.SQL                        : delete from "users" where "id"=?
Hibernate: delete from "users" where "id"=?
2026-09-04 19:18:44.000 DEBUG 21412 --- [    Test worker] org.hibernate.SQL                        : select w1_0."id",w1_0."client_id",w1_0."created_at",w1_0."currency_code",w1_0."default_locale",w1_0."name",w1_0."owner_id",w1_0."updated_at" from "workspaces" w1_0
Hibernate: select w1_0."id",w1_0."client_id",w1_0."created_at",w1_0."currency_code",w1_0."default_locale",w1_0."name",w1_0."owner_id",w1_0."updated_at" from "workspaces" w1_0
2026-09-04 19:18:44.000 DEBUG 21412 --- [    Test worker] org.hibernate.SQL                        : delete from "workspaces" where "id"=?
Hibernate: delete from "workspaces" where "id"=?
2026-09-04 19:18:44.000 DEBUG 21412 --- [    Test worker] org.hibernate.SQL                        : delete from "workspaces" where "id"=?
Hibernate: delete from "workspaces" where "id"=?
2026-09-04 19:18:44.000 DEBUG 21412 --- [    Test worker] org.hibernate.SQL                        : insert into "workspaces" ("client_id","created_at","currency_code","default_locale","name","owner_id","updated_at","id") values (?,?,?,?,?,?,?,default)
Hibernate: insert into "workspaces" ("client_id","created_at","currency_code","default_locale","name","owner_id","updated_at","id") values (?,?,?,?,?,?,?,default)
2026-09-04 19:18:44.000 DEBUG 21412 --- [    Test worker] org.hibernate.SQL                        : insert into "users" ("avatar","client_id","client_role","created_at","display_currency","email","email_verified_at","locale","name","password","remember_token","role","status","theme","timezone","two_factor_confirmed_at","two_factor_recovery_codes","two_factor_secret","updated_at","workspace_id","id") values (?,?,?,?,?,?,?,?,?,?,?,?,?,?,?,?,?,?,?,?,default)
Hibernate: insert into "users" ("avatar","client_id","client_role","created_at","display_currency","email","email_verified_at","locale","name","password","remember_token","role","status","theme","timezone","two_factor_confirmed_at","two_factor_recovery_codes","two_factor_secret","updated_at","workspace_id","id") values (?,?,?,?,?,?,?,?,?,?,?,?,?,?,?,?,?,?,?,?,default)
2026-09-04 19:18:44.000 DEBUG 21412 --- [    Test worker] org.hibernate.SQL                        : insert into "workspaces" ("client_id","created_at","currency_code","default_locale","name","owner_id","updated_at","id") values (?,?,?,?,?,?,?,default)
Hibernate: insert into "workspaces" ("client_id","created_at","currency_code","default_locale","name","owner_id","updated_at","id") values (?,?,?,?,?,?,?,default)
2026-09-04 19:18:44.000 DEBUG 21412 --- [    Test worker] org.hibernate.SQL                        : insert into "users" ("avatar","client_id","client_role","created_at","display_currency","email","email_verified_at","locale","name","password","remember_token","role","status","theme","timezone","two_factor_confirmed_at","two_factor_recovery_codes","two_factor_secret","updated_at","workspace_id","id") values (?,?,?,?,?,?,?,?,?,?,?,?,?,?,?,?,?,?,?,?,default)
Hibernate: insert into "users" ("avatar","client_id","client_role","created_at","display_currency","email","email_verified_at","locale","name","password","remember_token","role","status","theme","timezone","two_factor_confirmed_at","two_factor_recovery_codes","two_factor_secret","updated_at","workspace_id","id") values (?,?,?,?,?,?,?,?,?,?,?,?,?,?,?,?,?,?,?,?,default)
2026-09-04 19:18:44.000 DEBUG 21412 --- [    Test worker] org.hibernate.SQL                        : insert into "contacts" ("avatar","country","created_at","custom_fields","deleted_at","email","first_name","language","last_name","last_seen_at","lead_id","opt_in_email","opt_in_sms","opt_in_whatsapp","phone_e164","source","updated_at","uuid","workspace_id","id") values (?,?,?,?,?,?,?,?,?,?,?,?,?,?,?,?,?,?,?,default)
Hibernate: insert into "contacts" ("avatar","country","created_at","custom_fields","deleted_at","email","first_name","language","last_name","last_seen_at","lead_id","opt_in_email","opt_in_sms","opt_in_whatsapp","phone_e164","source","updated_at","uuid","workspace_id","id") values (?,?,?,?,?,?,?,?,?,?,?,?,?,?,?,?,?,?,?,default)
2026-09-04 19:18:44.000 DEBUG 21412 --- [    Test worker] org.hibernate.SQL                        : insert into "conversations" ("assigned_to","assigned_user_id","channel_account_id","contact_id","created_at","external_thread_id","first_response_at","handover_at","last_inbound_at","last_message_at","resolved_at","status","unread_count","updated_at","uuid","workspace_id","id") values (?,?,?,?,?,?,?,?,?,?,?,?,?,?,?,?,default)
Hibernate: insert into "conversations" ("assigned_to","assigned_user_id","channel_account_id","contact_id","created_at","external_thread_id","first_response_at","handover_at","last_inbound_at","last_message_at","resolved_at","status","unread_count","updated_at","uuid","workspace_id","id") values (?,?,?,?,?,?,?,?,?,?,?,?,?,?,?,?,default)
2026-09-04 19:18:44.012 DEBUG 21412 --- [    Test worker] org.hibernate.SQL                        : select wu1_0."id",wu1_0."created_at",wu1_0."role",wu1_0."updated_at",wu1_0."user_id",wu1_0."workspace_id" from "workspace_user" wu1_0 where wu1_0."workspace_id"=? and wu1_0."user_id"=?
Hibernate: select wu1_0."id",wu1_0."created_at",wu1_0."role",wu1_0."updated_at",wu1_0."user_id",wu1_0."workspace_id" from "workspace_user" wu1_0 where wu1_0."workspace_id"=? and wu1_0."user_id"=?
2026-09-04 19:18:44.012  WARN 21412 --- [    Test worker] c.w.c.b.BroadcastingAuthController       : Broadcasting auth denied for user 138 on channel private-App.Models.User.139
]]></system-out>
  <system-err><![CDATA[]]></system-err>
</testsuite>
