<?xml version="1.0" encoding="UTF-8"?>
<testsuite name="com.whatsmine.whatsapp.WhatsAppParityIntegrationTest" tests="9" skipped="0" failures="0" errors="0" timestamp="2026-09-04T13:49:18" hostname="DESKTOP-8B9F66M" time="6.391">
  <properties/>
  <testcase name="7. WhatsApp template creation persists in database" classname="com.whatsmine.whatsapp.WhatsAppParityIntegrationTest" time="0.775"/>
  <testcase name="3. Per-WABA Webhook challenge verification succeeds" classname="com.whatsmine.whatsapp.WhatsAppParityIntegrationTest" time="0.701"/>
  <testcase name="8. Outbound message send dispatches text message" classname="com.whatsmine.whatsapp.WhatsAppParityIntegrationTest" time="0.685"/>
  <testcase name="9. Workspace Isolation: User 2 cannot disconnect User 1 WABA" classname="com.whatsmine.whatsapp.WhatsAppParityIntegrationTest" time="0.747"/>
  <testcase name="2. Global Webhook challenge verification fails with invalid token" classname="com.whatsmine.whatsapp.WhatsAppParityIntegrationTest" time="0.722"/>
  <testcase name="5. WABA disconnection removes WABA from database" classname="com.whatsmine.whatsapp.WhatsAppParityIntegrationTest" time="0.738"/>
  <testcase name="6. WhatsApp template index returns Client/WhatsApp/Templates component" classname="com.whatsmine.whatsapp.WhatsAppParityIntegrationTest" time="0.673"/>
  <testcase name="4. Embedded signup connects WABA and persists in database" classname="com.whatsmine.whatsapp.WhatsAppParityIntegrationTest" time="0.682"/>
  <testcase name="1. Global Webhook challenge verification succeeds with valid token" classname="com.whatsmine.whatsapp.WhatsAppParityIntegrationTest" time="0.664"/>
  <system-out><![CDATA[2026-09-04 19:19:18.369  INFO 21412 --- [    Test worker] t.c.s.AnnotationConfigContextLoaderUtils : Could not detect default configuration classes for test class [com.whatsmine.whatsapp.WhatsAppParityIntegrationTest]: WhatsAppParityIntegrationTest does not declare any static, non-private, non-final, nested classes annotated with @Configuration.
2026-09-04 19:19:18.380  INFO 21412 --- [    Test worker] .b.t.c.SpringBootTestContextBootstrapper : Found @SpringBootConfiguration com.whatsmine.WhatsMineApplication for test class com.whatsmine.whatsapp.WhatsAppParityIntegrationTest
2026-09-04 19:19:18.403 DEBUG 21412 --- [   scheduling-1] org.hibernate.SQL                        : select j1_0."id",j1_0."attempts",j1_0."available_at",j1_0."created_at",j1_0."payload",j1_0."queue",j1_0."reserved_at" from "jobs" j1_0 where j1_0."available_at"<=? and (j1_0."reserved_at" is null or j1_0."reserved_at"<=?) order by j1_0."id" fetch first ? rows only
Hibernate: select j1_0."id",j1_0."attempts",j1_0."available_at",j1_0."created_at",j1_0."payload",j1_0."queue",j1_0."reserved_at" from "jobs" j1_0 where j1_0."available_at"<=? and (j1_0."reserved_at" is null or j1_0."reserved_at"<=?) order by j1_0."id" fetch first ? rows only
2026-09-04 19:19:18.533 DEBUG 21412 --- [   scheduling-1] org.hibernate.SQL                        : select j1_0."id",j1_0."attempts",j1_0."available_at",j1_0."created_at",j1_0."payload",j1_0."queue",j1_0."reserved_at" from "jobs" j1_0 where j1_0."available_at"<=? and (j1_0."reserved_at" is null or j1_0."reserved_at"<=?) order by j1_0."id" fetch first ? rows only
Hibernate: select j1_0."id",j1_0."attempts",j1_0."available_at",j1_0."created_at",j1_0."payload",j1_0."queue",j1_0."reserved_at" from "jobs" j1_0 where j1_0."available_at"<=? and (j1_0."reserved_at" is null or j1_0."reserved_at"<=?) order by j1_0."id" fetch first ? rows only
2026-09-04 19:19:18.786 DEBUG 21412 --- [    Test worker] org.hibernate.SQL                        : insert into "users" ("avatar","client_id","client_role","created_at","display_currency","email","email_verified_at","locale","name","password","remember_token","role","status","theme","timezone","two_factor_confirmed_at","two_factor_recovery_codes","two_factor_secret","updated_at","workspace_id","id") values (?,?,?,?,?,?,?,?,?,?,?,?,?,?,?,?,?,?,?,?,default)
Hibernate: insert into "users" ("avatar","client_id","client_role","created_at","display_currency","email","email_verified_at","locale","name","password","remember_token","role","status","theme","timezone","two_factor_confirmed_at","two_factor_recovery_codes","two_factor_secret","updated_at","workspace_id","id") values (?,?,?,?,?,?,?,?,?,?,?,?,?,?,?,?,?,?,?,?,default)
2026-09-04 19:19:18.786 DEBUG 21412 --- [    Test worker] org.hibernate.SQL                        : insert into "workspaces" ("client_id","created_at","currency_code","default_locale","name","owner_id","updated_at","id") values (?,?,?,?,?,?,?,default)
Hibernate: insert into "workspaces" ("client_id","created_at","currency_code","default_locale","name","owner_id","updated_at","id") values (?,?,?,?,?,?,?,default)
2026-09-04 19:19:18.786 DEBUG 21412 --- [    Test worker] org.hibernate.SQL                        : insert into "whatsapp_business_accounts" ("created_at","credentials","meta_json","status","updated_at","waba_id","webhook_verify_token","webhook_verify_token_hash","workspace_id","id") values (?,?,?,?,?,?,?,?,?,default)
Hibernate: insert into "whatsapp_business_accounts" ("created_at","credentials","meta_json","status","updated_at","waba_id","webhook_verify_token","webhook_verify_token_hash","workspace_id","id") values (?,?,?,?,?,?,?,?,?,default)
2026-09-04 19:19:18.919 DEBUG 21412 --- [   scheduling-1] org.hibernate.SQL                        : select j1_0."id",j1_0."attempts",j1_0."available_at",j1_0."created_at",j1_0."payload",j1_0."queue",j1_0."reserved_at" from "jobs" j1_0 where j1_0."available_at"<=? and (j1_0."reserved_at" is null or j1_0."reserved_at"<=?) order by j1_0."id" fetch first ? rows only
Hibernate: select j1_0."id",j1_0."attempts",j1_0."available_at",j1_0."created_at",j1_0."payload",j1_0."queue",j1_0."reserved_at" from "jobs" j1_0 where j1_0."available_at"<=? and (j1_0."reserved_at" is null or j1_0."reserved_at"<=?) order by j1_0."id" fetch first ? rows only
2026-09-04 19:19:19.150 DEBUG 21412 --- [    Test worker] org.hibernate.SQL                        : insert into "users" ("avatar","client_id","client_role","created_at","display_currency","email","email_verified_at","locale","name","password","remember_token","role","status","theme","timezone","two_factor_confirmed_at","two_factor_recovery_codes","two_factor_secret","updated_at","workspace_id","id") values (?,?,?,?,?,?,?,?,?,?,?,?,?,?,?,?,?,?,?,?,default)
Hibernate: insert into "users" ("avatar","client_id","client_role","created_at","display_currency","email","email_verified_at","locale","name","password","remember_token","role","status","theme","timezone","two_factor_confirmed_at","two_factor_recovery_codes","two_factor_secret","updated_at","workspace_id","id") values (?,?,?,?,?,?,?,?,?,?,?,?,?,?,?,?,?,?,?,?,default)
2026-09-04 19:19:19.153 DEBUG 21412 --- [    Test worker] org.hibernate.SQL                        : insert into "workspaces" ("client_id","created_at","currency_code","default_locale","name","owner_id","updated_at","id") values (?,?,?,?,?,?,?,default)
Hibernate: insert into "workspaces" ("client_id","created_at","currency_code","default_locale","name","owner_id","updated_at","id") values (?,?,?,?,?,?,?,default)
2026-09-04 19:19:19.154 DEBUG 21412 --- [    Test worker] org.hibernate.SQL                        : select wu1_0."id",wu1_0."created_at",wu1_0."role",wu1_0."updated_at",wu1_0."user_id",wu1_0."workspace_id" from "workspace_user" wu1_0 where wu1_0."workspace_id"=? and wu1_0."user_id"=?
Hibernate: select wu1_0."id",wu1_0."created_at",wu1_0."role",wu1_0."updated_at",wu1_0."user_id",wu1_0."workspace_id" from "workspace_user" wu1_0 where wu1_0."workspace_id"=? and wu1_0."user_id"=?
2026-09-04 19:19:19.157 DEBUG 21412 --- [    Test worker] org.hibernate.SQL                        : insert into "whatsapp_templates" ("category","components","created_at","language","meta_template_id","name","rejection_reason","status","updated_at","waba_id","workspace_id","id") values (?,?,?,?,?,?,?,?,?,?,?,default)
Hibernate: insert into "whatsapp_templates" ("category","components","created_at","language","meta_template_id","name","rejection_reason","status","updated_at","waba_id","workspace_id","id") values (?,?,?,?,?,?,?,?,?,?,?,default)
2026-09-04 19:19:19.157 DEBUG 21412 --- [    Test worker] org.hibernate.SQL                        : select wt1_0."id",wt1_0."category",wt1_0."components",wt1_0."created_at",wt1_0."language",wt1_0."meta_template_id",wt1_0."name",wt1_0."rejection_reason",wt1_0."status",wt1_0."updated_at",wt1_0."waba_id",wt1_0."workspace_id" from "whatsapp_templates" wt1_0 where wt1_0."workspace_id"=? and wt1_0."name"=? and wt1_0."language"=?
Hibernate: select wt1_0."id",wt1_0."category",wt1_0."components",wt1_0."created_at",wt1_0."language",wt1_0."meta_template_id",wt1_0."name",wt1_0."rejection_reason",wt1_0."status",wt1_0."updated_at",wt1_0."waba_id",wt1_0."workspace_id" from "whatsapp_templates" wt1_0 where wt1_0."workspace_id"=? and wt1_0."name"=? and wt1_0."language"=?
2026-09-04 19:19:19.418 DEBUG 21412 --- [   scheduling-1] org.hibernate.SQL                        : select j1_0."id",j1_0."attempts",j1_0."available_at",j1_0."created_at",j1_0."payload",j1_0."queue",j1_0."reserved_at" from "jobs" j1_0 where j1_0."available_at"<=? and (j1_0."reserved_at" is null or j1_0."reserved_at"<=?) order by j1_0."id" fetch first ? rows only
Hibernate: select j1_0."id",j1_0."attempts",j1_0."available_at",j1_0."created_at",j1_0."payload",j1_0."queue",j1_0."reserved_at" from "jobs" j1_0 where j1_0."available_at"<=? and (j1_0."reserved_at" is null or j1_0."reserved_at"<=?) order by j1_0."id" fetch first ? rows only
2026-09-04 19:19:19.502 DEBUG 21412 --- [    Test worker] org.hibernate.SQL                        : insert into "users" ("avatar","client_id","client_role","created_at","display_currency","email","email_verified_at","locale","name","password","remember_token","role","status","theme","timezone","two_factor_confirmed_at","two_factor_recovery_codes","two_factor_secret","updated_at","workspace_id","id") values (?,?,?,?,?,?,?,?,?,?,?,?,?,?,?,?,?,?,?,?,default)
Hibernate: insert into "users" ("avatar","client_id","client_role","created_at","display_currency","email","email_verified_at","locale","name","password","remember_token","role","status","theme","timezone","two_factor_confirmed_at","two_factor_recovery_codes","two_factor_secret","updated_at","workspace_id","id") values (?,?,?,?,?,?,?,?,?,?,?,?,?,?,?,?,?,?,?,?,default)
2026-09-04 19:19:19.502 DEBUG 21412 --- [    Test worker] org.hibernate.SQL                        : insert into "workspaces" ("client_id","created_at","currency_code","default_locale","name","owner_id","updated_at","id") values (?,?,?,?,?,?,?,default)
Hibernate: insert into "workspaces" ("client_id","created_at","currency_code","default_locale","name","owner_id","updated_at","id") values (?,?,?,?,?,?,?,default)
2026-09-04 19:19:19.502 DEBUG 21412 --- [    Test worker] org.hibernate.SQL                        : insert into "whatsapp_business_accounts" ("created_at","credentials","meta_json","status","updated_at","waba_id","webhook_verify_token","webhook_verify_token_hash","workspace_id","id") values (?,?,?,?,?,?,?,?,?,default)
Hibernate: insert into "whatsapp_business_accounts" ("created_at","credentials","meta_json","status","updated_at","waba_id","webhook_verify_token","webhook_verify_token_hash","workspace_id","id") values (?,?,?,?,?,?,?,?,?,default)
2026-09-04 19:19:19.535 DEBUG 21412 --- [   scheduling-1] org.hibernate.SQL                        : select j1_0."id",j1_0."attempts",j1_0."available_at",j1_0."created_at",j1_0."payload",j1_0."queue",j1_0."reserved_at" from "jobs" j1_0 where j1_0."available_at"<=? and (j1_0."reserved_at" is null or j1_0."reserved_at"<=?) order by j1_0."id" fetch first ? rows only
Hibernate: select j1_0."id",j1_0."attempts",j1_0."available_at",j1_0."created_at",j1_0."payload",j1_0."queue",j1_0."reserved_at" from "jobs" j1_0 where j1_0."available_at"<=? and (j1_0."reserved_at" is null or j1_0."reserved_at"<=?) order by j1_0."id" fetch first ? rows only
2026-09-04 19:19:19.854 DEBUG 21412 --- [    Test worker] org.hibernate.SQL                        : insert into "users" ("avatar","client_id","client_role","created_at","display_currency","email","email_verified_at","locale","name","password","remember_token","role","status","theme","timezone","two_factor_confirmed_at","two_factor_recovery_codes","two_factor_secret","updated_at","workspace_id","id") values (?,?,?,?,?,?,?,?,?,?,?,?,?,?,?,?,?,?,?,?,default)
Hibernate: insert into "users" ("avatar","client_id","client_role","created_at","display_currency","email","email_verified_at","locale","name","password","remember_token","role","status","theme","timezone","two_factor_confirmed_at","two_factor_recovery_codes","two_factor_secret","updated_at","workspace_id","id") values (?,?,?,?,?,?,?,?,?,?,?,?,?,?,?,?,?,?,?,?,default)
2026-09-04 19:19:19.856 DEBUG 21412 --- [    Test worker] org.hibernate.SQL                        : insert into "workspaces" ("client_id","created_at","currency_code","default_locale","name","owner_id","updated_at","id") values (?,?,?,?,?,?,?,default)
Hibernate: insert into "workspaces" ("client_id","created_at","currency_code","default_locale","name","owner_id","updated_at","id") values (?,?,?,?,?,?,?,default)
2026-09-04 19:19:19.860 DEBUG 21412 --- [    Test worker] org.hibernate.SQL                        : select wba1_0."id",wba1_0."created_at",wba1_0."credentials",wba1_0."meta_json",wba1_0."status",wba1_0."updated_at",wba1_0."waba_id",wba1_0."webhook_verify_token",wba1_0."webhook_verify_token_hash",wba1_0."workspace_id" from "whatsapp_business_accounts" wba1_0 where wba1_0."webhook_verify_token"=?
Hibernate: select wba1_0."id",wba1_0."created_at",wba1_0."credentials",wba1_0."meta_json",wba1_0."status",wba1_0."updated_at",wba1_0."waba_id",wba1_0."webhook_verify_token",wba1_0."webhook_verify_token_hash",wba1_0."workspace_id" from "whatsapp_business_accounts" wba1_0 where wba1_0."webhook_verify_token"=?
2026-09-04 19:19:19.935 DEBUG 21412 --- [   scheduling-1] org.hibernate.SQL                        : select j1_0."id",j1_0."attempts",j1_0."available_at",j1_0."created_at",j1_0."payload",j1_0."queue",j1_0."reserved_at" from "jobs" j1_0 where j1_0."available_at"<=? and (j1_0."reserved_at" is null or j1_0."reserved_at"<=?) order by j1_0."id" fetch first ? rows only
Hibernate: select j1_0."id",j1_0."attempts",j1_0."available_at",j1_0."created_at",j1_0."payload",j1_0."queue",j1_0."reserved_at" from "jobs" j1_0 where j1_0."available_at"<=? and (j1_0."reserved_at" is null or j1_0."reserved_at"<=?) order by j1_0."id" fetch first ? rows only
2026-09-04 19:19:20.197 DEBUG 21412 --- [    Test worker] org.hibernate.SQL                        : insert into "users" ("avatar","client_id","client_role","created_at","display_currency","email","email_verified_at","locale","name","password","remember_token","role","status","theme","timezone","two_factor_confirmed_at","two_factor_recovery_codes","two_factor_secret","updated_at","workspace_id","id") values (?,?,?,?,?,?,?,?,?,?,?,?,?,?,?,?,?,?,?,?,default)
Hibernate: insert into "users" ("avatar","client_id","client_role","created_at","display_currency","email","email_verified_at","locale","name","password","remember_token","role","status","theme","timezone","two_factor_confirmed_at","two_factor_recovery_codes","two_factor_secret","updated_at","workspace_id","id") values (?,?,?,?,?,?,?,?,?,?,?,?,?,?,?,?,?,?,?,?,default)
2026-09-04 19:19:20.197 DEBUG 21412 --- [    Test worker] org.hibernate.SQL                        : insert into "workspaces" ("client_id","created_at","currency_code","default_locale","name","owner_id","updated_at","id") values (?,?,?,?,?,?,?,default)
Hibernate: insert into "workspaces" ("client_id","created_at","currency_code","default_locale","name","owner_id","updated_at","id") values (?,?,?,?,?,?,?,default)
2026-09-04 19:19:20.197 DEBUG 21412 --- [    Test worker] org.hibernate.SQL                        : insert into "whatsapp_business_accounts" ("created_at","credentials","meta_json","status","updated_at","waba_id","webhook_verify_token","webhook_verify_token_hash","workspace_id","id") values (?,?,?,?,?,?,?,?,?,default)
Hibernate: insert into "whatsapp_business_accounts" ("created_at","credentials","meta_json","status","updated_at","waba_id","webhook_verify_token","webhook_verify_token_hash","workspace_id","id") values (?,?,?,?,?,?,?,?,?,default)
2026-09-04 19:19:20.420 DEBUG 21412 --- [   scheduling-1] org.hibernate.SQL                        : select j1_0."id",j1_0."attempts",j1_0."available_at",j1_0."created_at",j1_0."payload",j1_0."queue",j1_0."reserved_at" from "jobs" j1_0 where j1_0."available_at"<=? and (j1_0."reserved_at" is null or j1_0."reserved_at"<=?) order by j1_0."id" fetch first ? rows only
Hibernate: select j1_0."id",j1_0."attempts",j1_0."available_at",j1_0."created_at",j1_0."payload",j1_0."queue",j1_0."reserved_at" from "jobs" j1_0 where j1_0."available_at"<=? and (j1_0."reserved_at" is null or j1_0."reserved_at"<=?) order by j1_0."id" fetch first ? rows only
2026-09-04 19:19:20.540 DEBUG 21412 --- [    Test worker] org.hibernate.SQL                        : insert into "users" ("avatar","client_id","client_role","created_at","display_currency","email","email_verified_at","locale","name","password","remember_token","role","status","theme","timezone","two_factor_confirmed_at","two_factor_recovery_codes","two_factor_secret","updated_at","workspace_id","id") values (?,?,?,?,?,?,?,?,?,?,?,?,?,?,?,?,?,?,?,?,default)
Hibernate: insert into "users" ("avatar","client_id","client_role","created_at","display_currency","email","email_verified_at","locale","name","password","remember_token","role","status","theme","timezone","two_factor_confirmed_at","two_factor_recovery_codes","two_factor_secret","updated_at","workspace_id","id") values (?,?,?,?,?,?,?,?,?,?,?,?,?,?,?,?,?,?,?,?,default)
2026-09-04 19:19:20.540 DEBUG 21412 --- [    Test worker] org.hibernate.SQL                        : insert into "workspaces" ("client_id","created_at","currency_code","default_locale","name","owner_id","updated_at","id") values (?,?,?,?,?,?,?,default)
Hibernate: insert into "workspaces" ("client_id","created_at","currency_code","default_locale","name","owner_id","updated_at","id") values (?,?,?,?,?,?,?,default)
2026-09-04 19:19:20.545 DEBUG 21412 --- [    Test worker] org.hibernate.SQL                        : select wu1_0."id",wu1_0."created_at",wu1_0."role",wu1_0."updated_at",wu1_0."user_id",wu1_0."workspace_id" from "workspace_user" wu1_0 where wu1_0."workspace_id"=? and wu1_0."user_id"=?
Hibernate: select wu1_0."id",wu1_0."created_at",wu1_0."role",wu1_0."updated_at",wu1_0."user_id",wu1_0."workspace_id" from "workspace_user" wu1_0 where wu1_0."workspace_id"=? and wu1_0."user_id"=?
2026-09-04 19:19:20.547 DEBUG 21412 --- [    Test worker] org.hibernate.SQL                        : select wba1_0."id",wba1_0."created_at",wba1_0."credentials",wba1_0."meta_json",wba1_0."status",wba1_0."updated_at",wba1_0."waba_id",wba1_0."webhook_verify_token",wba1_0."webhook_verify_token_hash",wba1_0."workspace_id" from "whatsapp_business_accounts" wba1_0 where wba1_0."workspace_id"=? and wba1_0."status"=? fetch first ? rows only
Hibernate: select wba1_0."id",wba1_0."created_at",wba1_0."credentials",wba1_0."meta_json",wba1_0."status",wba1_0."updated_at",wba1_0."waba_id",wba1_0."webhook_verify_token",wba1_0."webhook_verify_token_hash",wba1_0."workspace_id" from "whatsapp_business_accounts" wba1_0 where wba1_0."workspace_id"=? and wba1_0."status"=? fetch first ? rows only
2026-09-04 19:19:20.550 DEBUG 21412 --- [   scheduling-1] org.hibernate.SQL                        : select j1_0."id",j1_0."attempts",j1_0."available_at",j1_0."created_at",j1_0."payload",j1_0."queue",j1_0."reserved_at" from "jobs" j1_0 where j1_0."available_at"<=? and (j1_0."reserved_at" is null or j1_0."reserved_at"<=?) order by j1_0."id" fetch first ? rows only
Hibernate: select j1_0."id",j1_0."attempts",j1_0."available_at",j1_0."created_at",j1_0."payload",j1_0."queue",j1_0."reserved_at" from "jobs" j1_0 where j1_0."available_at"<=? and (j1_0."reserved_at" is null or j1_0."reserved_at"<=?) order by j1_0."id" fetch first ? rows only
2026-09-04 19:19:20.877 DEBUG 21412 --- [    Test worker] org.hibernate.SQL                        : insert into "users" ("avatar","client_id","client_role","created_at","display_currency","email","email_verified_at","locale","name","password","remember_token","role","status","theme","timezone","two_factor_confirmed_at","two_factor_recovery_codes","two_factor_secret","updated_at","workspace_id","id") values (?,?,?,?,?,?,?,?,?,?,?,?,?,?,?,?,?,?,?,?,default)
Hibernate: insert into "users" ("avatar","client_id","client_role","created_at","display_currency","email","email_verified_at","locale","name","password","remember_token","role","status","theme","timezone","two_factor_confirmed_at","two_factor_recovery_codes","two_factor_secret","updated_at","workspace_id","id") values (?,?,?,?,?,?,?,?,?,?,?,?,?,?,?,?,?,?,?,?,default)
2026-09-04 19:19:20.877 DEBUG 21412 --- [    Test worker] org.hibernate.SQL                        : insert into "workspaces" ("client_id","created_at","currency_code","default_locale","name","owner_id","updated_at","id") values (?,?,?,?,?,?,?,default)
Hibernate: insert into "workspaces" ("client_id","created_at","currency_code","default_locale","name","owner_id","updated_at","id") values (?,?,?,?,?,?,?,default)
2026-09-04 19:19:20.877 DEBUG 21412 --- [    Test worker] org.hibernate.SQL                        : insert into "whatsapp_business_accounts" ("created_at","credentials","meta_json","status","updated_at","waba_id","webhook_verify_token","webhook_verify_token_hash","workspace_id","id") values (?,?,?,?,?,?,?,?,?,default)
Hibernate: insert into "whatsapp_business_accounts" ("created_at","credentials","meta_json","status","updated_at","waba_id","webhook_verify_token","webhook_verify_token_hash","workspace_id","id") values (?,?,?,?,?,?,?,?,?,default)
2026-09-04 19:19:20.953 DEBUG 21412 --- [   scheduling-1] org.hibernate.SQL                        : select j1_0."id",j1_0."attempts",j1_0."available_at",j1_0."created_at",j1_0."payload",j1_0."queue",j1_0."reserved_at" from "jobs" j1_0 where j1_0."available_at"<=? and (j1_0."reserved_at" is null or j1_0."reserved_at"<=?) order by j1_0."id" fetch first ? rows only
Hibernate: select j1_0."id",j1_0."attempts",j1_0."available_at",j1_0."created_at",j1_0."payload",j1_0."queue",j1_0."reserved_at" from "jobs" j1_0 where j1_0."available_at"<=? and (j1_0."reserved_at" is null or j1_0."reserved_at"<=?) order by j1_0."id" fetch first ? rows only
2026-09-04 19:19:21.289 DEBUG 21412 --- [    Test worker] org.hibernate.SQL                        : insert into "users" ("avatar","client_id","client_role","created_at","display_currency","email","email_verified_at","locale","name","password","remember_token","role","status","theme","timezone","two_factor_confirmed_at","two_factor_recovery_codes","two_factor_secret","updated_at","workspace_id","id") values (?,?,?,?,?,?,?,?,?,?,?,?,?,?,?,?,?,?,?,?,default)
Hibernate: insert into "users" ("avatar","client_id","client_role","created_at","display_currency","email","email_verified_at","locale","name","password","remember_token","role","status","theme","timezone","two_factor_confirmed_at","two_factor_recovery_codes","two_factor_secret","updated_at","workspace_id","id") values (?,?,?,?,?,?,?,?,?,?,?,?,?,?,?,?,?,?,?,?,default)
2026-09-04 19:19:21.289 DEBUG 21412 --- [    Test worker] org.hibernate.SQL                        : insert into "workspaces" ("client_id","created_at","currency_code","default_locale","name","owner_id","updated_at","id") values (?,?,?,?,?,?,?,default)
Hibernate: insert into "workspaces" ("client_id","created_at","currency_code","default_locale","name","owner_id","updated_at","id") values (?,?,?,?,?,?,?,default)
2026-09-04 19:19:21.292 DEBUG 21412 --- [    Test worker] org.hibernate.SQL                        : select wu1_0."id",wu1_0."created_at",wu1_0."role",wu1_0."updated_at",wu1_0."user_id",wu1_0."workspace_id" from "workspace_user" wu1_0 where wu1_0."workspace_id"=? and wu1_0."user_id"=?
Hibernate: select wu1_0."id",wu1_0."created_at",wu1_0."role",wu1_0."updated_at",wu1_0."user_id",wu1_0."workspace_id" from "workspace_user" wu1_0 where wu1_0."workspace_id"=? and wu1_0."user_id"=?
2026-09-04 19:19:21.294 DEBUG 21412 --- [    Test worker] org.hibernate.SQL                        : select wba1_0."id",wba1_0."created_at",wba1_0."credentials",wba1_0."meta_json",wba1_0."status",wba1_0."updated_at",wba1_0."waba_id",wba1_0."webhook_verify_token",wba1_0."webhook_verify_token_hash",wba1_0."workspace_id" from "whatsapp_business_accounts" wba1_0 where wba1_0."waba_id"=?
Hibernate: select wba1_0."id",wba1_0."created_at",wba1_0."credentials",wba1_0."meta_json",wba1_0."status",wba1_0."updated_at",wba1_0."waba_id",wba1_0."webhook_verify_token",wba1_0."webhook_verify_token_hash",wba1_0."workspace_id" from "whatsapp_business_accounts" wba1_0 where wba1_0."waba_id"=?
2026-09-04 19:19:21.435 DEBUG 21412 --- [   scheduling-1] org.hibernate.SQL                        : select j1_0."id",j1_0."attempts",j1_0."available_at",j1_0."created_at",j1_0."payload",j1_0."queue",j1_0."reserved_at" from "jobs" j1_0 where j1_0."available_at"<=? and (j1_0."reserved_at" is null or j1_0."reserved_at"<=?) order by j1_0."id" fetch first ? rows only
Hibernate: select j1_0."id",j1_0."attempts",j1_0."available_at",j1_0."created_at",j1_0."payload",j1_0."queue",j1_0."reserved_at" from "jobs" j1_0 where j1_0."available_at"<=? and (j1_0."reserved_at" is null or j1_0."reserved_at"<=?) order by j1_0."id" fetch first ? rows only
2026-09-04 19:19:21.552 DEBUG 21412 --- [   scheduling-1] org.hibernate.SQL                        : select j1_0."id",j1_0."attempts",j1_0."available_at",j1_0."created_at",j1_0."payload",j1_0."queue",j1_0."reserved_at" from "jobs" j1_0 where j1_0."available_at"<=? and (j1_0."reserved_at" is null or j1_0."reserved_at"<=?) order by j1_0."id" fetch first ? rows only
Hibernate: select j1_0."id",j1_0."attempts",j1_0."available_at",j1_0."created_at",j1_0."payload",j1_0."queue",j1_0."reserved_at" from "jobs" j1_0 where j1_0."available_at"<=? and (j1_0."reserved_at" is null or j1_0."reserved_at"<=?) order by j1_0."id" fetch first ? rows only
2026-09-04 19:19:21.667 DEBUG 21412 --- [    Test worker] org.hibernate.SQL                        : insert into "users" ("avatar","client_id","client_role","created_at","display_currency","email","email_verified_at","locale","name","password","remember_token","role","status","theme","timezone","two_factor_confirmed_at","two_factor_recovery_codes","two_factor_secret","updated_at","workspace_id","id") values (?,?,?,?,?,?,?,?,?,?,?,?,?,?,?,?,?,?,?,?,default)
Hibernate: insert into "users" ("avatar","client_id","client_role","created_at","display_currency","email","email_verified_at","locale","name","password","remember_token","role","status","theme","timezone","two_factor_confirmed_at","two_factor_recovery_codes","two_factor_secret","updated_at","workspace_id","id") values (?,?,?,?,?,?,?,?,?,?,?,?,?,?,?,?,?,?,?,?,default)
2026-09-04 19:19:21.669 DEBUG 21412 --- [    Test worker] org.hibernate.SQL                        : insert into "workspaces" ("client_id","created_at","currency_code","default_locale","name","owner_id","updated_at","id") values (?,?,?,?,?,?,?,default)
Hibernate: insert into "workspaces" ("client_id","created_at","currency_code","default_locale","name","owner_id","updated_at","id") values (?,?,?,?,?,?,?,default)
2026-09-04 19:19:21.670 DEBUG 21412 --- [    Test worker] org.hibernate.SQL                        : insert into "whatsapp_business_accounts" ("created_at","credentials","meta_json","status","updated_at","waba_id","webhook_verify_token","webhook_verify_token_hash","workspace_id","id") values (?,?,?,?,?,?,?,?,?,default)
Hibernate: insert into "whatsapp_business_accounts" ("created_at","credentials","meta_json","status","updated_at","waba_id","webhook_verify_token","webhook_verify_token_hash","workspace_id","id") values (?,?,?,?,?,?,?,?,?,default)
2026-09-04 19:19:21.970 DEBUG 21412 --- [   scheduling-1] org.hibernate.SQL                        : select j1_0."id",j1_0."attempts",j1_0."available_at",j1_0."created_at",j1_0."payload",j1_0."queue",j1_0."reserved_at" from "jobs" j1_0 where j1_0."available_at"<=? and (j1_0."reserved_at" is null or j1_0."reserved_at"<=?) order by j1_0."id" fetch first ? rows only
Hibernate: select j1_0."id",j1_0."attempts",j1_0."available_at",j1_0."created_at",j1_0."payload",j1_0."queue",j1_0."reserved_at" from "jobs" j1_0 where j1_0."available_at"<=? and (j1_0."reserved_at" is null or j1_0."reserved_at"<=?) order by j1_0."id" fetch first ? rows only
2026-09-04 19:19:22.010 DEBUG 21412 --- [    Test worker] org.hibernate.SQL                        : insert into "users" ("avatar","client_id","client_role","created_at","display_currency","email","email_verified_at","locale","name","password","remember_token","role","status","theme","timezone","two_factor_confirmed_at","two_factor_recovery_codes","two_factor_secret","updated_at","workspace_id","id") values (?,?,?,?,?,?,?,?,?,?,?,?,?,?,?,?,?,?,?,?,default)
Hibernate: insert into "users" ("avatar","client_id","client_role","created_at","display_currency","email","email_verified_at","locale","name","password","remember_token","role","status","theme","timezone","two_factor_confirmed_at","two_factor_recovery_codes","two_factor_secret","updated_at","workspace_id","id") values (?,?,?,?,?,?,?,?,?,?,?,?,?,?,?,?,?,?,?,?,default)
2026-09-04 19:19:22.010 DEBUG 21412 --- [    Test worker] org.hibernate.SQL                        : insert into "workspaces" ("client_id","created_at","currency_code","default_locale","name","owner_id","updated_at","id") values (?,?,?,?,?,?,?,default)
Hibernate: insert into "workspaces" ("client_id","created_at","currency_code","default_locale","name","owner_id","updated_at","id") values (?,?,?,?,?,?,?,default)
2026-09-04 19:19:22.377 DEBUG 21412 --- [    Test worker] org.hibernate.SQL                        : insert into "users" ("avatar","client_id","client_role","created_at","display_currency","email","email_verified_at","locale","name","password","remember_token","role","status","theme","timezone","two_factor_confirmed_at","two_factor_recovery_codes","two_factor_secret","updated_at","workspace_id","id") values (?,?,?,?,?,?,?,?,?,?,?,?,?,?,?,?,?,?,?,?,default)
Hibernate: insert into "users" ("avatar","client_id","client_role","created_at","display_currency","email","email_verified_at","locale","name","password","remember_token","role","status","theme","timezone","two_factor_confirmed_at","two_factor_recovery_codes","two_factor_secret","updated_at","workspace_id","id") values (?,?,?,?,?,?,?,?,?,?,?,?,?,?,?,?,?,?,?,?,default)
2026-09-04 19:19:22.377 DEBUG 21412 --- [    Test worker] org.hibernate.SQL                        : insert into "workspaces" ("client_id","created_at","currency_code","default_locale","name","owner_id","updated_at","id") values (?,?,?,?,?,?,?,default)
Hibernate: insert into "workspaces" ("client_id","created_at","currency_code","default_locale","name","owner_id","updated_at","id") values (?,?,?,?,?,?,?,default)
2026-09-04 19:19:22.380 DEBUG 21412 --- [    Test worker] org.hibernate.SQL                        : insert into "whatsapp_business_accounts" ("created_at","credentials","meta_json","status","updated_at","waba_id","webhook_verify_token","webhook_verify_token_hash","workspace_id","id") values (?,?,?,?,?,?,?,?,?,default)
Hibernate: insert into "whatsapp_business_accounts" ("created_at","credentials","meta_json","status","updated_at","waba_id","webhook_verify_token","webhook_verify_token_hash","workspace_id","id") values (?,?,?,?,?,?,?,?,?,default)
2026-09-04 19:19:22.451 DEBUG 21412 --- [   scheduling-1] org.hibernate.SQL                        : select j1_0."id",j1_0."attempts",j1_0."available_at",j1_0."created_at",j1_0."payload",j1_0."queue",j1_0."reserved_at" from "jobs" j1_0 where j1_0."available_at"<=? and (j1_0."reserved_at" is null or j1_0."reserved_at"<=?) order by j1_0."id" fetch first ? rows only
Hibernate: select j1_0."id",j1_0."attempts",j1_0."available_at",j1_0."created_at",j1_0."payload",j1_0."queue",j1_0."reserved_at" from "jobs" j1_0 where j1_0."available_at"<=? and (j1_0."reserved_at" is null or j1_0."reserved_at"<=?) order by j1_0."id" fetch first ? rows only
2026-09-04 19:19:22.569 DEBUG 21412 --- [   scheduling-1] org.hibernate.SQL                        : select j1_0."id",j1_0."attempts",j1_0."available_at",j1_0."created_at",j1_0."payload",j1_0."queue",j1_0."reserved_at" from "jobs" j1_0 where j1_0."available_at"<=? and (j1_0."reserved_at" is null or j1_0."reserved_at"<=?) order by j1_0."id" fetch first ? rows only
Hibernate: select j1_0."id",j1_0."attempts",j1_0."available_at",j1_0."created_at",j1_0."payload",j1_0."queue",j1_0."reserved_at" from "jobs" j1_0 where j1_0."available_at"<=? and (j1_0."reserved_at" is null or j1_0."reserved_at"<=?) order by j1_0."id" fetch first ? rows only
2026-09-04 19:19:22.750 DEBUG 21412 --- [    Test worker] org.hibernate.SQL                        : insert into "users" ("avatar","client_id","client_role","created_at","display_currency","email","email_verified_at","locale","name","password","remember_token","role","status","theme","timezone","two_factor_confirmed_at","two_factor_recovery_codes","two_factor_secret","updated_at","workspace_id","id") values (?,?,?,?,?,?,?,?,?,?,?,?,?,?,?,?,?,?,?,?,default)
Hibernate: insert into "users" ("avatar","client_id","client_role","created_at","display_currency","email","email_verified_at","locale","name","password","remember_token","role","status","theme","timezone","two_factor_confirmed_at","two_factor_recovery_codes","two_factor_secret","updated_at","workspace_id","id") values (?,?,?,?,?,?,?,?,?,?,?,?,?,?,?,?,?,?,?,?,default)
2026-09-04 19:19:22.750 DEBUG 21412 --- [    Test worker] org.hibernate.SQL                        : insert into "workspaces" ("client_id","created_at","currency_code","default_locale","name","owner_id","updated_at","id") values (?,?,?,?,?,?,?,default)
Hibernate: insert into "workspaces" ("client_id","created_at","currency_code","default_locale","name","owner_id","updated_at","id") values (?,?,?,?,?,?,?,default)
2026-09-04 19:19:22.750 DEBUG 21412 --- [    Test worker] org.hibernate.SQL                        : select wu1_0."id",wu1_0."created_at",wu1_0."role",wu1_0."updated_at",wu1_0."user_id",wu1_0."workspace_id" from "workspace_user" wu1_0 where wu1_0."workspace_id"=? and wu1_0."user_id"=?
Hibernate: select wu1_0."id",wu1_0."created_at",wu1_0."role",wu1_0."updated_at",wu1_0."user_id",wu1_0."workspace_id" from "workspace_user" wu1_0 where wu1_0."workspace_id"=? and wu1_0."user_id"=?
2026-09-04 19:19:22.750 DEBUG 21412 --- [    Test worker] org.hibernate.SQL                        : select wba1_0."id",wba1_0."created_at",wba1_0."credentials",wba1_0."meta_json",wba1_0."status",wba1_0."updated_at",wba1_0."waba_id",wba1_0."webhook_verify_token",wba1_0."webhook_verify_token_hash",wba1_0."workspace_id" from "whatsapp_business_accounts" wba1_0 where wba1_0."waba_id"=?
Hibernate: select wba1_0."id",wba1_0."created_at",wba1_0."credentials",wba1_0."meta_json",wba1_0."status",wba1_0."updated_at",wba1_0."waba_id",wba1_0."webhook_verify_token",wba1_0."webhook_verify_token_hash",wba1_0."workspace_id" from "whatsapp_business_accounts" wba1_0 where wba1_0."waba_id"=?
2026-09-04 19:19:22.758 DEBUG 21412 --- [    Test worker] org.hibernate.SQL                        : update "users" set "avatar"=?,"client_id"=?,"client_role"=?,"display_currency"=?,"email"=?,"email_verified_at"=?,"locale"=?,"name"=?,"password"=?,"remember_token"=?,"role"=?,"status"=?,"theme"=?,"timezone"=?,"two_factor_confirmed_at"=?,"two_factor_recovery_codes"=?,"two_factor_secret"=?,"updated_at"=?,"workspace_id"=? where "id"=?
Hibernate: update "users" set "avatar"=?,"client_id"=?,"client_role"=?,"display_currency"=?,"email"=?,"email_verified_at"=?,"locale"=?,"name"=?,"password"=?,"remember_token"=?,"role"=?,"status"=?,"theme"=?,"timezone"=?,"two_factor_confirmed_at"=?,"two_factor_recovery_codes"=?,"two_factor_secret"=?,"updated_at"=?,"workspace_id"=? where "id"=?
2026-09-04 19:19:22.758 DEBUG 21412 --- [    Test worker] org.hibernate.SQL                        : update "users" set "avatar"=?,"client_id"=?,"client_role"=?,"display_currency"=?,"email"=?,"email_verified_at"=?,"locale"=?,"name"=?,"password"=?,"remember_token"=?,"role"=?,"status"=?,"theme"=?,"timezone"=?,"two_factor_confirmed_at"=?,"two_factor_recovery_codes"=?,"two_factor_secret"=?,"updated_at"=?,"workspace_id"=? where "id"=?
Hibernate: update "users" set "avatar"=?,"client_id"=?,"client_role"=?,"display_currency"=?,"email"=?,"email_verified_at"=?,"locale"=?,"name"=?,"password"=?,"remember_token"=?,"role"=?,"status"=?,"theme"=?,"timezone"=?,"two_factor_confirmed_at"=?,"two_factor_recovery_codes"=?,"two_factor_secret"=?,"updated_at"=?,"workspace_id"=? where "id"=?
2026-09-04 19:19:22.758 DEBUG 21412 --- [    Test worker] org.hibernate.SQL                        : delete from "whatsapp_business_accounts" where "id"=?
Hibernate: delete from "whatsapp_business_accounts" where "id"=?
2026-09-04 19:19:22.758 DEBUG 21412 --- [    Test worker] org.hibernate.SQL                        : select wba1_0."id",wba1_0."created_at",wba1_0."credentials",wba1_0."meta_json",wba1_0."status",wba1_0."updated_at",wba1_0."waba_id",wba1_0."webhook_verify_token",wba1_0."webhook_verify_token_hash",wba1_0."workspace_id" from "whatsapp_business_accounts" wba1_0 where wba1_0."waba_id"=?
Hibernate: select wba1_0."id",wba1_0."created_at",wba1_0."credentials",wba1_0."meta_json",wba1_0."status",wba1_0."updated_at",wba1_0."waba_id",wba1_0."webhook_verify_token",wba1_0."webhook_verify_token_hash",wba1_0."workspace_id" from "whatsapp_business_accounts" wba1_0 where wba1_0."waba_id"=?
2026-09-04 19:19:22.983 DEBUG 21412 --- [   scheduling-1] org.hibernate.SQL                        : select j1_0."id",j1_0."attempts",j1_0."available_at",j1_0."created_at",j1_0."payload",j1_0."queue",j1_0."reserved_at" from "jobs" j1_0 where j1_0."available_at"<=? and (j1_0."reserved_at" is null or j1_0."reserved_at"<=?) order by j1_0."id" fetch first ? rows only
Hibernate: select j1_0."id",j1_0."attempts",j1_0."available_at",j1_0."created_at",j1_0."payload",j1_0."queue",j1_0."reserved_at" from "jobs" j1_0 where j1_0."available_at"<=? and (j1_0."reserved_at" is null or j1_0."reserved_at"<=?) order by j1_0."id" fetch first ? rows only
2026-09-04 19:19:23.088 DEBUG 21412 --- [    Test worker] org.hibernate.SQL                        : insert into "users" ("avatar","client_id","client_role","created_at","display_currency","email","email_verified_at","locale","name","password","remember_token","role","status","theme","timezone","two_factor_confirmed_at","two_factor_recovery_codes","two_factor_secret","updated_at","workspace_id","id") values (?,?,?,?,?,?,?,?,?,?,?,?,?,?,?,?,?,?,?,?,default)
Hibernate: insert into "users" ("avatar","client_id","client_role","created_at","display_currency","email","email_verified_at","locale","name","password","remember_token","role","status","theme","timezone","two_factor_confirmed_at","two_factor_recovery_codes","two_factor_secret","updated_at","workspace_id","id") values (?,?,?,?,?,?,?,?,?,?,?,?,?,?,?,?,?,?,?,?,default)
2026-09-04 19:19:23.088 DEBUG 21412 --- [    Test worker] org.hibernate.SQL                        : insert into "workspaces" ("client_id","created_at","currency_code","default_locale","name","owner_id","updated_at","id") values (?,?,?,?,?,?,?,default)
Hibernate: insert into "workspaces" ("client_id","created_at","currency_code","default_locale","name","owner_id","updated_at","id") values (?,?,?,?,?,?,?,default)
2026-09-04 19:19:23.090 DEBUG 21412 --- [    Test worker] org.hibernate.SQL                        : insert into "whatsapp_business_accounts" ("created_at","credentials","meta_json","status","updated_at","waba_id","webhook_verify_token","webhook_verify_token_hash","workspace_id","id") values (?,?,?,?,?,?,?,?,?,default)
Hibernate: insert into "whatsapp_business_accounts" ("created_at","credentials","meta_json","status","updated_at","waba_id","webhook_verify_token","webhook_verify_token_hash","workspace_id","id") values (?,?,?,?,?,?,?,?,?,default)
2026-09-04 19:19:23.423 DEBUG 21412 --- [    Test worker] org.hibernate.SQL                        : insert into "users" ("avatar","client_id","client_role","created_at","display_currency","email","email_verified_at","locale","name","password","remember_token","role","status","theme","timezone","two_factor_confirmed_at","two_factor_recovery_codes","two_factor_secret","updated_at","workspace_id","id") values (?,?,?,?,?,?,?,?,?,?,?,?,?,?,?,?,?,?,?,?,default)
Hibernate: insert into "users" ("avatar","client_id","client_role","created_at","display_currency","email","email_verified_at","locale","name","password","remember_token","role","status","theme","timezone","two_factor_confirmed_at","two_factor_recovery_codes","two_factor_secret","updated_at","workspace_id","id") values (?,?,?,?,?,?,?,?,?,?,?,?,?,?,?,?,?,?,?,?,default)
2026-09-04 19:19:23.423 DEBUG 21412 --- [    Test worker] org.hibernate.SQL                        : insert into "workspaces" ("client_id","created_at","currency_code","default_locale","name","owner_id","updated_at","id") values (?,?,?,?,?,?,?,default)
Hibernate: insert into "workspaces" ("client_id","created_at","currency_code","default_locale","name","owner_id","updated_at","id") values (?,?,?,?,?,?,?,default)
2026-09-04 19:19:23.425 DEBUG 21412 --- [    Test worker] org.hibernate.SQL                        : select wu1_0."id",wu1_0."created_at",wu1_0."role",wu1_0."updated_at",wu1_0."user_id",wu1_0."workspace_id" from "workspace_user" wu1_0 where wu1_0."workspace_id"=? and wu1_0."user_id"=?
Hibernate: select wu1_0."id",wu1_0."created_at",wu1_0."role",wu1_0."updated_at",wu1_0."user_id",wu1_0."workspace_id" from "workspace_user" wu1_0 where wu1_0."workspace_id"=? and wu1_0."user_id"=?
2026-09-04 19:19:23.425 DEBUG 21412 --- [    Test worker] org.hibernate.SQL                        : select wt1_0."id",wt1_0."category",wt1_0."components",wt1_0."created_at",wt1_0."language",wt1_0."meta_template_id",wt1_0."name",wt1_0."rejection_reason",wt1_0."status",wt1_0."updated_at",wt1_0."waba_id",wt1_0."workspace_id" from "whatsapp_templates" wt1_0 where wt1_0."workspace_id"=?
Hibernate: select wt1_0."id",wt1_0."category",wt1_0."components",wt1_0."created_at",wt1_0."language",wt1_0."meta_template_id",wt1_0."name",wt1_0."rejection_reason",wt1_0."status",wt1_0."updated_at",wt1_0."waba_id",wt1_0."workspace_id" from "whatsapp_templates" wt1_0 where wt1_0."workspace_id"=?
2026-09-04 19:19:23.467 DEBUG 21412 --- [   scheduling-1] org.hibernate.SQL                        : select j1_0."id",j1_0."attempts",j1_0."available_at",j1_0."created_at",j1_0."payload",j1_0."queue",j1_0."reserved_at" from "jobs" j1_0 where j1_0."available_at"<=? and (j1_0."reserved_at" is null or j1_0."reserved_at"<=?) order by j1_0."id" fetch first ? rows only
Hibernate: select j1_0."id",j1_0."attempts",j1_0."available_at",j1_0."created_at",j1_0."payload",j1_0."queue",j1_0."reserved_at" from "jobs" j1_0 where j1_0."available_at"<=? and (j1_0."reserved_at" is null or j1_0."reserved_at"<=?) order by j1_0."id" fetch first ? rows only
2026-09-04 19:19:23.586 DEBUG 21412 --- [   scheduling-1] org.hibernate.SQL                        : select j1_0."id",j1_0."attempts",j1_0."available_at",j1_0."created_at",j1_0."payload",j1_0."queue",j1_0."reserved_at" from "jobs" j1_0 where j1_0."available_at"<=? and (j1_0."reserved_at" is null or j1_0."reserved_at"<=?) order by j1_0."id" fetch first ? rows only
Hibernate: select j1_0."id",j1_0."attempts",j1_0."available_at",j1_0."created_at",j1_0."payload",j1_0."queue",j1_0."reserved_at" from "jobs" j1_0 where j1_0."available_at"<=? and (j1_0."reserved_at" is null or j1_0."reserved_at"<=?) order by j1_0."id" fetch first ? rows only
2026-09-04 19:19:23.740 DEBUG 21412 --- [    Test worker] org.hibernate.SQL                        : insert into "users" ("avatar","client_id","client_role","created_at","display_currency","email","email_verified_at","locale","name","password","remember_token","role","status","theme","timezone","two_factor_confirmed_at","two_factor_recovery_codes","two_factor_secret","updated_at","workspace_id","id") values (?,?,?,?,?,?,?,?,?,?,?,?,?,?,?,?,?,?,?,?,default)
Hibernate: insert into "users" ("avatar","client_id","client_role","created_at","display_currency","email","email_verified_at","locale","name","password","remember_token","role","status","theme","timezone","two_factor_confirmed_at","two_factor_recovery_codes","two_factor_secret","updated_at","workspace_id","id") values (?,?,?,?,?,?,?,?,?,?,?,?,?,?,?,?,?,?,?,?,default)
2026-09-04 19:19:23.740 DEBUG 21412 --- [    Test worker] org.hibernate.SQL                        : insert into "workspaces" ("client_id","created_at","currency_code","default_locale","name","owner_id","updated_at","id") values (?,?,?,?,?,?,?,default)
Hibernate: insert into "workspaces" ("client_id","created_at","currency_code","default_locale","name","owner_id","updated_at","id") values (?,?,?,?,?,?,?,default)
2026-09-04 19:19:23.740 DEBUG 21412 --- [    Test worker] org.hibernate.SQL                        : insert into "whatsapp_business_accounts" ("created_at","credentials","meta_json","status","updated_at","waba_id","webhook_verify_token","webhook_verify_token_hash","workspace_id","id") values (?,?,?,?,?,?,?,?,?,default)
Hibernate: insert into "whatsapp_business_accounts" ("created_at","credentials","meta_json","status","updated_at","waba_id","webhook_verify_token","webhook_verify_token_hash","workspace_id","id") values (?,?,?,?,?,?,?,?,?,default)
2026-09-04 19:19:23.986 DEBUG 21412 --- [   scheduling-1] org.hibernate.SQL                        : select j1_0."id",j1_0."attempts",j1_0."available_at",j1_0."created_at",j1_0."payload",j1_0."queue",j1_0."reserved_at" from "jobs" j1_0 where j1_0."available_at"<=? and (j1_0."reserved_at" is null or j1_0."reserved_at"<=?) order by j1_0."id" fetch first ? rows only
Hibernate: select j1_0."id",j1_0."attempts",j1_0."available_at",j1_0."created_at",j1_0."payload",j1_0."queue",j1_0."reserved_at" from "jobs" j1_0 where j1_0."available_at"<=? and (j1_0."reserved_at" is null or j1_0."reserved_at"<=?) order by j1_0."id" fetch first ? rows only
2026-09-04 19:19:24.100 DEBUG 21412 --- [    Test worker] org.hibernate.SQL                        : insert into "users" ("avatar","client_id","client_role","created_at","display_currency","email","email_verified_at","locale","name","password","remember_token","role","status","theme","timezone","two_factor_confirmed_at","two_factor_recovery_codes","two_factor_secret","updated_at","workspace_id","id") values (?,?,?,?,?,?,?,?,?,?,?,?,?,?,?,?,?,?,?,?,default)
Hibernate: insert into "users" ("avatar","client_id","client_role","created_at","display_currency","email","email_verified_at","locale","name","password","remember_token","role","status","theme","timezone","two_factor_confirmed_at","two_factor_recovery_codes","two_factor_secret","updated_at","workspace_id","id") values (?,?,?,?,?,?,?,?,?,?,?,?,?,?,?,?,?,?,?,?,default)
2026-09-04 19:19:24.101 DEBUG 21412 --- [    Test worker] org.hibernate.SQL                        : insert into "workspaces" ("client_id","created_at","currency_code","default_locale","name","owner_id","updated_at","id") values (?,?,?,?,?,?,?,default)
Hibernate: insert into "workspaces" ("client_id","created_at","currency_code","default_locale","name","owner_id","updated_at","id") values (?,?,?,?,?,?,?,default)
2026-09-04 19:19:24.104 DEBUG 21412 --- [    Test worker] org.hibernate.SQL                        : select wu1_0."id",wu1_0."created_at",wu1_0."role",wu1_0."updated_at",wu1_0."user_id",wu1_0."workspace_id" from "workspace_user" wu1_0 where wu1_0."workspace_id"=? and wu1_0."user_id"=?
Hibernate: select wu1_0."id",wu1_0."created_at",wu1_0."role",wu1_0."updated_at",wu1_0."user_id",wu1_0."workspace_id" from "workspace_user" wu1_0 where wu1_0."workspace_id"=? and wu1_0."user_id"=?
2026-09-04 19:19:24.107 DEBUG 21412 --- [    Test worker] org.hibernate.SQL                        : select wba1_0."id",wba1_0."created_at",wba1_0."credentials",wba1_0."meta_json",wba1_0."status",wba1_0."updated_at",wba1_0."waba_id",wba1_0."webhook_verify_token",wba1_0."webhook_verify_token_hash",wba1_0."workspace_id" from "whatsapp_business_accounts" wba1_0 where wba1_0."workspace_id"=? and wba1_0."waba_id"=?
Hibernate: select wba1_0."id",wba1_0."created_at",wba1_0."credentials",wba1_0."meta_json",wba1_0."status",wba1_0."updated_at",wba1_0."waba_id",wba1_0."webhook_verify_token",wba1_0."webhook_verify_token_hash",wba1_0."workspace_id" from "whatsapp_business_accounts" wba1_0 where wba1_0."workspace_id"=? and wba1_0."waba_id"=?
2026-09-04 19:19:24.107 DEBUG 21412 --- [    Test worker] org.hibernate.SQL                        : insert into "whatsapp_business_accounts" ("created_at","credentials","meta_json","status","updated_at","waba_id","webhook_verify_token","webhook_verify_token_hash","workspace_id","id") values (?,?,?,?,?,?,?,?,?,default)
Hibernate: insert into "whatsapp_business_accounts" ("created_at","credentials","meta_json","status","updated_at","waba_id","webhook_verify_token","webhook_verify_token_hash","workspace_id","id") values (?,?,?,?,?,?,?,?,?,default)
2026-09-04 19:19:24.107 DEBUG 21412 --- [    Test worker] org.hibernate.SQL                        : insert into "whatsapp_phone_numbers" ("account_mode","code_verification_status","created_at","display_phone","messaging_limit_tier","name_status","phone_number_id","quality_rating","requested_verified_name","updated_at","verified_name","waba_id_fk","id") values (?,?,?,?,?,?,?,?,?,?,?,?,default)
Hibernate: insert into "whatsapp_phone_numbers" ("account_mode","code_verification_status","created_at","display_phone","messaging_limit_tier","name_status","phone_number_id","quality_rating","requested_verified_name","updated_at","verified_name","waba_id_fk","id") values (?,?,?,?,?,?,?,?,?,?,?,?,default)
2026-09-04 19:19:24.107 DEBUG 21412 --- [    Test worker] org.hibernate.SQL                        : select wba1_0."id",wba1_0."created_at",wba1_0."credentials",wba1_0."meta_json",wba1_0."status",wba1_0."updated_at",wba1_0."waba_id",wba1_0."webhook_verify_token",wba1_0."webhook_verify_token_hash",wba1_0."workspace_id" from "whatsapp_business_accounts" wba1_0 where wba1_0."waba_id"=?
Hibernate: select wba1_0."id",wba1_0."created_at",wba1_0."credentials",wba1_0."meta_json",wba1_0."status",wba1_0."updated_at",wba1_0."waba_id",wba1_0."webhook_verify_token",wba1_0."webhook_verify_token_hash",wba1_0."workspace_id" from "whatsapp_business_accounts" wba1_0 where wba1_0."waba_id"=?
2026-09-04 19:19:24.450 DEBUG 21412 --- [    Test worker] org.hibernate.SQL                        : insert into "users" ("avatar","client_id","client_role","created_at","display_currency","email","email_verified_at","locale","name","password","remember_token","role","status","theme","timezone","two_factor_confirmed_at","two_factor_recovery_codes","two_factor_secret","updated_at","workspace_id","id") values (?,?,?,?,?,?,?,?,?,?,?,?,?,?,?,?,?,?,?,?,default)
Hibernate: insert into "users" ("avatar","client_id","client_role","created_at","display_currency","email","email_verified_at","locale","name","password","remember_token","role","status","theme","timezone","two_factor_confirmed_at","two_factor_recovery_codes","two_factor_secret","updated_at","workspace_id","id") values (?,?,?,?,?,?,?,?,?,?,?,?,?,?,?,?,?,?,?,?,default)
2026-09-04 19:19:24.450 DEBUG 21412 --- [    Test worker] org.hibernate.SQL                        : insert into "workspaces" ("client_id","created_at","currency_code","default_locale","name","owner_id","updated_at","id") values (?,?,?,?,?,?,?,default)
Hibernate: insert into "workspaces" ("client_id","created_at","currency_code","default_locale","name","owner_id","updated_at","id") values (?,?,?,?,?,?,?,default)
2026-09-04 19:19:24.450 DEBUG 21412 --- [    Test worker] org.hibernate.SQL                        : insert into "whatsapp_business_accounts" ("created_at","credentials","meta_json","status","updated_at","waba_id","webhook_verify_token","webhook_verify_token_hash","workspace_id","id") values (?,?,?,?,?,?,?,?,?,default)
Hibernate: insert into "whatsapp_business_accounts" ("created_at","credentials","meta_json","status","updated_at","waba_id","webhook_verify_token","webhook_verify_token_hash","workspace_id","id") values (?,?,?,?,?,?,?,?,?,default)
2026-09-04 19:19:24.469 DEBUG 21412 --- [   scheduling-1] org.hibernate.SQL                        : select j1_0."id",j1_0."attempts",j1_0."available_at",j1_0."created_at",j1_0."payload",j1_0."queue",j1_0."reserved_at" from "jobs" j1_0 where j1_0."available_at"<=? and (j1_0."reserved_at" is null or j1_0."reserved_at"<=?) order by j1_0."id" fetch first ? rows only
Hibernate: select j1_0."id",j1_0."attempts",j1_0."available_at",j1_0."created_at",j1_0."payload",j1_0."queue",j1_0."reserved_at" from "jobs" j1_0 where j1_0."available_at"<=? and (j1_0."reserved_at" is null or j1_0."reserved_at"<=?) order by j1_0."id" fetch first ? rows only
2026-09-04 19:19:24.598 DEBUG 21412 --- [   scheduling-1] org.hibernate.SQL                        : select j1_0."id",j1_0."attempts",j1_0."available_at",j1_0."created_at",j1_0."payload",j1_0."queue",j1_0."reserved_at" from "jobs" j1_0 where j1_0."available_at"<=? and (j1_0."reserved_at" is null or j1_0."reserved_at"<=?) order by j1_0."id" fetch first ? rows only
Hibernate: select j1_0."id",j1_0."attempts",j1_0."available_at",j1_0."created_at",j1_0."payload",j1_0."queue",j1_0."reserved_at" from "jobs" j1_0 where j1_0."available_at"<=? and (j1_0."reserved_at" is null or j1_0."reserved_at"<=?) order by j1_0."id" fetch first ? rows only
2026-09-04 19:19:24.772 DEBUG 21412 --- [    Test worker] org.hibernate.SQL                        : insert into "users" ("avatar","client_id","client_role","created_at","display_currency","email","email_verified_at","locale","name","password","remember_token","role","status","theme","timezone","two_factor_confirmed_at","two_factor_recovery_codes","two_factor_secret","updated_at","workspace_id","id") values (?,?,?,?,?,?,?,?,?,?,?,?,?,?,?,?,?,?,?,?,default)
Hibernate: insert into "users" ("avatar","client_id","client_role","created_at","display_currency","email","email_verified_at","locale","name","password","remember_token","role","status","theme","timezone","two_factor_confirmed_at","two_factor_recovery_codes","two_factor_secret","updated_at","workspace_id","id") values (?,?,?,?,?,?,?,?,?,?,?,?,?,?,?,?,?,?,?,?,default)
2026-09-04 19:19:24.772 DEBUG 21412 --- [    Test worker] org.hibernate.SQL                        : insert into "workspaces" ("client_id","created_at","currency_code","default_locale","name","owner_id","updated_at","id") values (?,?,?,?,?,?,?,default)
Hibernate: insert into "workspaces" ("client_id","created_at","currency_code","default_locale","name","owner_id","updated_at","id") values (?,?,?,?,?,?,?,default)
]]></system-out>
  <system-err><![CDATA[]]></system-err>
</testsuite>
