<?xml version="1.0" encoding="UTF-8"?>
<testsuite name="com.whatsmine.billing.Phase13BillingParityIntegrationTest" tests="13" skipped="0" failures="0" errors="0" timestamp="2026-09-04T13:48:07" hostname="DESKTOP-8B9F66M" time="9.007">
  <properties/>
  <testcase name="testAdminTaxRatesCrud()" classname="com.whatsmine.billing.Phase13BillingParityIntegrationTest" time="0.747"/>
  <testcase name="testInvoiceDownload()" classname="com.whatsmine.billing.Phase13BillingParityIntegrationTest" time="0.726"/>
  <testcase name="testCheckoutStoreHostedUrl()" classname="com.whatsmine.billing.Phase13BillingParityIntegrationTest" time="0.679"/>
  <testcase name="testAdminPaymentsAndGateways()" classname="com.whatsmine.billing.Phase13BillingParityIntegrationTest" time="0.675"/>
  <testcase name="testWebhookHandlingAndIdempotency()" classname="com.whatsmine.billing.Phase13BillingParityIntegrationTest" time="0.676"/>
  <testcase name="testAdminPlansCrud()" classname="com.whatsmine.billing.Phase13BillingParityIntegrationTest" time="0.699"/>
  <testcase name="testAdminSubscriptionsAndExport()" classname="com.whatsmine.billing.Phase13BillingParityIntegrationTest" time="0.613"/>
  <testcase name="testCouponCheckEndpoint()" classname="com.whatsmine.billing.Phase13BillingParityIntegrationTest" time="0.754"/>
  <testcase name="testClientSubscriptionChangePlanAndDestroy()" classname="com.whatsmine.billing.Phase13BillingParityIntegrationTest" time="0.678"/>
  <testcase name="testPricingPageInertiaResponse()" classname="com.whatsmine.billing.Phase13BillingParityIntegrationTest" time="0.719"/>
  <testcase name="testAdminCouponsCrud()" classname="com.whatsmine.billing.Phase13BillingParityIntegrationTest" time="0.694"/>
  <testcase name="testClientSubscriptionShowInertiaResponse()" classname="com.whatsmine.billing.Phase13BillingParityIntegrationTest" time="0.691"/>
  <testcase name="testClientBillingIndexInertiaResponse()" classname="com.whatsmine.billing.Phase13BillingParityIntegrationTest" time="0.65"/>
  <system-out><![CDATA[2026-09-04 19:18:07.210  INFO 21412 --- [    Test worker] t.c.s.AnnotationConfigContextLoaderUtils : Could not detect default configuration classes for test class [com.whatsmine.billing.Phase13BillingParityIntegrationTest]: Phase13BillingParityIntegrationTest does not declare any static, non-private, non-final, nested classes annotated with @Configuration.
2026-09-04 19:18:07.222  INFO 21412 --- [    Test worker] .b.t.c.SpringBootTestContextBootstrapper : Found @SpringBootConfiguration com.whatsmine.WhatsMineApplication for test class com.whatsmine.billing.Phase13BillingParityIntegrationTest
2026-09-04 19:18:07.230 DEBUG 21412 --- [    Test worker] org.hibernate.SQL                        : insert into "workspaces" ("client_id","created_at","currency_code","default_locale","name","owner_id","updated_at","id") values (?,?,?,?,?,?,?,default)
Hibernate: insert into "workspaces" ("client_id","created_at","currency_code","default_locale","name","owner_id","updated_at","id") values (?,?,?,?,?,?,?,default)
2026-09-04 19:18:07.455 DEBUG 21412 --- [   scheduling-1] org.hibernate.SQL                        : select j1_0."id",j1_0."attempts",j1_0."available_at",j1_0."created_at",j1_0."payload",j1_0."queue",j1_0."reserved_at" from "jobs" j1_0 where j1_0."available_at"<=? and (j1_0."reserved_at" is null or j1_0."reserved_at"<=?) order by j1_0."id" fetch first ? rows only
Hibernate: select j1_0."id",j1_0."attempts",j1_0."available_at",j1_0."created_at",j1_0."payload",j1_0."queue",j1_0."reserved_at" from "jobs" j1_0 where j1_0."available_at"<=? and (j1_0."reserved_at" is null or j1_0."reserved_at"<=?) order by j1_0."id" fetch first ? rows only
2026-09-04 19:18:07.533 DEBUG 21412 --- [    Test worker] org.hibernate.SQL                        : insert into "users" ("avatar","client_id","client_role","created_at","display_currency","email","email_verified_at","locale","name","password","remember_token","role","status","theme","timezone","two_factor_confirmed_at","two_factor_recovery_codes","two_factor_secret","updated_at","workspace_id","id") values (?,?,?,?,?,?,?,?,?,?,?,?,?,?,?,?,?,?,?,?,default)
Hibernate: insert into "users" ("avatar","client_id","client_role","created_at","display_currency","email","email_verified_at","locale","name","password","remember_token","role","status","theme","timezone","two_factor_confirmed_at","two_factor_recovery_codes","two_factor_secret","updated_at","workspace_id","id") values (?,?,?,?,?,?,?,?,?,?,?,?,?,?,?,?,?,?,?,?,default)
2026-09-04 19:18:07.734 DEBUG 21412 --- [   scheduling-1] org.hibernate.SQL                        : select j1_0."id",j1_0."attempts",j1_0."available_at",j1_0."created_at",j1_0."payload",j1_0."queue",j1_0."reserved_at" from "jobs" j1_0 where j1_0."available_at"<=? and (j1_0."reserved_at" is null or j1_0."reserved_at"<=?) order by j1_0."id" fetch first ? rows only
Hibernate: select j1_0."id",j1_0."attempts",j1_0."available_at",j1_0."created_at",j1_0."payload",j1_0."queue",j1_0."reserved_at" from "jobs" j1_0 where j1_0."available_at"<=? and (j1_0."reserved_at" is null or j1_0."reserved_at"<=?) order by j1_0."id" fetch first ? rows only
2026-09-04 19:18:07.957 DEBUG 21412 --- [    Test worker] org.hibernate.SQL                        : insert into "admin_users" ("created_at","email","name","password","remember_token","status","two_factor_confirmed_at","two_factor_recovery_codes","two_factor_secret","updated_at","id") values (?,?,?,?,?,?,?,?,?,?,default)
Hibernate: insert into "admin_users" ("created_at","email","name","password","remember_token","status","two_factor_confirmed_at","two_factor_recovery_codes","two_factor_secret","updated_at","id") values (?,?,?,?,?,?,?,?,?,?,default)
2026-09-04 19:18:07.957 DEBUG 21412 --- [    Test worker] org.hibernate.SQL                        : insert into "plans" ("created_at","currency_code","description","enabled","featured","features","interval","limits","monthly_price_cents","name","paddle_monthly_id","paddle_yearly_id","popular","price_cents","slug","sort_order","stripe_monthly_id","stripe_yearly_id","trial_days","updated_at","white_label_enabled","yearly_price_cents","id") values (?,?,?,?,?,?,?,?,?,?,?,?,?,?,?,?,?,?,?,?,?,?,default)
Hibernate: insert into "plans" ("created_at","currency_code","description","enabled","featured","features","interval","limits","monthly_price_cents","name","paddle_monthly_id","paddle_yearly_id","popular","price_cents","slug","sort_order","stripe_monthly_id","stripe_yearly_id","trial_days","updated_at","white_label_enabled","yearly_price_cents","id") values (?,?,?,?,?,?,?,?,?,?,?,?,?,?,?,?,?,?,?,?,?,?,default)
2026-09-04 19:18:07.965 DEBUG 21412 --- [    Test worker] org.hibernate.SQL                        : select tr1_0."id",tr1_0."country",tr1_0."created_at",tr1_0."enabled",tr1_0."inclusive",tr1_0."name",tr1_0."percentage",tr1_0."region",tr1_0."stripe_tax_rate_id",tr1_0."updated_at" from "tax_rates" tr1_0
Hibernate: select tr1_0."id",tr1_0."country",tr1_0."created_at",tr1_0."enabled",tr1_0."inclusive",tr1_0."name",tr1_0."percentage",tr1_0."region",tr1_0."stripe_tax_rate_id",tr1_0."updated_at" from "tax_rates" tr1_0
2026-09-04 19:18:07.972 DEBUG 21412 --- [    Test worker] org.hibernate.SQL                        : insert into "tax_rates" ("country","created_at","enabled","inclusive","name","percentage","region","stripe_tax_rate_id","updated_at","id") values (?,?,?,?,?,?,?,?,?,default)
Hibernate: insert into "tax_rates" ("country","created_at","enabled","inclusive","name","percentage","region","stripe_tax_rate_id","updated_at","id") values (?,?,?,?,?,?,?,?,?,default)
2026-09-04 19:18:07.972 DEBUG 21412 --- [    Test worker] org.hibernate.SQL                        : select tr1_0."id",tr1_0."country",tr1_0."created_at",tr1_0."enabled",tr1_0."inclusive",tr1_0."name",tr1_0."percentage",tr1_0."region",tr1_0."stripe_tax_rate_id",tr1_0."updated_at" from "tax_rates" tr1_0
Hibernate: select tr1_0."id",tr1_0."country",tr1_0."created_at",tr1_0."enabled",tr1_0."inclusive",tr1_0."name",tr1_0."percentage",tr1_0."region",tr1_0."stripe_tax_rate_id",tr1_0."updated_at" from "tax_rates" tr1_0
2026-09-04 19:18:07.990 DEBUG 21412 --- [    Test worker] org.hibernate.SQL                        : insert into "workspaces" ("client_id","created_at","currency_code","default_locale","name","owner_id","updated_at","id") values (?,?,?,?,?,?,?,default)
Hibernate: insert into "workspaces" ("client_id","created_at","currency_code","default_locale","name","owner_id","updated_at","id") values (?,?,?,?,?,?,?,default)
2026-09-04 19:18:08.054 DEBUG 21412 --- [   scheduling-1] org.hibernate.SQL                        : select j1_0."id",j1_0."attempts",j1_0."available_at",j1_0."created_at",j1_0."payload",j1_0."queue",j1_0."reserved_at" from "jobs" j1_0 where j1_0."available_at"<=? and (j1_0."reserved_at" is null or j1_0."reserved_at"<=?) order by j1_0."id" fetch first ? rows only
Hibernate: select j1_0."id",j1_0."attempts",j1_0."available_at",j1_0."created_at",j1_0."payload",j1_0."queue",j1_0."reserved_at" from "jobs" j1_0 where j1_0."available_at"<=? and (j1_0."reserved_at" is null or j1_0."reserved_at"<=?) order by j1_0."id" fetch first ? rows only
2026-09-04 19:18:08.340 DEBUG 21412 --- [    Test worker] org.hibernate.SQL                        : insert into "users" ("avatar","client_id","client_role","created_at","display_currency","email","email_verified_at","locale","name","password","remember_token","role","status","theme","timezone","two_factor_confirmed_at","two_factor_recovery_codes","two_factor_secret","updated_at","workspace_id","id") values (?,?,?,?,?,?,?,?,?,?,?,?,?,?,?,?,?,?,?,?,default)
Hibernate: insert into "users" ("avatar","client_id","client_role","created_at","display_currency","email","email_verified_at","locale","name","password","remember_token","role","status","theme","timezone","two_factor_confirmed_at","two_factor_recovery_codes","two_factor_secret","updated_at","workspace_id","id") values (?,?,?,?,?,?,?,?,?,?,?,?,?,?,?,?,?,?,?,?,default)
2026-09-04 19:18:08.470 DEBUG 21412 --- [   scheduling-1] org.hibernate.SQL                        : select j1_0."id",j1_0."attempts",j1_0."available_at",j1_0."created_at",j1_0."payload",j1_0."queue",j1_0."reserved_at" from "jobs" j1_0 where j1_0."available_at"<=? and (j1_0."reserved_at" is null or j1_0."reserved_at"<=?) order by j1_0."id" fetch first ? rows only
Hibernate: select j1_0."id",j1_0."attempts",j1_0."available_at",j1_0."created_at",j1_0."payload",j1_0."queue",j1_0."reserved_at" from "jobs" j1_0 where j1_0."available_at"<=? and (j1_0."reserved_at" is null or j1_0."reserved_at"<=?) order by j1_0."id" fetch first ? rows only
2026-09-04 19:18:08.691 DEBUG 21412 --- [    Test worker] org.hibernate.SQL                        : insert into "admin_users" ("created_at","email","name","password","remember_token","status","two_factor_confirmed_at","two_factor_recovery_codes","two_factor_secret","updated_at","id") values (?,?,?,?,?,?,?,?,?,?,default)
Hibernate: insert into "admin_users" ("created_at","email","name","password","remember_token","status","two_factor_confirmed_at","two_factor_recovery_codes","two_factor_secret","updated_at","id") values (?,?,?,?,?,?,?,?,?,?,default)
2026-09-04 19:18:08.691 DEBUG 21412 --- [    Test worker] org.hibernate.SQL                        : insert into "plans" ("created_at","currency_code","description","enabled","featured","features","interval","limits","monthly_price_cents","name","paddle_monthly_id","paddle_yearly_id","popular","price_cents","slug","sort_order","stripe_monthly_id","stripe_yearly_id","trial_days","updated_at","white_label_enabled","yearly_price_cents","id") values (?,?,?,?,?,?,?,?,?,?,?,?,?,?,?,?,?,?,?,?,?,?,default)
Hibernate: insert into "plans" ("created_at","currency_code","description","enabled","featured","features","interval","limits","monthly_price_cents","name","paddle_monthly_id","paddle_yearly_id","popular","price_cents","slug","sort_order","stripe_monthly_id","stripe_yearly_id","trial_days","updated_at","white_label_enabled","yearly_price_cents","id") values (?,?,?,?,?,?,?,?,?,?,?,?,?,?,?,?,?,?,?,?,?,?,default)
2026-09-04 19:18:08.691 DEBUG 21412 --- [    Test worker] org.hibernate.SQL                        : insert into "payment_transactions" ("amount_cents","coupon_id","created_at","currency","currency_code","gateway","gateway_transaction_id","invoice_path","payload","refund_reason","refunded_at","refunded_cents","status","subscription_id","tax_amount_cents","updated_at","user_id","id") values (?,?,?,?,?,?,?,?,?,?,?,?,?,?,?,?,?,default)
Hibernate: insert into "payment_transactions" ("amount_cents","coupon_id","created_at","currency","currency_code","gateway","gateway_transaction_id","invoice_path","payload","refund_reason","refunded_at","refunded_cents","status","subscription_id","tax_amount_cents","updated_at","user_id","id") values (?,?,?,?,?,?,?,?,?,?,?,?,?,?,?,?,?,default)
2026-09-04 19:18:08.697 DEBUG 21412 --- [    Test worker] org.hibernate.SQL                        : select wu1_0."id",wu1_0."created_at",wu1_0."role",wu1_0."updated_at",wu1_0."user_id",wu1_0."workspace_id" from "workspace_user" wu1_0 where wu1_0."workspace_id"=? and wu1_0."user_id"=?
Hibernate: select wu1_0."id",wu1_0."created_at",wu1_0."role",wu1_0."updated_at",wu1_0."user_id",wu1_0."workspace_id" from "workspace_user" wu1_0 where wu1_0."workspace_id"=? and wu1_0."user_id"=?
2026-09-04 19:18:08.700 DEBUG 21412 --- [    Test worker] org.hibernate.SQL                        : select u1_0."id",u1_0."avatar",u1_0."client_id",u1_0."client_role",u1_0."created_at",u1_0."display_currency",u1_0."email",u1_0."email_verified_at",u1_0."locale",u1_0."name",u1_0."password",u1_0."remember_token",u1_0."role",u1_0."status",u1_0."theme",u1_0."timezone",u1_0."two_factor_confirmed_at",u1_0."two_factor_recovery_codes",u1_0."two_factor_secret",u1_0."updated_at",u1_0."workspace_id" from "users" u1_0 where u1_0."email"=?
Hibernate: select u1_0."id",u1_0."avatar",u1_0."client_id",u1_0."client_role",u1_0."created_at",u1_0."display_currency",u1_0."email",u1_0."email_verified_at",u1_0."locale",u1_0."name",u1_0."password",u1_0."remember_token",u1_0."role",u1_0."status",u1_0."theme",u1_0."timezone",u1_0."two_factor_confirmed_at",u1_0."two_factor_recovery_codes",u1_0."two_factor_secret",u1_0."updated_at",u1_0."workspace_id" from "users" u1_0 where u1_0."email"=?
2026-09-04 19:18:08.715 DEBUG 21412 --- [    Test worker] org.hibernate.SQL                        : insert into "workspaces" ("client_id","created_at","currency_code","default_locale","name","owner_id","updated_at","id") values (?,?,?,?,?,?,?,default)
Hibernate: insert into "workspaces" ("client_id","created_at","currency_code","default_locale","name","owner_id","updated_at","id") values (?,?,?,?,?,?,?,default)
2026-09-04 19:18:08.738 DEBUG 21412 --- [   scheduling-1] org.hibernate.SQL                        : select j1_0."id",j1_0."attempts",j1_0."available_at",j1_0."created_at",j1_0."payload",j1_0."queue",j1_0."reserved_at" from "jobs" j1_0 where j1_0."available_at"<=? and (j1_0."reserved_at" is null or j1_0."reserved_at"<=?) order by j1_0."id" fetch first ? rows only
Hibernate: select j1_0."id",j1_0."attempts",j1_0."available_at",j1_0."created_at",j1_0."payload",j1_0."queue",j1_0."reserved_at" from "jobs" j1_0 where j1_0."available_at"<=? and (j1_0."reserved_at" is null or j1_0."reserved_at"<=?) order by j1_0."id" fetch first ? rows only
2026-09-04 19:18:09.037 DEBUG 21412 --- [    Test worker] org.hibernate.SQL                        : insert into "users" ("avatar","client_id","client_role","created_at","display_currency","email","email_verified_at","locale","name","password","remember_token","role","status","theme","timezone","two_factor_confirmed_at","two_factor_recovery_codes","two_factor_secret","updated_at","workspace_id","id") values (?,?,?,?,?,?,?,?,?,?,?,?,?,?,?,?,?,?,?,?,default)
Hibernate: insert into "users" ("avatar","client_id","client_role","created_at","display_currency","email","email_verified_at","locale","name","password","remember_token","role","status","theme","timezone","two_factor_confirmed_at","two_factor_recovery_codes","two_factor_secret","updated_at","workspace_id","id") values (?,?,?,?,?,?,?,?,?,?,?,?,?,?,?,?,?,?,?,?,default)
2026-09-04 19:18:09.055 DEBUG 21412 --- [   scheduling-1] org.hibernate.SQL                        : select j1_0."id",j1_0."attempts",j1_0."available_at",j1_0."created_at",j1_0."payload",j1_0."queue",j1_0."reserved_at" from "jobs" j1_0 where j1_0."available_at"<=? and (j1_0."reserved_at" is null or j1_0."reserved_at"<=?) order by j1_0."id" fetch first ? rows only
Hibernate: select j1_0."id",j1_0."attempts",j1_0."available_at",j1_0."created_at",j1_0."payload",j1_0."queue",j1_0."reserved_at" from "jobs" j1_0 where j1_0."available_at"<=? and (j1_0."reserved_at" is null or j1_0."reserved_at"<=?) order by j1_0."id" fetch first ? rows only
2026-09-04 19:18:09.373 DEBUG 21412 --- [    Test worker] org.hibernate.SQL                        : insert into "admin_users" ("created_at","email","name","password","remember_token","status","two_factor_confirmed_at","two_factor_recovery_codes","two_factor_secret","updated_at","id") values (?,?,?,?,?,?,?,?,?,?,default)
Hibernate: insert into "admin_users" ("created_at","email","name","password","remember_token","status","two_factor_confirmed_at","two_factor_recovery_codes","two_factor_secret","updated_at","id") values (?,?,?,?,?,?,?,?,?,?,default)
2026-09-04 19:18:09.373 DEBUG 21412 --- [    Test worker] org.hibernate.SQL                        : insert into "plans" ("created_at","currency_code","description","enabled","featured","features","interval","limits","monthly_price_cents","name","paddle_monthly_id","paddle_yearly_id","popular","price_cents","slug","sort_order","stripe_monthly_id","stripe_yearly_id","trial_days","updated_at","white_label_enabled","yearly_price_cents","id") values (?,?,?,?,?,?,?,?,?,?,?,?,?,?,?,?,?,?,?,?,?,?,default)
Hibernate: insert into "plans" ("created_at","currency_code","description","enabled","featured","features","interval","limits","monthly_price_cents","name","paddle_monthly_id","paddle_yearly_id","popular","price_cents","slug","sort_order","stripe_monthly_id","stripe_yearly_id","trial_days","updated_at","white_label_enabled","yearly_price_cents","id") values (?,?,?,?,?,?,?,?,?,?,?,?,?,?,?,?,?,?,?,?,?,?,default)
2026-09-04 19:18:09.380 DEBUG 21412 --- [    Test worker] org.hibernate.SQL                        : select wu1_0."id",wu1_0."created_at",wu1_0."role",wu1_0."updated_at",wu1_0."user_id",wu1_0."workspace_id" from "workspace_user" wu1_0 where wu1_0."workspace_id"=? and wu1_0."user_id"=?
Hibernate: select wu1_0."id",wu1_0."created_at",wu1_0."role",wu1_0."updated_at",wu1_0."user_id",wu1_0."workspace_id" from "workspace_user" wu1_0 where wu1_0."workspace_id"=? and wu1_0."user_id"=?
2026-09-04 19:18:09.380 DEBUG 21412 --- [    Test worker] org.hibernate.SQL                        : select u1_0."id",u1_0."avatar",u1_0."client_id",u1_0."client_role",u1_0."created_at",u1_0."display_currency",u1_0."email",u1_0."email_verified_at",u1_0."locale",u1_0."name",u1_0."password",u1_0."remember_token",u1_0."role",u1_0."status",u1_0."theme",u1_0."timezone",u1_0."two_factor_confirmed_at",u1_0."two_factor_recovery_codes",u1_0."two_factor_secret",u1_0."updated_at",u1_0."workspace_id" from "users" u1_0 where u1_0."email"=?
Hibernate: select u1_0."id",u1_0."avatar",u1_0."client_id",u1_0."client_role",u1_0."created_at",u1_0."display_currency",u1_0."email",u1_0."email_verified_at",u1_0."locale",u1_0."name",u1_0."password",u1_0."remember_token",u1_0."role",u1_0."status",u1_0."theme",u1_0."timezone",u1_0."two_factor_confirmed_at",u1_0."two_factor_recovery_codes",u1_0."two_factor_secret",u1_0."updated_at",u1_0."workspace_id" from "users" u1_0 where u1_0."email"=?
2026-09-04 19:18:09.392 DEBUG 21412 --- [    Test worker] org.hibernate.SQL                        : insert into "workspaces" ("client_id","created_at","currency_code","default_locale","name","owner_id","updated_at","id") values (?,?,?,?,?,?,?,default)
Hibernate: insert into "workspaces" ("client_id","created_at","currency_code","default_locale","name","owner_id","updated_at","id") values (?,?,?,?,?,?,?,default)
2026-09-04 19:18:09.472 DEBUG 21412 --- [   scheduling-1] org.hibernate.SQL                        : select j1_0."id",j1_0."attempts",j1_0."available_at",j1_0."created_at",j1_0."payload",j1_0."queue",j1_0."reserved_at" from "jobs" j1_0 where j1_0."available_at"<=? and (j1_0."reserved_at" is null or j1_0."reserved_at"<=?) order by j1_0."id" fetch first ? rows only
Hibernate: select j1_0."id",j1_0."attempts",j1_0."available_at",j1_0."created_at",j1_0."payload",j1_0."queue",j1_0."reserved_at" from "jobs" j1_0 where j1_0."available_at"<=? and (j1_0."reserved_at" is null or j1_0."reserved_at"<=?) order by j1_0."id" fetch first ? rows only
2026-09-04 19:18:09.717 DEBUG 21412 --- [    Test worker] org.hibernate.SQL                        : insert into "users" ("avatar","client_id","client_role","created_at","display_currency","email","email_verified_at","locale","name","password","remember_token","role","status","theme","timezone","two_factor_confirmed_at","two_factor_recovery_codes","two_factor_secret","updated_at","workspace_id","id") values (?,?,?,?,?,?,?,?,?,?,?,?,?,?,?,?,?,?,?,?,default)
Hibernate: insert into "users" ("avatar","client_id","client_role","created_at","display_currency","email","email_verified_at","locale","name","password","remember_token","role","status","theme","timezone","two_factor_confirmed_at","two_factor_recovery_codes","two_factor_secret","updated_at","workspace_id","id") values (?,?,?,?,?,?,?,?,?,?,?,?,?,?,?,?,?,?,?,?,default)
2026-09-04 19:18:09.756 DEBUG 21412 --- [   scheduling-1] org.hibernate.SQL                        : select j1_0."id",j1_0."attempts",j1_0."available_at",j1_0."created_at",j1_0."payload",j1_0."queue",j1_0."reserved_at" from "jobs" j1_0 where j1_0."available_at"<=? and (j1_0."reserved_at" is null or j1_0."reserved_at"<=?) order by j1_0."id" fetch first ? rows only
Hibernate: select j1_0."id",j1_0."attempts",j1_0."available_at",j1_0."created_at",j1_0."payload",j1_0."queue",j1_0."reserved_at" from "jobs" j1_0 where j1_0."available_at"<=? and (j1_0."reserved_at" is null or j1_0."reserved_at"<=?) order by j1_0."id" fetch first ? rows only
2026-09-04 19:18:10.036 DEBUG 21412 --- [    Test worker] org.hibernate.SQL                        : insert into "admin_users" ("created_at","email","name","password","remember_token","status","two_factor_confirmed_at","two_factor_recovery_codes","two_factor_secret","updated_at","id") values (?,?,?,?,?,?,?,?,?,?,default)
Hibernate: insert into "admin_users" ("created_at","email","name","password","remember_token","status","two_factor_confirmed_at","two_factor_recovery_codes","two_factor_secret","updated_at","id") values (?,?,?,?,?,?,?,?,?,?,default)
2026-09-04 19:18:10.037 DEBUG 21412 --- [    Test worker] org.hibernate.SQL                        : insert into "plans" ("created_at","currency_code","description","enabled","featured","features","interval","limits","monthly_price_cents","name","paddle_monthly_id","paddle_yearly_id","popular","price_cents","slug","sort_order","stripe_monthly_id","stripe_yearly_id","trial_days","updated_at","white_label_enabled","yearly_price_cents","id") values (?,?,?,?,?,?,?,?,?,?,?,?,?,?,?,?,?,?,?,?,?,?,default)
Hibernate: insert into "plans" ("created_at","currency_code","description","enabled","featured","features","interval","limits","monthly_price_cents","name","paddle_monthly_id","paddle_yearly_id","popular","price_cents","slug","sort_order","stripe_monthly_id","stripe_yearly_id","trial_days","updated_at","white_label_enabled","yearly_price_cents","id") values (?,?,?,?,?,?,?,?,?,?,?,?,?,?,?,?,?,?,?,?,?,?,default)
2026-09-04 19:18:10.045 DEBUG 21412 --- [    Test worker] org.hibernate.SQL                        : select pt1_0."id",pt1_0."amount_cents",pt1_0."coupon_id",pt1_0."created_at",pt1_0."currency",pt1_0."currency_code",pt1_0."gateway",pt1_0."gateway_transaction_id",pt1_0."invoice_path",pt1_0."payload",pt1_0."refund_reason",pt1_0."refunded_at",pt1_0."refunded_cents",pt1_0."status",pt1_0."subscription_id",pt1_0."tax_amount_cents",pt1_0."updated_at",pt1_0."user_id" from "payment_transactions" pt1_0 order by pt1_0."created_at" desc offset ? rows fetch first ? rows only
Hibernate: select pt1_0."id",pt1_0."amount_cents",pt1_0."coupon_id",pt1_0."created_at",pt1_0."currency",pt1_0."currency_code",pt1_0."gateway",pt1_0."gateway_transaction_id",pt1_0."invoice_path",pt1_0."payload",pt1_0."refund_reason",pt1_0."refunded_at",pt1_0."refunded_cents",pt1_0."status",pt1_0."subscription_id",pt1_0."tax_amount_cents",pt1_0."updated_at",pt1_0."user_id" from "payment_transactions" pt1_0 order by pt1_0."created_at" desc offset ? rows fetch first ? rows only
2026-09-04 19:18:10.050 DEBUG 21412 --- [    Test worker] org.hibernate.SQL                        : select pgc1_0."id",pgc1_0."created_at",pgc1_0."credentials",pgc1_0."enabled",pgc1_0."gateway",pgc1_0."test_mode",pgc1_0."updated_at" from "payment_gateway_configs" pgc1_0
Hibernate: select pgc1_0."id",pgc1_0."created_at",pgc1_0."credentials",pgc1_0."enabled",pgc1_0."gateway",pgc1_0."test_mode",pgc1_0."updated_at" from "payment_gateway_configs" pgc1_0
2026-09-04 19:18:10.060 DEBUG 21412 --- [    Test worker] org.hibernate.SQL                        : select pgc1_0."id",pgc1_0."created_at",pgc1_0."credentials",pgc1_0."enabled",pgc1_0."gateway",pgc1_0."test_mode",pgc1_0."updated_at" from "payment_gateway_configs" pgc1_0 where pgc1_0."gateway"=?
Hibernate: select pgc1_0."id",pgc1_0."created_at",pgc1_0."credentials",pgc1_0."enabled",pgc1_0."gateway",pgc1_0."test_mode",pgc1_0."updated_at" from "payment_gateway_configs" pgc1_0 where pgc1_0."gateway"=?
2026-09-04 19:18:10.063 DEBUG 21412 --- [    Test worker] org.hibernate.SQL                        : insert into "payment_gateway_configs" ("created_at","credentials","enabled","gateway","test_mode","updated_at","id") values (?,?,?,?,?,?,default)
Hibernate: insert into "payment_gateway_configs" ("created_at","credentials","enabled","gateway","test_mode","updated_at","id") values (?,?,?,?,?,?,default)
2026-09-04 19:18:10.071 DEBUG 21412 --- [   scheduling-1] org.hibernate.SQL                        : select j1_0."id",j1_0."attempts",j1_0."available_at",j1_0."created_at",j1_0."payload",j1_0."queue",j1_0."reserved_at" from "jobs" j1_0 where j1_0."available_at"<=? and (j1_0."reserved_at" is null or j1_0."reserved_at"<=?) order by j1_0."id" fetch first ? rows only
Hibernate: select j1_0."id",j1_0."attempts",j1_0."available_at",j1_0."created_at",j1_0."payload",j1_0."queue",j1_0."reserved_at" from "jobs" j1_0 where j1_0."available_at"<=? and (j1_0."reserved_at" is null or j1_0."reserved_at"<=?) order by j1_0."id" fetch first ? rows only
2026-09-04 19:18:10.073 DEBUG 21412 --- [    Test worker] org.hibernate.SQL                        : insert into "workspaces" ("client_id","created_at","currency_code","default_locale","name","owner_id","updated_at","id") values (?,?,?,?,?,?,?,default)
Hibernate: insert into "workspaces" ("client_id","created_at","currency_code","default_locale","name","owner_id","updated_at","id") values (?,?,?,?,?,?,?,default)
2026-09-04 19:18:10.400 DEBUG 21412 --- [    Test worker] org.hibernate.SQL                        : insert into "users" ("avatar","client_id","client_role","created_at","display_currency","email","email_verified_at","locale","name","password","remember_token","role","status","theme","timezone","two_factor_confirmed_at","two_factor_recovery_codes","two_factor_secret","updated_at","workspace_id","id") values (?,?,?,?,?,?,?,?,?,?,?,?,?,?,?,?,?,?,?,?,default)
Hibernate: insert into "users" ("avatar","client_id","client_role","created_at","display_currency","email","email_verified_at","locale","name","password","remember_token","role","status","theme","timezone","two_factor_confirmed_at","two_factor_recovery_codes","two_factor_secret","updated_at","workspace_id","id") values (?,?,?,?,?,?,?,?,?,?,?,?,?,?,?,?,?,?,?,?,default)
2026-09-04 19:18:10.489 DEBUG 21412 --- [   scheduling-1] org.hibernate.SQL                        : select j1_0."id",j1_0."attempts",j1_0."available_at",j1_0."created_at",j1_0."payload",j1_0."queue",j1_0."reserved_at" from "jobs" j1_0 where j1_0."available_at"<=? and (j1_0."reserved_at" is null or j1_0."reserved_at"<=?) order by j1_0."id" fetch first ? rows only
Hibernate: select j1_0."id",j1_0."attempts",j1_0."available_at",j1_0."created_at",j1_0."payload",j1_0."queue",j1_0."reserved_at" from "jobs" j1_0 where j1_0."available_at"<=? and (j1_0."reserved_at" is null or j1_0."reserved_at"<=?) order by j1_0."id" fetch first ? rows only
2026-09-04 19:18:10.715 DEBUG 21412 --- [    Test worker] org.hibernate.SQL                        : insert into "admin_users" ("created_at","email","name","password","remember_token","status","two_factor_confirmed_at","two_factor_recovery_codes","two_factor_secret","updated_at","id") values (?,?,?,?,?,?,?,?,?,?,default)
Hibernate: insert into "admin_users" ("created_at","email","name","password","remember_token","status","two_factor_confirmed_at","two_factor_recovery_codes","two_factor_secret","updated_at","id") values (?,?,?,?,?,?,?,?,?,?,default)
2026-09-04 19:18:10.715 DEBUG 21412 --- [    Test worker] org.hibernate.SQL                        : insert into "plans" ("created_at","currency_code","description","enabled","featured","features","interval","limits","monthly_price_cents","name","paddle_monthly_id","paddle_yearly_id","popular","price_cents","slug","sort_order","stripe_monthly_id","stripe_yearly_id","trial_days","updated_at","white_label_enabled","yearly_price_cents","id") values (?,?,?,?,?,?,?,?,?,?,?,?,?,?,?,?,?,?,?,?,?,?,default)
Hibernate: insert into "plans" ("created_at","currency_code","description","enabled","featured","features","interval","limits","monthly_price_cents","name","paddle_monthly_id","paddle_yearly_id","popular","price_cents","slug","sort_order","stripe_monthly_id","stripe_yearly_id","trial_days","updated_at","white_label_enabled","yearly_price_cents","id") values (?,?,?,?,?,?,?,?,?,?,?,?,?,?,?,?,?,?,?,?,?,?,default)
2026-09-04 19:18:10.720 DEBUG 21412 --- [    Test worker] org.hibernate.SQL                        : select be1_0."id",be1_0."attempts",be1_0."created_at",be1_0."error",be1_0."event_id",be1_0."event_type",be1_0."gateway",be1_0."payload",be1_0."processed_at",be1_0."updated_at" from "billing_events" be1_0 where be1_0."event_id"=?
Hibernate: select be1_0."id",be1_0."attempts",be1_0."created_at",be1_0."error",be1_0."event_id",be1_0."event_type",be1_0."gateway",be1_0."payload",be1_0."processed_at",be1_0."updated_at" from "billing_events" be1_0 where be1_0."event_id"=?
2026-09-04 19:18:10.726 DEBUG 21412 --- [    Test worker] org.hibernate.SQL                        : select be1_0."id",be1_0."attempts",be1_0."created_at",be1_0."error",be1_0."event_id",be1_0."event_type",be1_0."gateway",be1_0."payload",be1_0."processed_at",be1_0."updated_at" from "billing_events" be1_0 where be1_0."event_id"=?
Hibernate: select be1_0."id",be1_0."attempts",be1_0."created_at",be1_0."error",be1_0."event_id",be1_0."event_type",be1_0."gateway",be1_0."payload",be1_0."processed_at",be1_0."updated_at" from "billing_events" be1_0 where be1_0."event_id"=?
2026-09-04 19:18:10.727 DEBUG 21412 --- [    Test worker] org.hibernate.SQL                        : insert into "billing_events" ("attempts","created_at","error","event_id","event_type","gateway","payload","processed_at","updated_at","id") values (?,?,?,?,?,?,?,?,?,default)
Hibernate: insert into "billing_events" ("attempts","created_at","error","event_id","event_type","gateway","payload","processed_at","updated_at","id") values (?,?,?,?,?,?,?,?,?,default)
2026-09-04 19:18:10.730 DEBUG 21412 --- [    Test worker] org.hibernate.SQL                        : select be1_0."id",be1_0."attempts",be1_0."created_at",be1_0."error",be1_0."event_id",be1_0."event_type",be1_0."gateway",be1_0."payload",be1_0."processed_at",be1_0."updated_at" from "billing_events" be1_0 where be1_0."event_id"=?
Hibernate: select be1_0."id",be1_0."attempts",be1_0."created_at",be1_0."error",be1_0."event_id",be1_0."event_type",be1_0."gateway",be1_0."payload",be1_0."processed_at",be1_0."updated_at" from "billing_events" be1_0 where be1_0."event_id"=?
2026-09-04 19:18:10.734 DEBUG 21412 --- [    Test worker] org.hibernate.SQL                        : update "billing_events" set "attempts"=?,"error"=?,"event_id"=?,"event_type"=?,"gateway"=?,"payload"=?,"processed_at"=?,"updated_at"=? where "id"=?
Hibernate: update "billing_events" set "attempts"=?,"error"=?,"event_id"=?,"event_type"=?,"gateway"=?,"payload"=?,"processed_at"=?,"updated_at"=? where "id"=?
2026-09-04 19:18:10.734 DEBUG 21412 --- [    Test worker] org.hibernate.SQL                        : select be1_0."id" from "billing_events" be1_0 where be1_0."event_id"=? fetch first ? rows only
Hibernate: select be1_0."id" from "billing_events" be1_0 where be1_0."event_id"=? fetch first ? rows only
2026-09-04 19:18:10.740 DEBUG 21412 --- [    Test worker] org.hibernate.SQL                        : select be1_0."id",be1_0."attempts",be1_0."created_at",be1_0."error",be1_0."event_id",be1_0."event_type",be1_0."gateway",be1_0."payload",be1_0."processed_at",be1_0."updated_at" from "billing_events" be1_0 where be1_0."event_id"=?
Hibernate: select be1_0."id",be1_0."attempts",be1_0."created_at",be1_0."error",be1_0."event_id",be1_0."event_type",be1_0."gateway",be1_0."payload",be1_0."processed_at",be1_0."updated_at" from "billing_events" be1_0 where be1_0."event_id"=?
2026-09-04 19:18:10.740 DEBUG 21412 --- [    Test worker] org.hibernate.SQL                        : insert into "workspaces" ("client_id","created_at","currency_code","default_locale","name","owner_id","updated_at","id") values (?,?,?,?,?,?,?,default)
Hibernate: insert into "workspaces" ("client_id","created_at","currency_code","default_locale","name","owner_id","updated_at","id") values (?,?,?,?,?,?,?,default)
2026-09-04 19:18:10.772 DEBUG 21412 --- [   scheduling-1] org.hibernate.SQL                        : select j1_0."id",j1_0."attempts",j1_0."available_at",j1_0."created_at",j1_0."payload",j1_0."queue",j1_0."reserved_at" from "jobs" j1_0 where j1_0."available_at"<=? and (j1_0."reserved_at" is null or j1_0."reserved_at"<=?) order by j1_0."id" fetch first ? rows only
Hibernate: select j1_0."id",j1_0."attempts",j1_0."available_at",j1_0."created_at",j1_0."payload",j1_0."queue",j1_0."reserved_at" from "jobs" j1_0 where j1_0."available_at"<=? and (j1_0."reserved_at" is null or j1_0."reserved_at"<=?) order by j1_0."id" fetch first ? rows only
2026-09-04 19:18:11.080 DEBUG 21412 --- [    Test worker] org.hibernate.SQL                        : insert into "users" ("avatar","client_id","client_role","created_at","display_currency","email","email_verified_at","locale","name","password","remember_token","role","status","theme","timezone","two_factor_confirmed_at","two_factor_recovery_codes","two_factor_secret","updated_at","workspace_id","id") values (?,?,?,?,?,?,?,?,?,?,?,?,?,?,?,?,?,?,?,?,default)
Hibernate: insert into "users" ("avatar","client_id","client_role","created_at","display_currency","email","email_verified_at","locale","name","password","remember_token","role","status","theme","timezone","two_factor_confirmed_at","two_factor_recovery_codes","two_factor_secret","updated_at","workspace_id","id") values (?,?,?,?,?,?,?,?,?,?,?,?,?,?,?,?,?,?,?,?,default)
2026-09-04 19:18:11.089 DEBUG 21412 --- [   scheduling-1] org.hibernate.SQL                        : select j1_0."id",j1_0."attempts",j1_0."available_at",j1_0."created_at",j1_0."payload",j1_0."queue",j1_0."reserved_at" from "jobs" j1_0 where j1_0."available_at"<=? and (j1_0."reserved_at" is null or j1_0."reserved_at"<=?) order by j1_0."id" fetch first ? rows only
Hibernate: select j1_0."id",j1_0."attempts",j1_0."available_at",j1_0."created_at",j1_0."payload",j1_0."queue",j1_0."reserved_at" from "jobs" j1_0 where j1_0."available_at"<=? and (j1_0."reserved_at" is null or j1_0."reserved_at"<=?) order by j1_0."id" fetch first ? rows only
2026-09-04 19:18:11.390 DEBUG 21412 --- [    Test worker] org.hibernate.SQL                        : insert into "admin_users" ("created_at","email","name","password","remember_token","status","two_factor_confirmed_at","two_factor_recovery_codes","two_factor_secret","updated_at","id") values (?,?,?,?,?,?,?,?,?,?,default)
Hibernate: insert into "admin_users" ("created_at","email","name","password","remember_token","status","two_factor_confirmed_at","two_factor_recovery_codes","two_factor_secret","updated_at","id") values (?,?,?,?,?,?,?,?,?,?,default)
2026-09-04 19:18:11.395 DEBUG 21412 --- [    Test worker] org.hibernate.SQL                        : insert into "plans" ("created_at","currency_code","description","enabled","featured","features","interval","limits","monthly_price_cents","name","paddle_monthly_id","paddle_yearly_id","popular","price_cents","slug","sort_order","stripe_monthly_id","stripe_yearly_id","trial_days","updated_at","white_label_enabled","yearly_price_cents","id") values (?,?,?,?,?,?,?,?,?,?,?,?,?,?,?,?,?,?,?,?,?,?,default)
Hibernate: insert into "plans" ("created_at","currency_code","description","enabled","featured","features","interval","limits","monthly_price_cents","name","paddle_monthly_id","paddle_yearly_id","popular","price_cents","slug","sort_order","stripe_monthly_id","stripe_yearly_id","trial_days","updated_at","white_label_enabled","yearly_price_cents","id") values (?,?,?,?,?,?,?,?,?,?,?,?,?,?,?,?,?,?,?,?,?,?,default)
2026-09-04 19:18:11.399 DEBUG 21412 --- [    Test worker] org.hibernate.SQL                        : select p1_0."id",p1_0."created_at",p1_0."currency_code",p1_0."description",p1_0."enabled",p1_0."featured",p1_0."features",p1_0."interval",p1_0."limits",p1_0."monthly_price_cents",p1_0."name",p1_0."paddle_monthly_id",p1_0."paddle_yearly_id",p1_0."popular",p1_0."price_cents",p1_0."slug",p1_0."sort_order",p1_0."stripe_monthly_id",p1_0."stripe_yearly_id",p1_0."trial_days",p1_0."updated_at",p1_0."white_label_enabled",p1_0."yearly_price_cents" from "plans" p1_0 order by p1_0."sort_order"
Hibernate: select p1_0."id",p1_0."created_at",p1_0."currency_code",p1_0."description",p1_0."enabled",p1_0."featured",p1_0."features",p1_0."interval",p1_0."limits",p1_0."monthly_price_cents",p1_0."name",p1_0."paddle_monthly_id",p1_0."paddle_yearly_id",p1_0."popular",p1_0."price_cents",p1_0."slug",p1_0."sort_order",p1_0."stripe_monthly_id",p1_0."stripe_yearly_id",p1_0."trial_days",p1_0."updated_at",p1_0."white_label_enabled",p1_0."yearly_price_cents" from "plans" p1_0 order by p1_0."sort_order"
2026-09-04 19:18:11.411 DEBUG 21412 --- [    Test worker] org.hibernate.SQL                        : select coalesce(max(p1_0."sort_order"),0) from "plans" p1_0
Hibernate: select coalesce(max(p1_0."sort_order"),0) from "plans" p1_0
2026-09-04 19:18:11.417 DEBUG 21412 --- [    Test worker] org.hibernate.SQL                        : insert into "plans" ("created_at","currency_code","description","enabled","featured","features","interval","limits","monthly_price_cents","name","paddle_monthly_id","paddle_yearly_id","popular","price_cents","slug","sort_order","stripe_monthly_id","stripe_yearly_id","trial_days","updated_at","white_label_enabled","yearly_price_cents","id") values (?,?,?,?,?,?,?,?,?,?,?,?,?,?,?,?,?,?,?,?,?,?,default)
Hibernate: insert into "plans" ("created_at","currency_code","description","enabled","featured","features","interval","limits","monthly_price_cents","name","paddle_monthly_id","paddle_yearly_id","popular","price_cents","slug","sort_order","stripe_monthly_id","stripe_yearly_id","trial_days","updated_at","white_label_enabled","yearly_price_cents","id") values (?,?,?,?,?,?,?,?,?,?,?,?,?,?,?,?,?,?,?,?,?,?,default)
2026-09-04 19:18:11.421 DEBUG 21412 --- [    Test worker] org.hibernate.SQL                        : select p1_0."id",p1_0."created_at",p1_0."currency_code",p1_0."description",p1_0."enabled",p1_0."featured",p1_0."features",p1_0."interval",p1_0."limits",p1_0."monthly_price_cents",p1_0."name",p1_0."paddle_monthly_id",p1_0."paddle_yearly_id",p1_0."popular",p1_0."price_cents",p1_0."slug",p1_0."sort_order",p1_0."stripe_monthly_id",p1_0."stripe_yearly_id",p1_0."trial_days",p1_0."updated_at",p1_0."white_label_enabled",p1_0."yearly_price_cents" from "plans" p1_0 where p1_0."slug"=?
Hibernate: select p1_0."id",p1_0."created_at",p1_0."currency_code",p1_0."description",p1_0."enabled",p1_0."featured",p1_0."features",p1_0."interval",p1_0."limits",p1_0."monthly_price_cents",p1_0."name",p1_0."paddle_monthly_id",p1_0."paddle_yearly_id",p1_0."popular",p1_0."price_cents",p1_0."slug",p1_0."sort_order",p1_0."stripe_monthly_id",p1_0."stripe_yearly_id",p1_0."trial_days",p1_0."updated_at",p1_0."white_label_enabled",p1_0."yearly_price_cents" from "plans" p1_0 where p1_0."slug"=?
2026-09-04 19:18:11.434 DEBUG 21412 --- [    Test worker] org.hibernate.SQL                        : insert into "workspaces" ("client_id","created_at","currency_code","default_locale","name","owner_id","updated_at","id") values (?,?,?,?,?,?,?,default)
Hibernate: insert into "workspaces" ("client_id","created_at","currency_code","default_locale","name","owner_id","updated_at","id") values (?,?,?,?,?,?,?,default)
2026-09-04 19:18:11.505 DEBUG 21412 --- [   scheduling-1] org.hibernate.SQL                        : select j1_0."id",j1_0."attempts",j1_0."available_at",j1_0."created_at",j1_0."payload",j1_0."queue",j1_0."reserved_at" from "jobs" j1_0 where j1_0."available_at"<=? and (j1_0."reserved_at" is null or j1_0."reserved_at"<=?) order by j1_0."id" fetch first ? rows only
Hibernate: select j1_0."id",j1_0."attempts",j1_0."available_at",j1_0."created_at",j1_0."payload",j1_0."queue",j1_0."reserved_at" from "jobs" j1_0 where j1_0."available_at"<=? and (j1_0."reserved_at" is null or j1_0."reserved_at"<=?) order by j1_0."id" fetch first ? rows only
2026-09-04 19:18:11.740 DEBUG 21412 --- [    Test worker] org.hibernate.SQL                        : insert into "users" ("avatar","client_id","client_role","created_at","display_currency","email","email_verified_at","locale","name","password","remember_token","role","status","theme","timezone","two_factor_confirmed_at","two_factor_recovery_codes","two_factor_secret","updated_at","workspace_id","id") values (?,?,?,?,?,?,?,?,?,?,?,?,?,?,?,?,?,?,?,?,default)
Hibernate: insert into "users" ("avatar","client_id","client_role","created_at","display_currency","email","email_verified_at","locale","name","password","remember_token","role","status","theme","timezone","two_factor_confirmed_at","two_factor_recovery_codes","two_factor_secret","updated_at","workspace_id","id") values (?,?,?,?,?,?,?,?,?,?,?,?,?,?,?,?,?,?,?,?,default)
2026-09-04 19:18:11.787 DEBUG 21412 --- [   scheduling-1] org.hibernate.SQL                        : select j1_0."id",j1_0."attempts",j1_0."available_at",j1_0."created_at",j1_0."payload",j1_0."queue",j1_0."reserved_at" from "jobs" j1_0 where j1_0."available_at"<=? and (j1_0."reserved_at" is null or j1_0."reserved_at"<=?) order by j1_0."id" fetch first ? rows only
Hibernate: select j1_0."id",j1_0."attempts",j1_0."available_at",j1_0."created_at",j1_0."payload",j1_0."queue",j1_0."reserved_at" from "jobs" j1_0 where j1_0."available_at"<=? and (j1_0."reserved_at" is null or j1_0."reserved_at"<=?) order by j1_0."id" fetch first ? rows only
2026-09-04 19:18:12.015 DEBUG 21412 --- [    Test worker] org.hibernate.SQL                        : insert into "admin_users" ("created_at","email","name","password","remember_token","status","two_factor_confirmed_at","two_factor_recovery_codes","two_factor_secret","updated_at","id") values (?,?,?,?,?,?,?,?,?,?,default)
Hibernate: insert into "admin_users" ("created_at","email","name","password","remember_token","status","two_factor_confirmed_at","two_factor_recovery_codes","two_factor_secret","updated_at","id") values (?,?,?,?,?,?,?,?,?,?,default)
2026-09-04 19:18:12.015 DEBUG 21412 --- [    Test worker] org.hibernate.SQL                        : insert into "plans" ("created_at","currency_code","description","enabled","featured","features","interval","limits","monthly_price_cents","name","paddle_monthly_id","paddle_yearly_id","popular","price_cents","slug","sort_order","stripe_monthly_id","stripe_yearly_id","trial_days","updated_at","white_label_enabled","yearly_price_cents","id") values (?,?,?,?,?,?,?,?,?,?,?,?,?,?,?,?,?,?,?,?,?,?,default)
Hibernate: insert into "plans" ("created_at","currency_code","description","enabled","featured","features","interval","limits","monthly_price_cents","name","paddle_monthly_id","paddle_yearly_id","popular","price_cents","slug","sort_order","stripe_monthly_id","stripe_yearly_id","trial_days","updated_at","white_label_enabled","yearly_price_cents","id") values (?,?,?,?,?,?,?,?,?,?,?,?,?,?,?,?,?,?,?,?,?,?,default)
2026-09-04 19:18:12.023 DEBUG 21412 --- [    Test worker] org.hibernate.SQL                        : select s1_0."id",s1_0."billing_cycle",s1_0."created_at",s1_0."ends_at",s1_0."gateway",s1_0."gateway_subscription_id",s1_0."plan_id",s1_0."renews_at",s1_0."starts_at",s1_0."status",s1_0."trial_ends_at",s1_0."updated_at",s1_0."user_id" from "subscriptions" s1_0 order by s1_0."created_at" desc offset ? rows fetch first ? rows only
Hibernate: select s1_0."id",s1_0."billing_cycle",s1_0."created_at",s1_0."ends_at",s1_0."gateway",s1_0."gateway_subscription_id",s1_0."plan_id",s1_0."renews_at",s1_0."starts_at",s1_0."status",s1_0."trial_ends_at",s1_0."updated_at",s1_0."user_id" from "subscriptions" s1_0 order by s1_0."created_at" desc offset ? rows fetch first ? rows only
2026-09-04 19:18:12.023 DEBUG 21412 --- [    Test worker] org.hibernate.SQL                        : select p1_0."id",p1_0."created_at",p1_0."currency_code",p1_0."description",p1_0."enabled",p1_0."featured",p1_0."features",p1_0."interval",p1_0."limits",p1_0."monthly_price_cents",p1_0."name",p1_0."paddle_monthly_id",p1_0."paddle_yearly_id",p1_0."popular",p1_0."price_cents",p1_0."slug",p1_0."sort_order",p1_0."stripe_monthly_id",p1_0."stripe_yearly_id",p1_0."trial_days",p1_0."updated_at",p1_0."white_label_enabled",p1_0."yearly_price_cents" from "plans" p1_0 where p1_0."enabled" order by p1_0."sort_order"
Hibernate: select p1_0."id",p1_0."created_at",p1_0."currency_code",p1_0."description",p1_0."enabled",p1_0."featured",p1_0."features",p1_0."interval",p1_0."limits",p1_0."monthly_price_cents",p1_0."name",p1_0."paddle_monthly_id",p1_0."paddle_yearly_id",p1_0."popular",p1_0."price_cents",p1_0."slug",p1_0."sort_order",p1_0."stripe_monthly_id",p1_0."stripe_yearly_id",p1_0."trial_days",p1_0."updated_at",p1_0."white_label_enabled",p1_0."yearly_price_cents" from "plans" p1_0 where p1_0."enabled" order by p1_0."sort_order"
2026-09-04 19:18:12.030 DEBUG 21412 --- [    Test worker] org.hibernate.SQL                        : select u1_0."id",u1_0."avatar",u1_0."client_id",u1_0."client_role",u1_0."created_at",u1_0."display_currency",u1_0."email",u1_0."email_verified_at",u1_0."locale",u1_0."name",u1_0."password",u1_0."remember_token",u1_0."role",u1_0."status",u1_0."theme",u1_0."timezone",u1_0."two_factor_confirmed_at",u1_0."two_factor_recovery_codes",u1_0."two_factor_secret",u1_0."updated_at",u1_0."workspace_id" from "users" u1_0
Hibernate: select u1_0."id",u1_0."avatar",u1_0."client_id",u1_0."client_role",u1_0."created_at",u1_0."display_currency",u1_0."email",u1_0."email_verified_at",u1_0."locale",u1_0."name",u1_0."password",u1_0."remember_token",u1_0."role",u1_0."status",u1_0."theme",u1_0."timezone",u1_0."two_factor_confirmed_at",u1_0."two_factor_recovery_codes",u1_0."two_factor_secret",u1_0."updated_at",u1_0."workspace_id" from "users" u1_0
2026-09-04 19:18:12.040 DEBUG 21412 --- [    Test worker] org.hibernate.SQL                        : select s1_0."id",s1_0."billing_cycle",s1_0."created_at",s1_0."ends_at",s1_0."gateway",s1_0."gateway_subscription_id",s1_0."plan_id",s1_0."renews_at",s1_0."starts_at",s1_0."status",s1_0."trial_ends_at",s1_0."updated_at",s1_0."user_id" from "subscriptions" s1_0
Hibernate: select s1_0."id",s1_0."billing_cycle",s1_0."created_at",s1_0."ends_at",s1_0."gateway",s1_0."gateway_subscription_id",s1_0."plan_id",s1_0."renews_at",s1_0."starts_at",s1_0."status",s1_0."trial_ends_at",s1_0."updated_at",s1_0."user_id" from "subscriptions" s1_0
2026-09-04 19:18:12.040 DEBUG 21412 --- [    Test worker] org.hibernate.SQL                        : insert into "workspaces" ("client_id","created_at","currency_code","default_locale","name","owner_id","updated_at","id") values (?,?,?,?,?,?,?,default)
Hibernate: insert into "workspaces" ("client_id","created_at","currency_code","default_locale","name","owner_id","updated_at","id") values (?,?,?,?,?,?,?,default)
2026-09-04 19:18:12.104 DEBUG 21412 --- [   scheduling-1] org.hibernate.SQL                        : select j1_0."id",j1_0."attempts",j1_0."available_at",j1_0."created_at",j1_0."payload",j1_0."queue",j1_0."reserved_at" from "jobs" j1_0 where j1_0."available_at"<=? and (j1_0."reserved_at" is null or j1_0."reserved_at"<=?) order by j1_0."id" fetch first ? rows only
Hibernate: select j1_0."id",j1_0."attempts",j1_0."available_at",j1_0."created_at",j1_0."payload",j1_0."queue",j1_0."reserved_at" from "jobs" j1_0 where j1_0."available_at"<=? and (j1_0."reserved_at" is null or j1_0."reserved_at"<=?) order by j1_0."id" fetch first ? rows only
2026-09-04 19:18:12.402 DEBUG 21412 --- [    Test worker] org.hibernate.SQL                        : insert into "users" ("avatar","client_id","client_role","created_at","display_currency","email","email_verified_at","locale","name","password","remember_token","role","status","theme","timezone","two_factor_confirmed_at","two_factor_recovery_codes","two_factor_secret","updated_at","workspace_id","id") values (?,?,?,?,?,?,?,?,?,?,?,?,?,?,?,?,?,?,?,?,default)
Hibernate: insert into "users" ("avatar","client_id","client_role","created_at","display_currency","email","email_verified_at","locale","name","password","remember_token","role","status","theme","timezone","two_factor_confirmed_at","two_factor_recovery_codes","two_factor_secret","updated_at","workspace_id","id") values (?,?,?,?,?,?,?,?,?,?,?,?,?,?,?,?,?,?,?,?,default)
2026-09-04 19:18:12.522 DEBUG 21412 --- [   scheduling-1] org.hibernate.SQL                        : select j1_0."id",j1_0."attempts",j1_0."available_at",j1_0."created_at",j1_0."payload",j1_0."queue",j1_0."reserved_at" from "jobs" j1_0 where j1_0."available_at"<=? and (j1_0."reserved_at" is null or j1_0."reserved_at"<=?) order by j1_0."id" fetch first ? rows only
Hibernate: select j1_0."id",j1_0."attempts",j1_0."available_at",j1_0."created_at",j1_0."payload",j1_0."queue",j1_0."reserved_at" from "jobs" j1_0 where j1_0."available_at"<=? and (j1_0."reserved_at" is null or j1_0."reserved_at"<=?) order by j1_0."id" fetch first ? rows only
2026-09-04 19:18:12.777 DEBUG 21412 --- [    Test worker] org.hibernate.SQL                        : insert into "admin_users" ("created_at","email","name","password","remember_token","status","two_factor_confirmed_at","two_factor_recovery_codes","two_factor_secret","updated_at","id") values (?,?,?,?,?,?,?,?,?,?,default)
Hibernate: insert into "admin_users" ("created_at","email","name","password","remember_token","status","two_factor_confirmed_at","two_factor_recovery_codes","two_factor_secret","updated_at","id") values (?,?,?,?,?,?,?,?,?,?,default)
2026-09-04 19:18:12.777 DEBUG 21412 --- [    Test worker] org.hibernate.SQL                        : insert into "plans" ("created_at","currency_code","description","enabled","featured","features","interval","limits","monthly_price_cents","name","paddle_monthly_id","paddle_yearly_id","popular","price_cents","slug","sort_order","stripe_monthly_id","stripe_yearly_id","trial_days","updated_at","white_label_enabled","yearly_price_cents","id") values (?,?,?,?,?,?,?,?,?,?,?,?,?,?,?,?,?,?,?,?,?,?,default)
Hibernate: insert into "plans" ("created_at","currency_code","description","enabled","featured","features","interval","limits","monthly_price_cents","name","paddle_monthly_id","paddle_yearly_id","popular","price_cents","slug","sort_order","stripe_monthly_id","stripe_yearly_id","trial_days","updated_at","white_label_enabled","yearly_price_cents","id") values (?,?,?,?,?,?,?,?,?,?,?,?,?,?,?,?,?,?,?,?,?,?,default)
2026-09-04 19:18:12.779 DEBUG 21412 --- [    Test worker] org.hibernate.SQL                        : insert into "coupons" ("amount","applies_to_plan_ids","code","created_at","duration","duration_in_months","enabled","expires_at","kind","max_redemptions","stripe_coupon_id","times_redeemed","updated_at","id") values (?,?,?,?,?,?,?,?,?,?,?,?,?,default)
Hibernate: insert into "coupons" ("amount","applies_to_plan_ids","code","created_at","duration","duration_in_months","enabled","expires_at","kind","max_redemptions","stripe_coupon_id","times_redeemed","updated_at","id") values (?,?,?,?,?,?,?,?,?,?,?,?,?,default)
2026-09-04 19:18:12.782 DEBUG 21412 --- [    Test worker] org.hibernate.SQL                        : select wu1_0."id",wu1_0."created_at",wu1_0."role",wu1_0."updated_at",wu1_0."user_id",wu1_0."workspace_id" from "workspace_user" wu1_0 where wu1_0."workspace_id"=? and wu1_0."user_id"=?
Hibernate: select wu1_0."id",wu1_0."created_at",wu1_0."role",wu1_0."updated_at",wu1_0."user_id",wu1_0."workspace_id" from "workspace_user" wu1_0 where wu1_0."workspace_id"=? and wu1_0."user_id"=?
2026-09-04 19:18:12.784 DEBUG 21412 --- [    Test worker] org.hibernate.SQL                        : select c1_0."id",c1_0."amount",c1_0."applies_to_plan_ids",c1_0."code",c1_0."created_at",c1_0."duration",c1_0."duration_in_months",c1_0."enabled",c1_0."expires_at",c1_0."kind",c1_0."max_redemptions",c1_0."stripe_coupon_id",c1_0."times_redeemed",c1_0."updated_at" from "coupons" c1_0 where c1_0."code"=?
Hibernate: select c1_0."id",c1_0."amount",c1_0."applies_to_plan_ids",c1_0."code",c1_0."created_at",c1_0."duration",c1_0."duration_in_months",c1_0."enabled",c1_0."expires_at",c1_0."kind",c1_0."max_redemptions",c1_0."stripe_coupon_id",c1_0."times_redeemed",c1_0."updated_at" from "coupons" c1_0 where c1_0."code"=?
2026-09-04 19:18:12.790 DEBUG 21412 --- [    Test worker] org.hibernate.SQL                        : select wu1_0."id",wu1_0."created_at",wu1_0."role",wu1_0."updated_at",wu1_0."user_id",wu1_0."workspace_id" from "workspace_user" wu1_0 where wu1_0."workspace_id"=? and wu1_0."user_id"=?
Hibernate: select wu1_0."id",wu1_0."created_at",wu1_0."role",wu1_0."updated_at",wu1_0."user_id",wu1_0."workspace_id" from "workspace_user" wu1_0 where wu1_0."workspace_id"=? and wu1_0."user_id"=?
2026-09-04 19:18:12.790 DEBUG 21412 --- [    Test worker] org.hibernate.SQL                        : select c1_0."id",c1_0."amount",c1_0."applies_to_plan_ids",c1_0."code",c1_0."created_at",c1_0."duration",c1_0."duration_in_months",c1_0."enabled",c1_0."expires_at",c1_0."kind",c1_0."max_redemptions",c1_0."stripe_coupon_id",c1_0."times_redeemed",c1_0."updated_at" from "coupons" c1_0 where c1_0."code"=?
Hibernate: select c1_0."id",c1_0."amount",c1_0."applies_to_plan_ids",c1_0."code",c1_0."created_at",c1_0."duration",c1_0."duration_in_months",c1_0."enabled",c1_0."expires_at",c1_0."kind",c1_0."max_redemptions",c1_0."stripe_coupon_id",c1_0."times_redeemed",c1_0."updated_at" from "coupons" c1_0 where c1_0."code"=?
2026-09-04 19:18:12.790 DEBUG 21412 --- [    Test worker] org.hibernate.SQL                        : insert into "workspaces" ("client_id","created_at","currency_code","default_locale","name","owner_id","updated_at","id") values (?,?,?,?,?,?,?,default)
Hibernate: insert into "workspaces" ("client_id","created_at","currency_code","default_locale","name","owner_id","updated_at","id") values (?,?,?,?,?,?,?,default)
2026-09-04 19:18:12.804 DEBUG 21412 --- [   scheduling-1] org.hibernate.SQL                        : select j1_0."id",j1_0."attempts",j1_0."available_at",j1_0."created_at",j1_0."payload",j1_0."queue",j1_0."reserved_at" from "jobs" j1_0 where j1_0."available_at"<=? and (j1_0."reserved_at" is null or j1_0."reserved_at"<=?) order by j1_0."id" fetch first ? rows only
Hibernate: select j1_0."id",j1_0."attempts",j1_0."available_at",j1_0."created_at",j1_0."payload",j1_0."queue",j1_0."reserved_at" from "jobs" j1_0 where j1_0."available_at"<=? and (j1_0."reserved_at" is null or j1_0."reserved_at"<=?) order by j1_0."id" fetch first ? rows only
2026-09-04 19:18:13.106 DEBUG 21412 --- [    Test worker] org.hibernate.SQL                        : insert into "users" ("avatar","client_id","client_role","created_at","display_currency","email","email_verified_at","locale","name","password","remember_token","role","status","theme","timezone","two_factor_confirmed_at","two_factor_recovery_codes","two_factor_secret","updated_at","workspace_id","id") values (?,?,?,?,?,?,?,?,?,?,?,?,?,?,?,?,?,?,?,?,default)
Hibernate: insert into "users" ("avatar","client_id","client_role","created_at","display_currency","email","email_verified_at","locale","name","password","remember_token","role","status","theme","timezone","two_factor_confirmed_at","two_factor_recovery_codes","two_factor_secret","updated_at","workspace_id","id") values (?,?,?,?,?,?,?,?,?,?,?,?,?,?,?,?,?,?,?,?,default)
2026-09-04 19:18:13.122 DEBUG 21412 --- [   scheduling-1] org.hibernate.SQL                        : select j1_0."id",j1_0."attempts",j1_0."available_at",j1_0."created_at",j1_0."payload",j1_0."queue",j1_0."reserved_at" from "jobs" j1_0 where j1_0."available_at"<=? and (j1_0."reserved_at" is null or j1_0."reserved_at"<=?) order by j1_0."id" fetch first ? rows only
Hibernate: select j1_0."id",j1_0."attempts",j1_0."available_at",j1_0."created_at",j1_0."payload",j1_0."queue",j1_0."reserved_at" from "jobs" j1_0 where j1_0."available_at"<=? and (j1_0."reserved_at" is null or j1_0."reserved_at"<=?) order by j1_0."id" fetch first ? rows only
2026-09-04 19:18:13.445 DEBUG 21412 --- [    Test worker] org.hibernate.SQL                        : insert into "admin_users" ("created_at","email","name","password","remember_token","status","two_factor_confirmed_at","two_factor_recovery_codes","two_factor_secret","updated_at","id") values (?,?,?,?,?,?,?,?,?,?,default)
Hibernate: insert into "admin_users" ("created_at","email","name","password","remember_token","status","two_factor_confirmed_at","two_factor_recovery_codes","two_factor_secret","updated_at","id") values (?,?,?,?,?,?,?,?,?,?,default)
2026-09-04 19:18:13.445 DEBUG 21412 --- [    Test worker] org.hibernate.SQL                        : insert into "plans" ("created_at","currency_code","description","enabled","featured","features","interval","limits","monthly_price_cents","name","paddle_monthly_id","paddle_yearly_id","popular","price_cents","slug","sort_order","stripe_monthly_id","stripe_yearly_id","trial_days","updated_at","white_label_enabled","yearly_price_cents","id") values (?,?,?,?,?,?,?,?,?,?,?,?,?,?,?,?,?,?,?,?,?,?,default)
Hibernate: insert into "plans" ("created_at","currency_code","description","enabled","featured","features","interval","limits","monthly_price_cents","name","paddle_monthly_id","paddle_yearly_id","popular","price_cents","slug","sort_order","stripe_monthly_id","stripe_yearly_id","trial_days","updated_at","white_label_enabled","yearly_price_cents","id") values (?,?,?,?,?,?,?,?,?,?,?,?,?,?,?,?,?,?,?,?,?,?,default)
2026-09-04 19:18:13.449 DEBUG 21412 --- [    Test worker] org.hibernate.SQL                        : insert into "subscriptions" ("billing_cycle","created_at","ends_at","gateway","gateway_subscription_id","plan_id","renews_at","starts_at","status","trial_ends_at","updated_at","user_id","id") values (?,?,?,?,?,?,?,?,?,?,?,?,default)
Hibernate: insert into "subscriptions" ("billing_cycle","created_at","ends_at","gateway","gateway_subscription_id","plan_id","renews_at","starts_at","status","trial_ends_at","updated_at","user_id","id") values (?,?,?,?,?,?,?,?,?,?,?,?,default)
2026-09-04 19:18:13.450 DEBUG 21412 --- [    Test worker] org.hibernate.SQL                        : insert into "plans" ("created_at","currency_code","description","enabled","featured","features","interval","limits","monthly_price_cents","name","paddle_monthly_id","paddle_yearly_id","popular","price_cents","slug","sort_order","stripe_monthly_id","stripe_yearly_id","trial_days","updated_at","white_label_enabled","yearly_price_cents","id") values (?,?,?,?,?,?,?,?,?,?,?,?,?,?,?,?,?,?,?,?,?,?,default)
Hibernate: insert into "plans" ("created_at","currency_code","description","enabled","featured","features","interval","limits","monthly_price_cents","name","paddle_monthly_id","paddle_yearly_id","popular","price_cents","slug","sort_order","stripe_monthly_id","stripe_yearly_id","trial_days","updated_at","white_label_enabled","yearly_price_cents","id") values (?,?,?,?,?,?,?,?,?,?,?,?,?,?,?,?,?,?,?,?,?,?,default)
2026-09-04 19:18:13.455 DEBUG 21412 --- [    Test worker] org.hibernate.SQL                        : select wu1_0."id",wu1_0."created_at",wu1_0."role",wu1_0."updated_at",wu1_0."user_id",wu1_0."workspace_id" from "workspace_user" wu1_0 where wu1_0."workspace_id"=? and wu1_0."user_id"=?
Hibernate: select wu1_0."id",wu1_0."created_at",wu1_0."role",wu1_0."updated_at",wu1_0."user_id",wu1_0."workspace_id" from "workspace_user" wu1_0 where wu1_0."workspace_id"=? and wu1_0."user_id"=?
2026-09-04 19:18:13.457 DEBUG 21412 --- [    Test worker] org.hibernate.SQL                        : select u1_0."id",u1_0."avatar",u1_0."client_id",u1_0."client_role",u1_0."created_at",u1_0."display_currency",u1_0."email",u1_0."email_verified_at",u1_0."locale",u1_0."name",u1_0."password",u1_0."remember_token",u1_0."role",u1_0."status",u1_0."theme",u1_0."timezone",u1_0."two_factor_confirmed_at",u1_0."two_factor_recovery_codes",u1_0."two_factor_secret",u1_0."updated_at",u1_0."workspace_id" from "users" u1_0 where u1_0."email"=?
Hibernate: select u1_0."id",u1_0."avatar",u1_0."client_id",u1_0."client_role",u1_0."created_at",u1_0."display_currency",u1_0."email",u1_0."email_verified_at",u1_0."locale",u1_0."name",u1_0."password",u1_0."remember_token",u1_0."role",u1_0."status",u1_0."theme",u1_0."timezone",u1_0."two_factor_confirmed_at",u1_0."two_factor_recovery_codes",u1_0."two_factor_secret",u1_0."updated_at",u1_0."workspace_id" from "users" u1_0 where u1_0."email"=?
2026-09-04 19:18:13.460 DEBUG 21412 --- [    Test worker] org.hibernate.SQL                        : select s1_0."id",s1_0."billing_cycle",s1_0."created_at",s1_0."ends_at",s1_0."gateway",s1_0."gateway_subscription_id",s1_0."plan_id",s1_0."renews_at",s1_0."starts_at",s1_0."status",s1_0."trial_ends_at",s1_0."updated_at",s1_0."user_id" from "subscriptions" s1_0 where s1_0."user_id"=? and s1_0."status" in (?,?)
Hibernate: select s1_0."id",s1_0."billing_cycle",s1_0."created_at",s1_0."ends_at",s1_0."gateway",s1_0."gateway_subscription_id",s1_0."plan_id",s1_0."renews_at",s1_0."starts_at",s1_0."status",s1_0."trial_ends_at",s1_0."updated_at",s1_0."user_id" from "subscriptions" s1_0 where s1_0."user_id"=? and s1_0."status" in (?,?)
2026-09-04 19:18:13.467 DEBUG 21412 --- [    Test worker] org.hibernate.SQL                        : select wu1_0."id",wu1_0."created_at",wu1_0."role",wu1_0."updated_at",wu1_0."user_id",wu1_0."workspace_id" from "workspace_user" wu1_0 where wu1_0."workspace_id"=? and wu1_0."user_id"=?
Hibernate: select wu1_0."id",wu1_0."created_at",wu1_0."role",wu1_0."updated_at",wu1_0."user_id",wu1_0."workspace_id" from "workspace_user" wu1_0 where wu1_0."workspace_id"=? and wu1_0."user_id"=?
2026-09-04 19:18:13.467 DEBUG 21412 --- [    Test worker] org.hibernate.SQL                        : select u1_0."id",u1_0."avatar",u1_0."client_id",u1_0."client_role",u1_0."created_at",u1_0."display_currency",u1_0."email",u1_0."email_verified_at",u1_0."locale",u1_0."name",u1_0."password",u1_0."remember_token",u1_0."role",u1_0."status",u1_0."theme",u1_0."timezone",u1_0."two_factor_confirmed_at",u1_0."two_factor_recovery_codes",u1_0."two_factor_secret",u1_0."updated_at",u1_0."workspace_id" from "users" u1_0 where u1_0."email"=?
Hibernate: select u1_0."id",u1_0."avatar",u1_0."client_id",u1_0."client_role",u1_0."created_at",u1_0."display_currency",u1_0."email",u1_0."email_verified_at",u1_0."locale",u1_0."name",u1_0."password",u1_0."remember_token",u1_0."role",u1_0."status",u1_0."theme",u1_0."timezone",u1_0."two_factor_confirmed_at",u1_0."two_factor_recovery_codes",u1_0."two_factor_secret",u1_0."updated_at",u1_0."workspace_id" from "users" u1_0 where u1_0."email"=?
2026-09-04 19:18:13.470 DEBUG 21412 --- [    Test worker] org.hibernate.SQL                        : update "subscriptions" set "billing_cycle"=?,"ends_at"=?,"gateway"=?,"gateway_subscription_id"=?,"plan_id"=?,"renews_at"=?,"starts_at"=?,"status"=?,"trial_ends_at"=?,"updated_at"=?,"user_id"=? where "id"=?
Hibernate: update "subscriptions" set "billing_cycle"=?,"ends_at"=?,"gateway"=?,"gateway_subscription_id"=?,"plan_id"=?,"renews_at"=?,"starts_at"=?,"status"=?,"trial_ends_at"=?,"updated_at"=?,"user_id"=? where "id"=?
2026-09-04 19:18:13.470 DEBUG 21412 --- [    Test worker] org.hibernate.SQL                        : select s1_0."id",s1_0."billing_cycle",s1_0."created_at",s1_0."ends_at",s1_0."gateway",s1_0."gateway_subscription_id",s1_0."plan_id",s1_0."renews_at",s1_0."starts_at",s1_0."status",s1_0."trial_ends_at",s1_0."updated_at",s1_0."user_id" from "subscriptions" s1_0 where s1_0."user_id"=? and s1_0."status" in (?,?)
Hibernate: select s1_0."id",s1_0."billing_cycle",s1_0."created_at",s1_0."ends_at",s1_0."gateway",s1_0."gateway_subscription_id",s1_0."plan_id",s1_0."renews_at",s1_0."starts_at",s1_0."status",s1_0."trial_ends_at",s1_0."updated_at",s1_0."user_id" from "subscriptions" s1_0 where s1_0."user_id"=? and s1_0."status" in (?,?)
2026-09-04 19:18:13.480 DEBUG 21412 --- [    Test worker] org.hibernate.SQL                        : insert into "workspaces" ("client_id","created_at","currency_code","default_locale","name","owner_id","updated_at","id") values (?,?,?,?,?,?,?,default)
Hibernate: insert into "workspaces" ("client_id","created_at","currency_code","default_locale","name","owner_id","updated_at","id") values (?,?,?,?,?,?,?,default)
2026-09-04 19:18:13.540 DEBUG 21412 --- [   scheduling-1] org.hibernate.SQL                        : select j1_0."id",j1_0."attempts",j1_0."available_at",j1_0."created_at",j1_0."payload",j1_0."queue",j1_0."reserved_at" from "jobs" j1_0 where j1_0."available_at"<=? and (j1_0."reserved_at" is null or j1_0."reserved_at"<=?) order by j1_0."id" fetch first ? rows only
Hibernate: select j1_0."id",j1_0."attempts",j1_0."available_at",j1_0."created_at",j1_0."payload",j1_0."queue",j1_0."reserved_at" from "jobs" j1_0 where j1_0."available_at"<=? and (j1_0."reserved_at" is null or j1_0."reserved_at"<=?) order by j1_0."id" fetch first ? rows only
2026-09-04 19:18:13.806 DEBUG 21412 --- [   scheduling-1] org.hibernate.SQL                        : select j1_0."id",j1_0."attempts",j1_0."available_at",j1_0."created_at",j1_0."payload",j1_0."queue",j1_0."reserved_at" from "jobs" j1_0 where j1_0."available_at"<=? and (j1_0."reserved_at" is null or j1_0."reserved_at"<=?) order by j1_0."id" fetch first ? rows only
Hibernate: select j1_0."id",j1_0."attempts",j1_0."available_at",j1_0."created_at",j1_0."payload",j1_0."queue",j1_0."reserved_at" from "jobs" j1_0 where j1_0."available_at"<=? and (j1_0."reserved_at" is null or j1_0."reserved_at"<=?) order by j1_0."id" fetch first ? rows only
2026-09-04 19:18:13.838 DEBUG 21412 --- [    Test worker] org.hibernate.SQL                        : insert into "users" ("avatar","client_id","client_role","created_at","display_currency","email","email_verified_at","locale","name","password","remember_token","role","status","theme","timezone","two_factor_confirmed_at","two_factor_recovery_codes","two_factor_secret","updated_at","workspace_id","id") values (?,?,?,?,?,?,?,?,?,?,?,?,?,?,?,?,?,?,?,?,default)
Hibernate: insert into "users" ("avatar","client_id","client_role","created_at","display_currency","email","email_verified_at","locale","name","password","remember_token","role","status","theme","timezone","two_factor_confirmed_at","two_factor_recovery_codes","two_factor_secret","updated_at","workspace_id","id") values (?,?,?,?,?,?,?,?,?,?,?,?,?,?,?,?,?,?,?,?,default)
2026-09-04 19:18:14.124 DEBUG 21412 --- [   scheduling-1] org.hibernate.SQL                        : select j1_0."id",j1_0."attempts",j1_0."available_at",j1_0."created_at",j1_0."payload",j1_0."queue",j1_0."reserved_at" from "jobs" j1_0 where j1_0."available_at"<=? and (j1_0."reserved_at" is null or j1_0."reserved_at"<=?) order by j1_0."id" fetch first ? rows only
Hibernate: select j1_0."id",j1_0."attempts",j1_0."available_at",j1_0."created_at",j1_0."payload",j1_0."queue",j1_0."reserved_at" from "jobs" j1_0 where j1_0."available_at"<=? and (j1_0."reserved_at" is null or j1_0."reserved_at"<=?) order by j1_0."id" fetch first ? rows only
2026-09-04 19:18:14.167 DEBUG 21412 --- [    Test worker] org.hibernate.SQL                        : insert into "admin_users" ("created_at","email","name","password","remember_token","status","two_factor_confirmed_at","two_factor_recovery_codes","two_factor_secret","updated_at","id") values (?,?,?,?,?,?,?,?,?,?,default)
Hibernate: insert into "admin_users" ("created_at","email","name","password","remember_token","status","two_factor_confirmed_at","two_factor_recovery_codes","two_factor_secret","updated_at","id") values (?,?,?,?,?,?,?,?,?,?,default)
2026-09-04 19:18:14.167 DEBUG 21412 --- [    Test worker] org.hibernate.SQL                        : insert into "plans" ("created_at","currency_code","description","enabled","featured","features","interval","limits","monthly_price_cents","name","paddle_monthly_id","paddle_yearly_id","popular","price_cents","slug","sort_order","stripe_monthly_id","stripe_yearly_id","trial_days","updated_at","white_label_enabled","yearly_price_cents","id") values (?,?,?,?,?,?,?,?,?,?,?,?,?,?,?,?,?,?,?,?,?,?,default)
Hibernate: insert into "plans" ("created_at","currency_code","description","enabled","featured","features","interval","limits","monthly_price_cents","name","paddle_monthly_id","paddle_yearly_id","popular","price_cents","slug","sort_order","stripe_monthly_id","stripe_yearly_id","trial_days","updated_at","white_label_enabled","yearly_price_cents","id") values (?,?,?,?,?,?,?,?,?,?,?,?,?,?,?,?,?,?,?,?,?,?,default)
2026-09-04 19:18:14.170 DEBUG 21412 --- [    Test worker] org.hibernate.SQL                        : select wu1_0."id",wu1_0."created_at",wu1_0."role",wu1_0."updated_at",wu1_0."user_id",wu1_0."workspace_id" from "workspace_user" wu1_0 where wu1_0."workspace_id"=? and wu1_0."user_id"=?
Hibernate: select wu1_0."id",wu1_0."created_at",wu1_0."role",wu1_0."updated_at",wu1_0."user_id",wu1_0."workspace_id" from "workspace_user" wu1_0 where wu1_0."workspace_id"=? and wu1_0."user_id"=?
2026-09-04 19:18:14.174 DEBUG 21412 --- [    Test worker] org.hibernate.SQL                        : select u1_0."id",u1_0."avatar",u1_0."client_id",u1_0."client_role",u1_0."created_at",u1_0."display_currency",u1_0."email",u1_0."email_verified_at",u1_0."locale",u1_0."name",u1_0."password",u1_0."remember_token",u1_0."role",u1_0."status",u1_0."theme",u1_0."timezone",u1_0."two_factor_confirmed_at",u1_0."two_factor_recovery_codes",u1_0."two_factor_secret",u1_0."updated_at",u1_0."workspace_id" from "users" u1_0 where u1_0."email"=?
Hibernate: select u1_0."id",u1_0."avatar",u1_0."client_id",u1_0."client_role",u1_0."created_at",u1_0."display_currency",u1_0."email",u1_0."email_verified_at",u1_0."locale",u1_0."name",u1_0."password",u1_0."remember_token",u1_0."role",u1_0."status",u1_0."theme",u1_0."timezone",u1_0."two_factor_confirmed_at",u1_0."two_factor_recovery_codes",u1_0."two_factor_secret",u1_0."updated_at",u1_0."workspace_id" from "users" u1_0 where u1_0."email"=?
2026-09-04 19:18:14.174 DEBUG 21412 --- [    Test worker] org.hibernate.SQL                        : select p1_0."id",p1_0."created_at",p1_0."currency_code",p1_0."description",p1_0."enabled",p1_0."featured",p1_0."features",p1_0."interval",p1_0."limits",p1_0."monthly_price_cents",p1_0."name",p1_0."paddle_monthly_id",p1_0."paddle_yearly_id",p1_0."popular",p1_0."price_cents",p1_0."slug",p1_0."sort_order",p1_0."stripe_monthly_id",p1_0."stripe_yearly_id",p1_0."trial_days",p1_0."updated_at",p1_0."white_label_enabled",p1_0."yearly_price_cents" from "plans" p1_0 where p1_0."enabled" order by p1_0."sort_order"
Hibernate: select p1_0."id",p1_0."created_at",p1_0."currency_code",p1_0."description",p1_0."enabled",p1_0."featured",p1_0."features",p1_0."interval",p1_0."limits",p1_0."monthly_price_cents",p1_0."name",p1_0."paddle_monthly_id",p1_0."paddle_yearly_id",p1_0."popular",p1_0."price_cents",p1_0."slug",p1_0."sort_order",p1_0."stripe_monthly_id",p1_0."stripe_yearly_id",p1_0."trial_days",p1_0."updated_at",p1_0."white_label_enabled",p1_0."yearly_price_cents" from "plans" p1_0 where p1_0."enabled" order by p1_0."sort_order"
2026-09-04 19:18:14.177 DEBUG 21412 --- [    Test worker] org.hibernate.SQL                        : select pgc1_0."id",pgc1_0."created_at",pgc1_0."credentials",pgc1_0."enabled",pgc1_0."gateway",pgc1_0."test_mode",pgc1_0."updated_at" from "payment_gateway_configs" pgc1_0 where pgc1_0."gateway"=?
Hibernate: select pgc1_0."id",pgc1_0."created_at",pgc1_0."credentials",pgc1_0."enabled",pgc1_0."gateway",pgc1_0."test_mode",pgc1_0."updated_at" from "payment_gateway_configs" pgc1_0 where pgc1_0."gateway"=?
2026-09-04 19:18:14.177 DEBUG 21412 --- [    Test worker] org.hibernate.SQL                        : select pgc1_0."id",pgc1_0."created_at",pgc1_0."credentials",pgc1_0."enabled",pgc1_0."gateway",pgc1_0."test_mode",pgc1_0."updated_at" from "payment_gateway_configs" pgc1_0 where pgc1_0."gateway"=?
Hibernate: select pgc1_0."id",pgc1_0."created_at",pgc1_0."credentials",pgc1_0."enabled",pgc1_0."gateway",pgc1_0."test_mode",pgc1_0."updated_at" from "payment_gateway_configs" pgc1_0 where pgc1_0."gateway"=?
2026-09-04 19:18:14.181 DEBUG 21412 --- [    Test worker] org.hibernate.SQL                        : select pgc1_0."id",pgc1_0."created_at",pgc1_0."credentials",pgc1_0."enabled",pgc1_0."gateway",pgc1_0."test_mode",pgc1_0."updated_at" from "payment_gateway_configs" pgc1_0 where pgc1_0."gateway"=?
Hibernate: select pgc1_0."id",pgc1_0."created_at",pgc1_0."credentials",pgc1_0."enabled",pgc1_0."gateway",pgc1_0."test_mode",pgc1_0."updated_at" from "payment_gateway_configs" pgc1_0 where pgc1_0."gateway"=?
2026-09-04 19:18:14.181 DEBUG 21412 --- [    Test worker] org.hibernate.SQL                        : select pgc1_0."id",pgc1_0."created_at",pgc1_0."credentials",pgc1_0."enabled",pgc1_0."gateway",pgc1_0."test_mode",pgc1_0."updated_at" from "payment_gateway_configs" pgc1_0 where pgc1_0."gateway"=?
Hibernate: select pgc1_0."id",pgc1_0."created_at",pgc1_0."credentials",pgc1_0."enabled",pgc1_0."gateway",pgc1_0."test_mode",pgc1_0."updated_at" from "payment_gateway_configs" pgc1_0 where pgc1_0."gateway"=?
2026-09-04 19:18:14.181 DEBUG 21412 --- [    Test worker] org.hibernate.SQL                        : select pgc1_0."id",pgc1_0."created_at",pgc1_0."credentials",pgc1_0."enabled",pgc1_0."gateway",pgc1_0."test_mode",pgc1_0."updated_at" from "payment_gateway_configs" pgc1_0 where pgc1_0."gateway"=?
Hibernate: select pgc1_0."id",pgc1_0."created_at",pgc1_0."credentials",pgc1_0."enabled",pgc1_0."gateway",pgc1_0."test_mode",pgc1_0."updated_at" from "payment_gateway_configs" pgc1_0 where pgc1_0."gateway"=?
2026-09-04 19:18:14.181 DEBUG 21412 --- [    Test worker] org.hibernate.SQL                        : select pgc1_0."id",pgc1_0."created_at",pgc1_0."credentials",pgc1_0."enabled",pgc1_0."gateway",pgc1_0."test_mode",pgc1_0."updated_at" from "payment_gateway_configs" pgc1_0 where pgc1_0."gateway"=?
Hibernate: select pgc1_0."id",pgc1_0."created_at",pgc1_0."credentials",pgc1_0."enabled",pgc1_0."gateway",pgc1_0."test_mode",pgc1_0."updated_at" from "payment_gateway_configs" pgc1_0 where pgc1_0."gateway"=?
2026-09-04 19:18:14.185 DEBUG 21412 --- [    Test worker] org.hibernate.SQL                        : select pgc1_0."id",pgc1_0."created_at",pgc1_0."credentials",pgc1_0."enabled",pgc1_0."gateway",pgc1_0."test_mode",pgc1_0."updated_at" from "payment_gateway_configs" pgc1_0 where pgc1_0."gateway"=?
Hibernate: select pgc1_0."id",pgc1_0."created_at",pgc1_0."credentials",pgc1_0."enabled",pgc1_0."gateway",pgc1_0."test_mode",pgc1_0."updated_at" from "payment_gateway_configs" pgc1_0 where pgc1_0."gateway"=?
2026-09-04 19:18:14.185 DEBUG 21412 --- [    Test worker] org.hibernate.SQL                        : select pgc1_0."id",pgc1_0."created_at",pgc1_0."credentials",pgc1_0."enabled",pgc1_0."gateway",pgc1_0."test_mode",pgc1_0."updated_at" from "payment_gateway_configs" pgc1_0 where pgc1_0."gateway"=?
Hibernate: select pgc1_0."id",pgc1_0."created_at",pgc1_0."credentials",pgc1_0."enabled",pgc1_0."gateway",pgc1_0."test_mode",pgc1_0."updated_at" from "payment_gateway_configs" pgc1_0 where pgc1_0."gateway"=?
2026-09-04 19:18:14.187 DEBUG 21412 --- [    Test worker] org.hibernate.SQL                        : select pgc1_0."id",pgc1_0."created_at",pgc1_0."credentials",pgc1_0."enabled",pgc1_0."gateway",pgc1_0."test_mode",pgc1_0."updated_at" from "payment_gateway_configs" pgc1_0 where pgc1_0."gateway"=?
Hibernate: select pgc1_0."id",pgc1_0."created_at",pgc1_0."credentials",pgc1_0."enabled",pgc1_0."gateway",pgc1_0."test_mode",pgc1_0."updated_at" from "payment_gateway_configs" pgc1_0 where pgc1_0."gateway"=?
2026-09-04 19:18:14.187 DEBUG 21412 --- [    Test worker] org.hibernate.SQL                        : select pgc1_0."id",pgc1_0."created_at",pgc1_0."credentials",pgc1_0."enabled",pgc1_0."gateway",pgc1_0."test_mode",pgc1_0."updated_at" from "payment_gateway_configs" pgc1_0 where pgc1_0."gateway"=?
Hibernate: select pgc1_0."id",pgc1_0."created_at",pgc1_0."credentials",pgc1_0."enabled",pgc1_0."gateway",pgc1_0."test_mode",pgc1_0."updated_at" from "payment_gateway_configs" pgc1_0 where pgc1_0."gateway"=?
2026-09-04 19:18:14.189 DEBUG 21412 --- [    Test worker] org.hibernate.SQL                        : select pgc1_0."id",pgc1_0."created_at",pgc1_0."credentials",pgc1_0."enabled",pgc1_0."gateway",pgc1_0."test_mode",pgc1_0."updated_at" from "payment_gateway_configs" pgc1_0 where pgc1_0."gateway"=?
Hibernate: select pgc1_0."id",pgc1_0."created_at",pgc1_0."credentials",pgc1_0."enabled",pgc1_0."gateway",pgc1_0."test_mode",pgc1_0."updated_at" from "payment_gateway_configs" pgc1_0 where pgc1_0."gateway"=?
2026-09-04 19:18:14.190 DEBUG 21412 --- [    Test worker] org.hibernate.SQL                        : select pgc1_0."id",pgc1_0."created_at",pgc1_0."credentials",pgc1_0."enabled",pgc1_0."gateway",pgc1_0."test_mode",pgc1_0."updated_at" from "payment_gateway_configs" pgc1_0 where pgc1_0."gateway"=?
Hibernate: select pgc1_0."id",pgc1_0."created_at",pgc1_0."credentials",pgc1_0."enabled",pgc1_0."gateway",pgc1_0."test_mode",pgc1_0."updated_at" from "payment_gateway_configs" pgc1_0 where pgc1_0."gateway"=?
2026-09-04 19:18:14.190 DEBUG 21412 --- [    Test worker] org.hibernate.SQL                        : select pgc1_0."id",pgc1_0."created_at",pgc1_0."credentials",pgc1_0."enabled",pgc1_0."gateway",pgc1_0."test_mode",pgc1_0."updated_at" from "payment_gateway_configs" pgc1_0 where pgc1_0."gateway"=?
Hibernate: select pgc1_0."id",pgc1_0."created_at",pgc1_0."credentials",pgc1_0."enabled",pgc1_0."gateway",pgc1_0."test_mode",pgc1_0."updated_at" from "payment_gateway_configs" pgc1_0 where pgc1_0."gateway"=?
[...]
Hibernate: insert into "admin_users" ("created_at","email","name","password","remember_token","status","two_factor_confirmed_at","two_factor_recovery_codes","two_factor_secret","updated_at","id") values (?,?,?,?,?,?,?,?,?,?,default)
2026-09-04 19:18:14.874 DEBUG 21412 --- [    Test worker] org.hibernate.SQL                        : insert into "plans" ("created_at","currency_code","description","enabled","featured","features","interval","limits","monthly_price_cents","name","paddle_monthly_id","paddle_yearly_id","popular","price_cents","slug","sort_order","stripe_monthly_id","stripe_yearly_id","trial_days","updated_at","white_label_enabled","yearly_price_cents","id") values (?,?,?,?,?,?,?,?,?,?,?,?,?,?,?,?,?,?,?,?,?,?,default)
Hibernate: insert into "plans" ("created_at","currency_code","description","enabled","featured","features","interval","limits","monthly_price_cents","name","paddle_monthly_id","paddle_yearly_id","popular","price_cents","slug","sort_order","stripe_monthly_id","stripe_yearly_id","trial_days","updated_at","white_label_enabled","yearly_price_cents","id") values (?,?,?,?,?,?,?,?,?,?,?,?,?,?,?,?,?,?,?,?,?,?,default)
2026-09-04 19:18:14.877 DEBUG 21412 --- [    Test worker] org.hibernate.SQL                        : select c1_0."id",c1_0."amount",c1_0."applies_to_plan_ids",c1_0."code",c1_0."created_at",c1_0."duration",c1_0."duration_in_months",c1_0."enabled",c1_0."expires_at",c1_0."kind",c1_0."max_redemptions",c1_0."stripe_coupon_id",c1_0."times_redeemed",c1_0."updated_at" from "coupons" c1_0 order by c1_0."created_at" desc offset ? rows fetch first ? rows only
Hibernate: select c1_0."id",c1_0."amount",c1_0."applies_to_plan_ids",c1_0."code",c1_0."created_at",c1_0."duration",c1_0."duration_in_months",c1_0."enabled",c1_0."expires_at",c1_0."kind",c1_0."max_redemptions",c1_0."stripe_coupon_id",c1_0."times_redeemed",c1_0."updated_at" from "coupons" c1_0 order by c1_0."created_at" desc offset ? rows fetch first ? rows only
2026-09-04 19:18:14.885 DEBUG 21412 --- [    Test worker] org.hibernate.SQL                        : select c1_0."id" from "coupons" c1_0 where c1_0."code"=? fetch first ? rows only
Hibernate: select c1_0."id" from "coupons" c1_0 where c1_0."code"=? fetch first ? rows only
2026-09-04 19:18:14.885 DEBUG 21412 --- [    Test worker] org.hibernate.SQL                        : insert into "coupons" ("amount","applies_to_plan_ids","code","created_at","duration","duration_in_months","enabled","expires_at","kind","max_redemptions","stripe_coupon_id","times_redeemed","updated_at","id") values (?,?,?,?,?,?,?,?,?,?,?,?,?,default)
Hibernate: insert into "coupons" ("amount","applies_to_plan_ids","code","created_at","duration","duration_in_months","enabled","expires_at","kind","max_redemptions","stripe_coupon_id","times_redeemed","updated_at","id") values (?,?,?,?,?,?,?,?,?,?,?,?,?,default)
2026-09-04 19:18:14.890 DEBUG 21412 --- [    Test worker] org.hibernate.SQL                        : select c1_0."id",c1_0."amount",c1_0."applies_to_plan_ids",c1_0."code",c1_0."created_at",c1_0."duration",c1_0."duration_in_months",c1_0."enabled",c1_0."expires_at",c1_0."kind",c1_0."max_redemptions",c1_0."stripe_coupon_id",c1_0."times_redeemed",c1_0."updated_at" from "coupons" c1_0 where c1_0."code"=?
Hibernate: select c1_0."id",c1_0."amount",c1_0."applies_to_plan_ids",c1_0."code",c1_0."created_at",c1_0."duration",c1_0."duration_in_months",c1_0."enabled",c1_0."expires_at",c1_0."kind",c1_0."max_redemptions",c1_0."stripe_coupon_id",c1_0."times_redeemed",c1_0."updated_at" from "coupons" c1_0 where c1_0."code"=?
2026-09-04 19:18:14.890 DEBUG 21412 --- [    Test worker] org.hibernate.SQL                        : insert into "workspaces" ("client_id","created_at","currency_code","default_locale","name","owner_id","updated_at","id") values (?,?,?,?,?,?,?,default)
Hibernate: insert into "workspaces" ("client_id","created_at","currency_code","default_locale","name","owner_id","updated_at","id") values (?,?,?,?,?,?,?,default)
2026-09-04 19:18:15.140 DEBUG 21412 --- [   scheduling-1] org.hibernate.SQL                        : select j1_0."id",j1_0."attempts",j1_0."available_at",j1_0."created_at",j1_0."payload",j1_0."queue",j1_0."reserved_at" from "jobs" j1_0 where j1_0."available_at"<=? and (j1_0."reserved_at" is null or j1_0."reserved_at"<=?) order by j1_0."id" fetch first ? rows only
Hibernate: select j1_0."id",j1_0."attempts",j1_0."available_at",j1_0."created_at",j1_0."payload",j1_0."queue",j1_0."reserved_at" from "jobs" j1_0 where j1_0."available_at"<=? and (j1_0."reserved_at" is null or j1_0."reserved_at"<=?) order by j1_0."id" fetch first ? rows only
2026-09-04 19:18:15.217 DEBUG 21412 --- [    Test worker] org.hibernate.SQL                        : insert into "users" ("avatar","client_id","client_role","created_at","display_currency","email","email_verified_at","locale","name","password","remember_token","role","status","theme","timezone","two_factor_confirmed_at","two_factor_recovery_codes","two_factor_secret","updated_at","workspace_id","id") values (?,?,?,?,?,?,?,?,?,?,?,?,?,?,?,?,?,?,?,?,default)
Hibernate: insert into "users" ("avatar","client_id","client_role","created_at","display_currency","email","email_verified_at","locale","name","password","remember_token","role","status","theme","timezone","two_factor_confirmed_at","two_factor_recovery_codes","two_factor_secret","updated_at","workspace_id","id") values (?,?,?,?,?,?,?,?,?,?,?,?,?,?,?,?,?,?,?,?,default)
2026-09-04 19:18:15.557 DEBUG 21412 --- [   scheduling-1] org.hibernate.SQL                        : select j1_0."id",j1_0."attempts",j1_0."available_at",j1_0."created_at",j1_0."payload",j1_0."queue",j1_0."reserved_at" from "jobs" j1_0 where j1_0."available_at"<=? and (j1_0."reserved_at" is null or j1_0."reserved_at"<=?) order by j1_0."id" fetch first ? rows only
Hibernate: select j1_0."id",j1_0."attempts",j1_0."available_at",j1_0."created_at",j1_0."payload",j1_0."queue",j1_0."reserved_at" from "jobs" j1_0 where j1_0."available_at"<=? and (j1_0."reserved_at" is null or j1_0."reserved_at"<=?) order by j1_0."id" fetch first ? rows only
2026-09-04 19:18:15.567 DEBUG 21412 --- [    Test worker] org.hibernate.SQL                        : insert into "admin_users" ("created_at","email","name","password","remember_token","status","two_factor_confirmed_at","two_factor_recovery_codes","two_factor_secret","updated_at","id") values (?,?,?,?,?,?,?,?,?,?,default)
Hibernate: insert into "admin_users" ("created_at","email","name","password","remember_token","status","two_factor_confirmed_at","two_factor_recovery_codes","two_factor_secret","updated_at","id") values (?,?,?,?,?,?,?,?,?,?,default)
2026-09-04 19:18:15.567 DEBUG 21412 --- [    Test worker] org.hibernate.SQL                        : insert into "plans" ("created_at","currency_code","description","enabled","featured","features","interval","limits","monthly_price_cents","name","paddle_monthly_id","paddle_yearly_id","popular","price_cents","slug","sort_order","stripe_monthly_id","stripe_yearly_id","trial_days","updated_at","white_label_enabled","yearly_price_cents","id") values (?,?,?,?,?,?,?,?,?,?,?,?,?,?,?,?,?,?,?,?,?,?,default)
Hibernate: insert into "plans" ("created_at","currency_code","description","enabled","featured","features","interval","limits","monthly_price_cents","name","paddle_monthly_id","paddle_yearly_id","popular","price_cents","slug","sort_order","stripe_monthly_id","stripe_yearly_id","trial_days","updated_at","white_label_enabled","yearly_price_cents","id") values (?,?,?,?,?,?,?,?,?,?,?,?,?,?,?,?,?,?,?,?,?,?,default)
2026-09-04 19:18:15.567 DEBUG 21412 --- [    Test worker] org.hibernate.SQL                        : insert into "subscriptions" ("billing_cycle","created_at","ends_at","gateway","gateway_subscription_id","plan_id","renews_at","starts_at","status","trial_ends_at","updated_at","user_id","id") values (?,?,?,?,?,?,?,?,?,?,?,?,default)
Hibernate: insert into "subscriptions" ("billing_cycle","created_at","ends_at","gateway","gateway_subscription_id","plan_id","renews_at","starts_at","status","trial_ends_at","updated_at","user_id","id") values (?,?,?,?,?,?,?,?,?,?,?,?,default)
2026-09-04 19:18:15.570 DEBUG 21412 --- [    Test worker] org.hibernate.SQL                        : select wu1_0."id",wu1_0."created_at",wu1_0."role",wu1_0."updated_at",wu1_0."user_id",wu1_0."workspace_id" from "workspace_user" wu1_0 where wu1_0."workspace_id"=? and wu1_0."user_id"=?
Hibernate: select wu1_0."id",wu1_0."created_at",wu1_0."role",wu1_0."updated_at",wu1_0."user_id",wu1_0."workspace_id" from "workspace_user" wu1_0 where wu1_0."workspace_id"=? and wu1_0."user_id"=?
2026-09-04 19:18:15.573 DEBUG 21412 --- [    Test worker] org.hibernate.SQL                        : select u1_0."id",u1_0."avatar",u1_0."client_id",u1_0."client_role",u1_0."created_at",u1_0."display_currency",u1_0."email",u1_0."email_verified_at",u1_0."locale",u1_0."name",u1_0."password",u1_0."remember_token",u1_0."role",u1_0."status",u1_0."theme",u1_0."timezone",u1_0."two_factor_confirmed_at",u1_0."two_factor_recovery_codes",u1_0."two_factor_secret",u1_0."updated_at",u1_0."workspace_id" from "users" u1_0 where u1_0."email"=?
Hibernate: select u1_0."id",u1_0."avatar",u1_0."client_id",u1_0."client_role",u1_0."created_at",u1_0."display_currency",u1_0."email",u1_0."email_verified_at",u1_0."locale",u1_0."name",u1_0."password",u1_0."remember_token",u1_0."role",u1_0."status",u1_0."theme",u1_0."timezone",u1_0."two_factor_confirmed_at",u1_0."two_factor_recovery_codes",u1_0."two_factor_secret",u1_0."updated_at",u1_0."workspace_id" from "users" u1_0 where u1_0."email"=?
2026-09-04 19:18:15.573 DEBUG 21412 --- [    Test worker] org.hibernate.SQL                        : select s1_0."id",s1_0."billing_cycle",s1_0."created_at",s1_0."ends_at",s1_0."gateway",s1_0."gateway_subscription_id",s1_0."plan_id",s1_0."renews_at",s1_0."starts_at",s1_0."status",s1_0."trial_ends_at",s1_0."updated_at",s1_0."user_id" from "subscriptions" s1_0 where s1_0."user_id"=? and s1_0."status" in (?,?)
Hibernate: select s1_0."id",s1_0."billing_cycle",s1_0."created_at",s1_0."ends_at",s1_0."gateway",s1_0."gateway_subscription_id",s1_0."plan_id",s1_0."renews_at",s1_0."starts_at",s1_0."status",s1_0."trial_ends_at",s1_0."updated_at",s1_0."user_id" from "subscriptions" s1_0 where s1_0."user_id"=? and s1_0."status" in (?,?)
2026-09-04 19:18:15.577 DEBUG 21412 --- [    Test worker] org.hibernate.SQL                        : select p1_0."id",p1_0."created_at",p1_0."currency_code",p1_0."description",p1_0."enabled",p1_0."featured",p1_0."features",p1_0."interval",p1_0."limits",p1_0."monthly_price_cents",p1_0."name",p1_0."paddle_monthly_id",p1_0."paddle_yearly_id",p1_0."popular",p1_0."price_cents",p1_0."slug",p1_0."sort_order",p1_0."stripe_monthly_id",p1_0."stripe_yearly_id",p1_0."trial_days",p1_0."updated_at",p1_0."white_label_enabled",p1_0."yearly_price_cents" from "plans" p1_0 where p1_0."enabled" order by p1_0."sort_order"
Hibernate: select p1_0."id",p1_0."created_at",p1_0."currency_code",p1_0."description",p1_0."enabled",p1_0."featured",p1_0."features",p1_0."interval",p1_0."limits",p1_0."monthly_price_cents",p1_0."name",p1_0."paddle_monthly_id",p1_0."paddle_yearly_id",p1_0."popular",p1_0."price_cents",p1_0."slug",p1_0."sort_order",p1_0."stripe_monthly_id",p1_0."stripe_yearly_id",p1_0."trial_days",p1_0."updated_at",p1_0."white_label_enabled",p1_0."yearly_price_cents" from "plans" p1_0 where p1_0."enabled" order by p1_0."sort_order"
2026-09-04 19:18:15.577 DEBUG 21412 --- [    Test worker] org.hibernate.SQL                        : select pt1_0."id",pt1_0."amount_cents",pt1_0."coupon_id",pt1_0."created_at",pt1_0."currency",pt1_0."currency_code",pt1_0."gateway",pt1_0."gateway_transaction_id",pt1_0."invoice_path",pt1_0."payload",pt1_0."refund_reason",pt1_0."refunded_at",pt1_0."refunded_cents",pt1_0."status",pt1_0."subscription_id",pt1_0."tax_amount_cents",pt1_0."updated_at",pt1_0."user_id" from "payment_transactions" pt1_0 where pt1_0."user_id"=? order by pt1_0."created_at" desc
Hibernate: select pt1_0."id",pt1_0."amount_cents",pt1_0."coupon_id",pt1_0."created_at",pt1_0."currency",pt1_0."currency_code",pt1_0."gateway",pt1_0."gateway_transaction_id",pt1_0."invoice_path",pt1_0."payload",pt1_0."refund_reason",pt1_0."refunded_at",pt1_0."refunded_cents",pt1_0."status",pt1_0."subscription_id",pt1_0."tax_amount_cents",pt1_0."updated_at",pt1_0."user_id" from "payment_transactions" pt1_0 where pt1_0."user_id"=? order by pt1_0."created_at" desc
2026-09-04 19:18:15.587 DEBUG 21412 --- [    Test worker] org.hibernate.SQL                        : insert into "workspaces" ("client_id","created_at","currency_code","default_locale","name","owner_id","updated_at","id") values (?,?,?,?,?,?,?,default)
Hibernate: insert into "workspaces" ("client_id","created_at","currency_code","default_locale","name","owner_id","updated_at","id") values (?,?,?,?,?,?,?,default)
2026-09-04 19:18:15.839 DEBUG 21412 --- [   scheduling-1] org.hibernate.SQL                        : select j1_0."id",j1_0."attempts",j1_0."available_at",j1_0."created_at",j1_0."payload",j1_0."queue",j1_0."reserved_at" from "jobs" j1_0 where j1_0."available_at"<=? and (j1_0."reserved_at" is null or j1_0."reserved_at"<=?) order by j1_0."id" fetch first ? rows only
Hibernate: select j1_0."id",j1_0."attempts",j1_0."available_at",j1_0."created_at",j1_0."payload",j1_0."queue",j1_0."reserved_at" from "jobs" j1_0 where j1_0."available_at"<=? and (j1_0."reserved_at" is null or j1_0."reserved_at"<=?) order by j1_0."id" fetch first ? rows only
2026-09-04 19:18:15.880 DEBUG 21412 --- [    Test worker] org.hibernate.SQL                        : insert into "users" ("avatar","client_id","client_role","created_at","display_currency","email","email_verified_at","locale","name","password","remember_token","role","status","theme","timezone","two_factor_confirmed_at","two_factor_recovery_codes","two_factor_secret","updated_at","workspace_id","id") values (?,?,?,?,?,?,?,?,?,?,?,?,?,?,?,?,?,?,?,?,default)
Hibernate: insert into "users" ("avatar","client_id","client_role","created_at","display_currency","email","email_verified_at","locale","name","password","remember_token","role","status","theme","timezone","two_factor_confirmed_at","two_factor_recovery_codes","two_factor_secret","updated_at","workspace_id","id") values (?,?,?,?,?,?,?,?,?,?,?,?,?,?,?,?,?,?,?,?,default)
2026-09-04 19:18:16.156 DEBUG 21412 --- [   scheduling-1] org.hibernate.SQL                        : select j1_0."id",j1_0."attempts",j1_0."available_at",j1_0."created_at",j1_0."payload",j1_0."queue",j1_0."reserved_at" from "jobs" j1_0 where j1_0."available_at"<=? and (j1_0."reserved_at" is null or j1_0."reserved_at"<=?) order by j1_0."id" fetch first ? rows only
Hibernate: select j1_0."id",j1_0."attempts",j1_0."available_at",j1_0."created_at",j1_0."payload",j1_0."queue",j1_0."reserved_at" from "jobs" j1_0 where j1_0."available_at"<=? and (j1_0."reserved_at" is null or j1_0."reserved_at"<=?) order by j1_0."id" fetch first ? rows only
2026-09-04 19:18:16.215 DEBUG 21412 --- [    Test worker] org.hibernate.SQL                        : insert into "admin_users" ("created_at","email","name","password","remember_token","status","two_factor_confirmed_at","two_factor_recovery_codes","two_factor_secret","updated_at","id") values (?,?,?,?,?,?,?,?,?,?,default)
Hibernate: insert into "admin_users" ("created_at","email","name","password","remember_token","status","two_factor_confirmed_at","two_factor_recovery_codes","two_factor_secret","updated_at","id") values (?,?,?,?,?,?,?,?,?,?,default)
2026-09-04 19:18:16.215 DEBUG 21412 --- [    Test worker] org.hibernate.SQL                        : insert into "plans" ("created_at","currency_code","description","enabled","featured","features","interval","limits","monthly_price_cents","name","paddle_monthly_id","paddle_yearly_id","popular","price_cents","slug","sort_order","stripe_monthly_id","stripe_yearly_id","trial_days","updated_at","white_label_enabled","yearly_price_cents","id") values (?,?,?,?,?,?,?,?,?,?,?,?,?,?,?,?,?,?,?,?,?,?,default)
Hibernate: insert into "plans" ("created_at","currency_code","description","enabled","featured","features","interval","limits","monthly_price_cents","name","paddle_monthly_id","paddle_yearly_id","popular","price_cents","slug","sort_order","stripe_monthly_id","stripe_yearly_id","trial_days","updated_at","white_label_enabled","yearly_price_cents","id") values (?,?,?,?,?,?,?,?,?,?,?,?,?,?,?,?,?,?,?,?,?,?,default)
2026-09-04 19:18:16.215 DEBUG 21412 --- [    Test worker] org.hibernate.SQL                        : insert into "payment_transactions" ("amount_cents","coupon_id","created_at","currency","currency_code","gateway","gateway_transaction_id","invoice_path","payload","refund_reason","refunded_at","refunded_cents","status","subscription_id","tax_amount_cents","updated_at","user_id","id") values (?,?,?,?,?,?,?,?,?,?,?,?,?,?,?,?,?,default)
Hibernate: insert into "payment_transactions" ("amount_cents","coupon_id","created_at","currency","currency_code","gateway","gateway_transaction_id","invoice_path","payload","refund_reason","refunded_at","refunded_cents","status","subscription_id","tax_amount_cents","updated_at","user_id","id") values (?,?,?,?,?,?,?,?,?,?,?,?,?,?,?,?,?,default)
2026-09-04 19:18:16.220 DEBUG 21412 --- [    Test worker] org.hibernate.SQL                        : select wu1_0."id",wu1_0."created_at",wu1_0."role",wu1_0."updated_at",wu1_0."user_id",wu1_0."workspace_id" from "workspace_user" wu1_0 where wu1_0."workspace_id"=? and wu1_0."user_id"=?
Hibernate: select wu1_0."id",wu1_0."created_at",wu1_0."role",wu1_0."updated_at",wu1_0."user_id",wu1_0."workspace_id" from "workspace_user" wu1_0 where wu1_0."workspace_id"=? and wu1_0."user_id"=?
2026-09-04 19:18:16.225 DEBUG 21412 --- [    Test worker] org.hibernate.SQL                        : select u1_0."id",u1_0."avatar",u1_0."client_id",u1_0."client_role",u1_0."created_at",u1_0."display_currency",u1_0."email",u1_0."email_verified_at",u1_0."locale",u1_0."name",u1_0."password",u1_0."remember_token",u1_0."role",u1_0."status",u1_0."theme",u1_0."timezone",u1_0."two_factor_confirmed_at",u1_0."two_factor_recovery_codes",u1_0."two_factor_secret",u1_0."updated_at",u1_0."workspace_id" from "users" u1_0 where u1_0."email"=?
Hibernate: select u1_0."id",u1_0."avatar",u1_0."client_id",u1_0."client_role",u1_0."created_at",u1_0."display_currency",u1_0."email",u1_0."email_verified_at",u1_0."locale",u1_0."name",u1_0."password",u1_0."remember_token",u1_0."role",u1_0."status",u1_0."theme",u1_0."timezone",u1_0."two_factor_confirmed_at",u1_0."two_factor_recovery_codes",u1_0."two_factor_secret",u1_0."updated_at",u1_0."workspace_id" from "users" u1_0 where u1_0."email"=?
2026-09-04 19:18:16.230 DEBUG 21412 --- [    Test worker] org.hibernate.SQL                        : select pt1_0."id",pt1_0."amount_cents",pt1_0."coupon_id",pt1_0."created_at",pt1_0."currency",pt1_0."currency_code",pt1_0."gateway",pt1_0."gateway_transaction_id",pt1_0."invoice_path",pt1_0."payload",pt1_0."refund_reason",pt1_0."refunded_at",pt1_0."refunded_cents",pt1_0."status",pt1_0."subscription_id",pt1_0."tax_amount_cents",pt1_0."updated_at",pt1_0."user_id" from "payment_transactions" pt1_0 where pt1_0."user_id"=? order by pt1_0."created_at" desc fetch first ? rows only
Hibernate: select pt1_0."id",pt1_0."amount_cents",pt1_0."coupon_id",pt1_0."created_at",pt1_0."currency",pt1_0."currency_code",pt1_0."gateway",pt1_0."gateway_transaction_id",pt1_0."invoice_path",pt1_0."payload",pt1_0."refund_reason",pt1_0."refunded_at",pt1_0."refunded_cents",pt1_0."status",pt1_0."subscription_id",pt1_0."tax_amount_cents",pt1_0."updated_at",pt1_0."user_id" from "payment_transactions" pt1_0 where pt1_0."user_id"=? order by pt1_0."created_at" desc fetch first ? rows only
]]></system-out>
  <system-err><![CDATA[]]></system-err>
</testsuite>
